[ 2018-09-28T09:18:54+08:00 ] ::1 /Public/html/css/bootstrap.min.css.map
ERR: 无法加载控制器:Html

[ 2018-09-28T09:18:54+08:00 ] ::1 /Public/html/css/bootstrap.min.css.map
ERR: 无法加载控制器:Html

[ 2018-09-28T09:19:36+08:00 ] ::1 /Public/html/css/bootstrap.min.css.map
ERR: 无法加载控制器:Html

[ 2018-09-28T09:21:02+08:00 ] ::1 /Public/html/css/bootstrap.min.css.map
ERR: 无法加载控制器:Html

[ 2018-09-28T09:21:37+08:00 ] ::1 /Public/html/css/bootstrap.min.css.map
ERR: 无法加载控制器:Html

[ 2018-09-28T09:23:53+08:00 ] ::1 /Public/html/css/bootstrap.min.css.map
ERR: 无法加载控制器:Html

[ 2018-09-28T09:26:51+08:00 ] ::1 /Public/html/css/bootstrap.min.css.map
ERR: 无法加载控制器:Html

[ 2018-09-28T09:27:00+08:00 ] ::1 /Public/html/css/bootstrap.min.css.map
ERR: 无法加载控制器:Html

[ 2018-09-28T09:27:01+08:00 ] ::1 /Public/html/css/bootstrap.min.css.map
ERR: 无法加载控制器:Html

[ 2018-09-28T09:27:54+08:00 ] ::1 /Public/html/css/bootstrap.min.css.map
ERR: 无法加载控制器:Html

[ 2018-09-28T09:28:00+08:00 ] ::1 /Public/html/css/bootstrap.min.css.map
ERR: 无法加载控制器:Html

[ 2018-09-28T09:28:05+08:00 ] ::1 /Public/html/css/bootstrap.min.css.map
ERR: 无法加载控制器:Html

[ 2018-09-28T09:28:19+08:00 ] ::1 /Public/html/css/bootstrap.min.css.map
ERR: 无法加载控制器:Html

[ 2018-09-28T09:28:41+08:00 ] ::1 /Public/html/css/bootstrap.min.css.map
ERR: 无法加载控制器:Html

[ 2018-09-28T09:28:54+08:00 ] ::1 /Public/html/css/bootstrap.min.css.map
ERR: 无法加载控制器:Html

[ 2018-09-28T09:29:17+08:00 ] ::1 /Public/html/css/bootstrap.min.css.map
ERR: 无法加载控制器:Html

[ 2018-09-28T09:31:08+08:00 ] ::1 /Public/html/css/bootstrap.min.css.map
ERR: 无法加载控制器:Html

[ 2018-09-28T09:31:13+08:00 ] ::1 /Public/html/css/bootstrap.min.css.map
ERR: 无法加载控制器:Html

[ 2018-09-28T09:31:40+08:00 ] ::1 /Public/html/css/bootstrap.min.css.map
ERR: 无法加载控制器:Html

[ 2018-09-28T09:36:17+08:00 ] ::1 /Public/html/css/bootstrap.min.css.map
ERR: 无法加载控制器:Html

[ 2018-09-28T09:36:37+08:00 ] ::1 /Public/html/css/bootstrap.min.css.map
ERR: 无法加载控制器:Html

[ 2018-09-28T09:36:50+08:00 ] ::1 /Public/html/css/bootstrap.min.css.map
ERR: 无法加载控制器:Html

[ 2018-09-28T09:37:05+08:00 ] ::1 /Public/html/css/bootstrap.min.css.map
ERR: 无法加载控制器:Html

[ 2018-09-28T09:38:02+08:00 ] ::1 /Public/html/css/bootstrap.min.css.map
ERR: 无法加载控制器:Html

[ 2018-09-28T09:38:50+08:00 ] ::1 /Public/html/css/bootstrap.min.css.map
ERR: 无法加载控制器:Html

[ 2018-09-28T09:39:35+08:00 ] ::1 /Public/html/css/bootstrap.min.css.map
ERR: 无法加载控制器:Html

[ 2018-09-28T09:42:56+08:00 ] ::1 /Public/html/css/bootstrap.min.css.map
ERR: 无法加载控制器:Html

[ 2018-09-28T09:43:12+08:00 ] ::1 /Public/html/css/bootstrap.min.css.map
ERR: 无法加载控制器:Html

[ 2018-09-28T09:43:49+08:00 ] ::1 /Public/html/css/bootstrap.min.css.map
ERR: 无法加载控制器:Html

[ 2018-09-28T09:49:04+08:00 ] ::1 /Public/html/css/bootstrap.min.css.map
ERR: 无法加载控制器:Html

[ 2018-09-28T09:54:40+08:00 ] ::1 /Public/html/css/bootstrap.min.css.map
ERR: 无法加载控制器:Html

[ 2018-09-28T09:54:57+08:00 ] ::1 /Public/html/css/bootstrap.min.css.map
ERR: 无法加载控制器:Html

[ 2018-09-28T09:55:21+08:00 ] ::1 /Public/html/css/bootstrap.min.css.map
ERR: 无法加载控制器:Html

[ 2018-09-28T09:55:47+08:00 ] ::1 /Public/html/css/bootstrap.min.css.map
ERR: 无法加载控制器:Html

[ 2018-09-28T09:56:53+08:00 ] ::1 /Public/html/css/bootstrap.min.css.map
ERR: 无法加载控制器:Html

[ 2018-09-28T09:58:00+08:00 ] ::1 /Public/html/css/bootstrap.min.css.map
ERR: 无法加载控制器:Html

[ 2018-09-28T09:58:29+08:00 ] ::1 /Public/html/css/bootstrap.min.css.map
ERR: 无法加载控制器:Html

[ 2018-09-28T09:59:26+08:00 ] ::1 /Public/html/css/bootstrap.min.css.map
ERR: 无法加载控制器:Html

[ 2018-09-28T10:00:11+08:00 ] ::1 /Public/html/css/bootstrap.min.css.map
ERR: 无法加载控制器:Html

[ 2018-09-28T10:01:40+08:00 ] ::1 /Public/html/css/bootstrap.min.css.map
ERR: 无法加载控制器:Html

[ 2018-09-28T10:02:43+08:00 ] ::1 /Public/html/css/bootstrap.min.css.map
ERR: 无法加载控制器:Html

[ 2018-09-28T10:10:01+08:00 ] ::1 /Public/html/css/bootstrap.min.css.map
ERR: 无法加载控制器:Html

[ 2018-09-28T10:10:05+08:00 ] ::1 /Public/html/css/bootstrap.min.css.map
ERR: 无法加载控制器:Html

[ 2018-09-28T10:10:35+08:00 ] ::1 /Public/html/css/bootstrap.min.css.map
ERR: 无法加载控制器:Html

[ 2018-09-28T10:10:58+08:00 ] ::1 /Public/html/css/bootstrap.min.css.map
ERR: 无法加载控制器:Html

[ 2018-09-28T10:11:50+08:00 ] ::1 /Public/html/css/bootstrap.min.css.map
ERR: 无法加载控制器:Html

[ 2018-09-28T10:12:04+08:00 ] ::1 /Public/html/css/bootstrap.min.css.map
ERR: 无法加载控制器:Html

[ 2018-09-28T10:16:24+08:00 ] ::1 /Public/html/css/bootstrap.min.css.map
ERR: 无法加载控制器:Html

[ 2018-09-28T10:20:16+08:00 ] ::1 /Public/html/css/bootstrap.min.css.map
ERR: 无法加载控制器:Html

[ 2018-09-28T10:21:06+08:00 ] ::1 /Public/html/css/bootstrap.min.css.map
ERR: 无法加载控制器:Html

[ 2018-09-28T10:22:13+08:00 ] ::1 /Public/html/css/bootstrap.min.css.map
ERR: 无法加载控制器:Html

[ 2018-09-28T10:31:14+08:00 ] ::1 /Public/html/css/bootstrap.min.css.map
ERR: 无法加载控制器:Html

[ 2018-09-28T10:31:15+08:00 ] ::1 /Public/html/css/bootstrap.min.css.map
ERR: 无法加载控制器:Html

[ 2018-09-28T10:42:24+08:00 ] ::1 /Public/html/css/bootstrap.min.css.map
ERR: 无法加载控制器:Html

[ 2018-09-28T10:53:22+08:00 ] ::1 /Public/html/css/bootstrap.min.css.map
ERR: 无法加载控制器:Html

[ 2018-09-28T10:56:53+08:00 ] ::1 /Public/html/css/bootstrap.min.css.map
ERR: 无法加载控制器:Html

[ 2018-09-28T10:57:16+08:00 ] ::1 /Public/html/css/bootstrap.min.css.map
ERR: 无法加载控制器:Html

[ 2018-09-28T10:57:25+08:00 ] ::1 /Public/Upload/PDF/%E9%87%87%E8%B4%AD%E5%90%88%E5%90%8C.pdf
ERR: 无法加载控制器:Upload

[ 2018-09-28T10:58:04+08:00 ] ::1 /Public/Upload/PDF/%E9%87%87%E8%B4%AD%E5%90%88%E5%90%8C.pdf
ERR: 无法加载控制器:Upload

[ 2018-09-28T11:27:25+08:00 ] ::1 /Public/html/css/bootstrap.min.css.map
ERR: 无法加载控制器:Html

[ 2018-09-28T11:27:51+08:00 ] ::1 /Public/html/css/bootstrap.min.css.map
ERR: 无法加载控制器:Html

[ 2018-09-28T11:28:29+08:00 ] ::1 /Public/html/css/bootstrap.min.css.map
ERR: 无法加载控制器:Html

[ 2018-09-28T11:28:34+08:00 ] ::1 /Public/html/css/bootstrap.min.css.map
ERR: 无法加载控制器:Html

[ 2018-09-28T11:28:35+08:00 ] ::1 /Public/html/css/bootstrap.min.css.map
ERR: 无法加载控制器:Html

[ 2018-09-28T11:33:16+08:00 ] ::1 /Public/html/css/bootstrap.min.css.map
ERR: 无法加载控制器:Html

[ 2018-09-28T11:33:18+08:00 ] ::1 /Public/html/css/bootstrap.min.css.map
ERR: 无法加载控制器:Html

[ 2018-09-28T11:33:20+08:00 ] ::1 /Public/html/css/bootstrap.min.css.map
ERR: 无法加载控制器:Html

[ 2018-09-28T11:33:23+08:00 ] ::1 /Public/html/css/bootstrap.min.css.map
ERR: 无法加载控制器:Html

[ 2018-09-28T11:33:28+08:00 ] ::1 /Public/html/css/bootstrap.min.css.map
ERR: 无法加载控制器:Html

[ 2018-09-28T11:33:30+08:00 ] ::1 /Public/html/css/bootstrap.min.css.map
ERR: 无法加载控制器:Html

[ 2018-09-28T11:33:31+08:00 ] ::1 /Public/html/css/bootstrap.min.css.map
ERR: 无法加载控制器:Html

[ 2018-09-28T11:33:41+08:00 ] ::1 /Public/html/css/bootstrap.min.css.map
ERR: 无法加载控制器:Html

[ 2018-09-28T11:33:43+08:00 ] ::1 /Public/html/css/bootstrap.min.css.map
ERR: 无法加载控制器:Html

[ 2018-09-28T11:33:45+08:00 ] ::1 /Public/html/css/bootstrap.min.css.map
ERR: 无法加载控制器:Html

[ 2018-09-28T11:34:11+08:00 ] ::1 /Public/html/css/bootstrap.min.css.map
ERR: 无法加载控制器:Html

[ 2018-09-28T11:34:14+08:00 ] ::1 /Public/html/css/bootstrap.min.css.map
ERR: 无法加载控制器:Html

[ 2018-09-28T11:37:35+08:00 ] ::1 /Public/html/css/bootstrap.min.css.map
ERR: 无法加载控制器:Html

[ 2018-09-28T11:38:34+08:00 ] ::1 /Public/html/css/bootstrap.min.css.map
ERR: 无法加载控制器:Html

[ 2018-09-28T11:43:30+08:00 ] ::1 /Public/html/css/bootstrap.min.css.map
ERR: 无法加载控制器:Html

[ 2018-09-28T11:44:00+08:00 ] ::1 /Public/html/css/bootstrap.min.css.map
ERR: 无法加载控制器:Html

[ 2018-09-28T11:44:05+08:00 ] ::1 /Public/html/css/bootstrap.min.css.map
ERR: 无法加载控制器:Html

[ 2018-09-28T11:44:27+08:00 ] ::1 /Public/html/css/bootstrap.min.css.map
ERR: 无法加载控制器:Html

[ 2018-09-28T11:45:39+08:00 ] ::1 /Public/html/css/bootstrap.min.css.map
ERR: 无法加载控制器:Html

[ 2018-09-28T11:46:06+08:00 ] ::1 /Public/html/css/bootstrap.min.css.map
ERR: 无法加载控制器:Html

[ 2018-09-28T11:46:33+08:00 ] ::1 /Public/html/css/bootstrap.min.css.map
ERR: 无法加载控制器:Html

[ 2018-09-28T11:47:05+08:00 ] ::1 /Public/html/css/bootstrap.min.css.map
ERR: 无法加载控制器:Html

[ 2018-09-28T11:47:19+08:00 ] ::1 /Public/html/css/bootstrap.min.css.map
ERR: 无法加载控制器:Html

[ 2018-09-28T11:47:37+08:00 ] ::1 /Public/html/css/bootstrap.min.css.map
ERR: 无法加载控制器:Html

[ 2018-09-28T11:47:50+08:00 ] ::1 /Public/html/css/bootstrap.min.css.map
ERR: 无法加载控制器:Html

[ 2018-09-28T11:48:13+08:00 ] ::1 /Public/html/css/bootstrap.min.css.map
ERR: 无法加载控制器:Html

[ 2018-09-28T11:48:14+08:00 ] ::1 /Public/html/css/bootstrap.min.css.map
ERR: 无法加载控制器:Html

[ 2018-09-28T11:49:12+08:00 ] ::1 /Public/html/css/bootstrap.min.css.map
ERR: 无法加载控制器:Html

[ 2018-09-28T11:50:08+08:00 ] ::1 /Public/html/css/bootstrap.min.css.map
ERR: 无法加载控制器:Html

[ 2018-09-28T11:50:23+08:00 ] ::1 /Public/html/css/bootstrap.min.css.map
ERR: 无法加载控制器:Html

[ 2018-09-28T11:52:19+08:00 ] ::1 /Public/html/css/bootstrap.min.css.map
ERR: 无法加载控制器:Html

[ 2018-09-28T11:53:06+08:00 ] ::1 /Public/html/css/bootstrap.min.css.map
ERR: 无法加载控制器:Html

[ 2018-09-28T11:54:27+08:00 ] ::1 /Public/html/css/bootstrap.min.css.map
ERR: 无法加载控制器:Html

[ 2018-09-28T11:54:36+08:00 ] ::1 /Public/html/css/bootstrap.min.css.map
ERR: 无法加载控制器:Html

[ 2018-09-28T11:55:22+08:00 ] ::1 /Public/html/css/bootstrap.min.css.map
ERR: 无法加载控制器:Html

[ 2018-09-28T11:55:58+08:00 ] ::1 /Public/html/css/bootstrap.min.css.map
ERR: 无法加载控制器:Html

[ 2018-09-28T11:56:31+08:00 ] ::1 /Public/html/css/bootstrap.min.css.map
ERR: 无法加载控制器:Html

[ 2018-09-28T11:57:05+08:00 ] ::1 /Public/html/css/bootstrap.min.css.map
ERR: 无法加载控制器:Html

[ 2018-09-28T11:57:12+08:00 ] ::1 /Public/html/css/bootstrap.min.css.map
ERR: 无法加载控制器:Html

[ 2018-09-28T11:58:33+08:00 ] ::1 /Public/html/css/bootstrap.min.css.map
ERR: 无法加载控制器:Html

[ 2018-09-28T12:00:06+08:00 ] ::1 /Public/html/css/bootstrap.min.css.map
ERR: 无法加载控制器:Html

[ 2018-09-28T12:00:06+08:00 ] ::1 /Public/html/css/bootstrap.min.css.map
ERR: 无法加载控制器:Html

[ 2018-09-28T12:00:06+08:00 ] ::1 /Public/html/css/bootstrap.min.css.map
ERR: 无法加载控制器:Html

[ 2018-09-28T12:00:06+08:00 ] ::1 /Public/html/css/bootstrap.min.css.map
ERR: 无法加载控制器:Html

[ 2018-09-28T12:00:06+08:00 ] ::1 /Public/html/css/bootstrap.min.css.map
ERR: 无法加载控制器:Html

[ 2018-09-28T12:00:06+08:00 ] ::1 /Public/html/css/bootstrap.min.css.map
ERR: 无法加载控制器:Html

[ 2018-09-28T12:00:06+08:00 ] ::1 /Public/html/css/bootstrap.min.css.map
ERR: 无法加载控制器:Html

[ 2018-09-28T12:00:06+08:00 ] ::1 /Public/html/css/bootstrap.min.css.map
ERR: 无法加载控制器:Html

[ 2018-09-28T12:00:06+08:00 ] ::1 /Public/html/css/bootstrap.min.css.map
ERR: 无法加载控制器:Html

[ 2018-09-28T12:00:06+08:00 ] ::1 /Public/html/css/bootstrap.min.css.map
ERR: 无法加载控制器:Html

[ 2018-09-28T12:00:07+08:00 ] ::1 /Public/html/css/bootstrap.min.css.map
ERR: 无法加载控制器:Html

[ 2018-09-28T12:00:07+08:00 ] ::1 /Public/html/css/bootstrap.min.css.map
ERR: 无法加载控制器:Html

[ 2018-09-28T12:00:07+08:00 ] ::1 /Public/html/css/bootstrap.min.css.map
ERR: 无法加载控制器:Html

[ 2018-09-28T12:00:07+08:00 ] ::1 /Public/html/css/bootstrap.min.css.map
ERR: 无法加载控制器:Html

[ 2018-09-28T12:00:07+08:00 ] ::1 /Public/html/css/bootstrap.min.css.map
ERR: 无法加载控制器:Html

[ 2018-09-28T12:00:07+08:00 ] ::1 /Public/html/css/bootstrap.min.css.map
ERR: 无法加载控制器:Html

[ 2018-09-28T12:00:07+08:00 ] ::1 /Public/html/css/bootstrap.min.css.map
ERR: 无法加载控制器:Html

[ 2018-09-28T12:00:07+08:00 ] ::1 /Public/html/css/bootstrap.min.css.map
ERR: 无法加载控制器:Html

[ 2018-09-28T12:00:07+08:00 ] ::1 /Public/html/css/bootstrap.min.css.map
ERR: 无法加载控制器:Html

[ 2018-09-28T12:00:07+08:00 ] ::1 /Public/html/css/bootstrap.min.css.map
ERR: 无法加载控制器:Html

[ 2018-09-28T12:00:07+08:00 ] ::1 /Public/html/css/bootstrap.min.css.map
ERR: 无法加载控制器:Html

[ 2018-09-28T12:00:07+08:00 ] ::1 /Public/html/css/bootstrap.min.css.map
ERR: 无法加载控制器:Html

[ 2018-09-28T12:00:07+08:00 ] ::1 /Public/html/css/bootstrap.min.css.map
ERR: 无法加载控制器:Html

[ 2018-09-28T12:00:08+08:00 ] ::1 /Public/html/css/bootstrap.min.css.map
ERR: 无法加载控制器:Html

[ 2018-09-28T12:00:08+08:00 ] ::1 /Public/html/css/bootstrap.min.css.map
ERR: 无法加载控制器:Html

[ 2018-09-28T12:00:08+08:00 ] ::1 /Public/html/css/bootstrap.min.css.map
ERR: 无法加载控制器:Html

[ 2018-09-28T12:00:08+08:00 ] ::1 /Public/html/css/bootstrap.min.css.map
ERR: 无法加载控制器:Html

[ 2018-09-28T12:00:08+08:00 ] ::1 /Public/html/css/bootstrap.min.css.map
ERR: 无法加载控制器:Html

[ 2018-09-28T12:00:08+08:00 ] ::1 /Public/html/css/bootstrap.min.css.map
ERR: 无法加载控制器:Html

[ 2018-09-28T12:00:08+08:00 ] ::1 /Public/html/css/bootstrap.min.css.map
ERR: 无法加载控制器:Html

[ 2018-09-28T12:00:08+08:00 ] ::1 /Public/html/css/bootstrap.min.css.map
ERR: 无法加载控制器:Html

[ 2018-09-28T12:00:08+08:00 ] ::1 /Public/html/css/bootstrap.min.css.map
ERR: 无法加载控制器:Html

[ 2018-09-28T12:00:08+08:00 ] ::1 /Public/html/css/bootstrap.min.css.map
ERR: 无法加载控制器:Html

[ 2018-09-28T12:00:08+08:00 ] ::1 /Public/html/css/bootstrap.min.css.map
ERR: 无法加载控制器:Html

[ 2018-09-28T12:00:08+08:00 ] ::1 /Public/html/css/bootstrap.min.css.map
ERR: 无法加载控制器:Html

[ 2018-09-28T12:00:08+08:00 ] ::1 /Public/html/css/bootstrap.min.css.map
ERR: 无法加载控制器:Html

[ 2018-09-28T12:00:08+08:00 ] ::1 /Public/html/css/bootstrap.min.css.map
ERR: 无法加载控制器:Html

[ 2018-09-28T12:00:08+08:00 ] ::1 /Public/html/css/bootstrap.min.css.map
ERR: 无法加载控制器:Html

[ 2018-09-28T12:00:08+08:00 ] ::1 /Public/html/css/bootstrap.min.css.map
ERR: 无法加载控制器:Html

[ 2018-09-28T12:00:08+08:00 ] ::1 /Public/html/css/bootstrap.min.css.map
ERR: 无法加载控制器:Html

[ 2018-09-28T12:00:09+08:00 ] ::1 /Public/html/css/bootstrap.min.css.map
ERR: 无法加载控制器:Html

[ 2018-09-28T12:00:09+08:00 ] ::1 /Public/html/css/bootstrap.min.css.map
ERR: 无法加载控制器:Html

[ 2018-09-28T12:00:09+08:00 ] ::1 /Public/html/css/bootstrap.min.css.map
ERR: 无法加载控制器:Html

[ 2018-09-28T12:00:09+08:00 ] ::1 /Public/html/css/bootstrap.min.css.map
ERR: 无法加载控制器:Html

[ 2018-09-28T12:00:11+08:00 ] ::1 /Public/html/css/bootstrap.min.css.map
ERR: 无法加载控制器:Html

[ 2018-09-28T12:00:11+08:00 ] ::1 /Public/html/css/bootstrap.min.css.map
ERR: 无法加载控制器:Html

[ 2018-09-28T12:00:11+08:00 ] ::1 /Public/html/css/bootstrap.min.css.map
ERR: 无法加载控制器:Html

[ 2018-09-28T12:00:11+08:00 ] ::1 /Public/html/css/bootstrap.min.css.map
ERR: 无法加载控制器:Html

[ 2018-09-28T12:00:11+08:00 ] ::1 /Public/html/css/bootstrap.min.css.map
ERR: 无法加载控制器:Html

[ 2018-09-28T12:00:11+08:00 ] ::1 /Public/html/css/bootstrap.min.css.map
ERR: 无法加载控制器:Html

[ 2018-09-28T12:00:11+08:00 ] ::1 /Public/html/css/bootstrap.min.css.map
ERR: 无法加载控制器:Html

[ 2018-09-28T12:00:11+08:00 ] ::1 /Public/html/css/bootstrap.min.css.map
ERR: 无法加载控制器:Html

[ 2018-09-28T12:00:11+08:00 ] ::1 /Public/html/css/bootstrap.min.css.map
ERR: 无法加载控制器:Html

[ 2018-09-28T12:00:11+08:00 ] ::1 /Public/html/css/bootstrap.min.css.map
ERR: 无法加载控制器:Html

[ 2018-09-28T12:03:39+08:00 ] ::1 /Public/html/css/bootstrap.min.css.map
ERR: 无法加载控制器:Html

[ 2018-09-28T12:04:13+08:00 ] ::1 /Public/html/css/bootstrap.min.css.map
ERR: 无法加载控制器:Html

[ 2018-09-28T12:04:13+08:00 ] ::1 /Public/html/css/bootstrap.min.css.map
ERR: 无法加载控制器:Html

[ 2018-09-28T12:04:13+08:00 ] ::1 /Public/html/css/bootstrap.min.css.map
ERR: 无法加载控制器:Html

[ 2018-09-28T12:04:13+08:00 ] ::1 /Public/html/css/bootstrap.min.css.map
ERR: 无法加载控制器:Html

[ 2018-09-28T12:04:13+08:00 ] ::1 /Public/html/css/bootstrap.min.css.map
ERR: 无法加载控制器:Html

[ 2018-09-28T12:04:13+08:00 ] ::1 /Public/html/css/bootstrap.min.css.map
ERR: 无法加载控制器:Html

[ 2018-09-28T12:04:13+08:00 ] ::1 /Public/html/css/bootstrap.min.css.map
ERR: 无法加载控制器:Html

[ 2018-09-28T12:04:13+08:00 ] ::1 /Public/html/css/bootstrap.min.css.map
ERR: 无法加载控制器:Html

[ 2018-09-28T12:04:13+08:00 ] ::1 /Public/html/css/bootstrap.min.css.map
ERR: 无法加载控制器:Html

[ 2018-09-28T12:04:15+08:00 ] ::1 /Public/html/css/bootstrap.min.css.map
ERR: 无法加载控制器:Html

[ 2018-09-28T12:04:15+08:00 ] ::1 /Public/html/css/bootstrap.min.css.map
ERR: 无法加载控制器:Html

[ 2018-09-28T12:04:15+08:00 ] ::1 /Public/html/css/bootstrap.min.css.map
ERR: 无法加载控制器:Html

[ 2018-09-28T12:04:15+08:00 ] ::1 /Public/html/css/bootstrap.min.css.map
ERR: 无法加载控制器:Html

[ 2018-09-28T12:04:15+08:00 ] ::1 /Public/html/css/bootstrap.min.css.map
ERR: 无法加载控制器:Html

[ 2018-09-28T12:04:15+08:00 ] ::1 /Public/html/css/bootstrap.min.css.map
ERR: 无法加载控制器:Html

[ 2018-09-28T12:04:15+08:00 ] ::1 /Public/html/css/bootstrap.min.css.map
ERR: 无法加载控制器:Html

[ 2018-09-28T12:04:15+08:00 ] ::1 /Public/html/css/bootstrap.min.css.map
ERR: 无法加载控制器:Html

[ 2018-09-28T12:04:15+08:00 ] ::1 /Public/html/css/bootstrap.min.css.map
ERR: 无法加载控制器:Html

[ 2018-09-28T12:04:15+08:00 ] ::1 /Public/html/css/bootstrap.min.css.map
ERR: 无法加载控制器:Html

[ 2018-09-28T12:04:15+08:00 ] ::1 /Public/html/css/bootstrap.min.css.map
ERR: 无法加载控制器:Html

[ 2018-09-28T12:04:16+08:00 ] ::1 /Public/html/css/bootstrap.min.css.map
ERR: 无法加载控制器:Html

[ 2018-09-28T12:04:16+08:00 ] ::1 /Public/html/css/bootstrap.min.css.map
ERR: 无法加载控制器:Html

[ 2018-09-28T12:04:16+08:00 ] ::1 /Public/html/css/bootstrap.min.css.map
ERR: 无法加载控制器:Html

[ 2018-09-28T12:04:16+08:00 ] ::1 /Public/html/css/bootstrap.min.css.map
ERR: 无法加载控制器:Html

[ 2018-09-28T12:04:16+08:00 ] ::1 /Public/html/css/bootstrap.min.css.map
ERR: 无法加载控制器:Html

[ 2018-09-28T12:04:16+08:00 ] ::1 /Public/html/css/bootstrap.min.css.map
ERR: 无法加载控制器:Html

[ 2018-09-28T12:04:16+08:00 ] ::1 /Public/html/css/bootstrap.min.css.map
ERR: 无法加载控制器:Html

[ 2018-09-28T12:04:16+08:00 ] ::1 /Public/html/css/bootstrap.min.css.map
ERR: 无法加载控制器:Html

[ 2018-09-28T12:04:16+08:00 ] ::1 /Public/html/css/bootstrap.min.css.map
ERR: 无法加载控制器:Html

[ 2018-09-28T12:04:17+08:00 ] ::1 /Public/html/css/bootstrap.min.css.map
ERR: 无法加载控制器:Html

[ 2018-09-28T12:04:17+08:00 ] ::1 /Public/html/css/bootstrap.min.css.map
ERR: 无法加载控制器:Html

[ 2018-09-28T12:04:17+08:00 ] ::1 /Public/html/css/bootstrap.min.css.map
ERR: 无法加载控制器:Html

[ 2018-09-28T12:04:17+08:00 ] ::1 /Public/html/css/bootstrap.min.css.map
ERR: 无法加载控制器:Html

[ 2018-09-28T12:04:17+08:00 ] ::1 /Public/html/css/bootstrap.min.css.map
ERR: 无法加载控制器:Html

[ 2018-09-28T12:04:17+08:00 ] ::1 /Public/html/css/bootstrap.min.css.map
ERR: 无法加载控制器:Html

[ 2018-09-28T12:04:17+08:00 ] ::1 /Public/html/css/bootstrap.min.css.map
ERR: 无法加载控制器:Html

[ 2018-09-28T12:04:17+08:00 ] ::1 /Public/html/css/bootstrap.min.css.map
ERR: 无法加载控制器:Html

[ 2018-09-28T12:04:18+08:00 ] ::1 /Public/html/css/bootstrap.min.css.map
ERR: 无法加载控制器:Html

[ 2018-09-28T12:04:18+08:00 ] ::1 /Public/html/css/bootstrap.min.css.map
ERR: 无法加载控制器:Html

[ 2018-09-28T12:04:19+08:00 ] ::1 /Public/html/css/bootstrap.min.css.map
ERR: 无法加载控制器:Html

[ 2018-09-28T12:04:19+08:00 ] ::1 /Public/html/css/bootstrap.min.css.map
ERR: 无法加载控制器:Html

[ 2018-09-28T12:04:19+08:00 ] ::1 /Public/html/css/bootstrap.min.css.map
ERR: 无法加载控制器:Html

[ 2018-09-28T12:04:19+08:00 ] ::1 /Public/html/css/bootstrap.min.css.map
ERR: 无法加载控制器:Html

[ 2018-09-28T12:04:19+08:00 ] ::1 /Public/html/css/bootstrap.min.css.map
ERR: 无法加载控制器:Html

[ 2018-09-28T12:04:19+08:00 ] ::1 /Public/html/css/bootstrap.min.css.map
ERR: 无法加载控制器:Html

[ 2018-09-28T12:04:19+08:00 ] ::1 /Public/html/css/bootstrap.min.css.map
ERR: 无法加载控制器:Html

[ 2018-09-28T12:04:19+08:00 ] ::1 /Public/html/css/bootstrap.min.css.map
ERR: 无法加载控制器:Html

[ 2018-09-28T12:04:19+08:00 ] ::1 /Public/html/css/bootstrap.min.css.map
ERR: 无法加载控制器:Html

[ 2018-09-28T12:04:19+08:00 ] ::1 /Public/html/css/bootstrap.min.css.map
ERR: 无法加载控制器:Html

[ 2018-09-28T12:04:19+08:00 ] ::1 /Public/html/css/bootstrap.min.css.map
ERR: 无法加载控制器:Html

[ 2018-09-28T12:04:19+08:00 ] ::1 /Public/html/css/bootstrap.min.css.map
ERR: 无法加载控制器:Html

[ 2018-09-28T12:04:19+08:00 ] ::1 /Public/html/css/bootstrap.min.css.map
ERR: 无法加载控制器:Html

[ 2018-09-28T12:04:19+08:00 ] ::1 /Public/html/css/bootstrap.min.css.map
ERR: 无法加载控制器:Html

[ 2018-09-28T12:04:19+08:00 ] ::1 /Public/html/css/bootstrap.min.css.map
ERR: 无法加载控制器:Html

[ 2018-09-28T12:04:19+08:00 ] ::1 /Public/html/css/bootstrap.min.css.map
ERR: 无法加载控制器:Html

[ 2018-09-28T12:04:19+08:00 ] ::1 /Public/html/css/bootstrap.min.css.map
ERR: 无法加载控制器:Html

[ 2018-09-28T12:04:19+08:00 ] ::1 /Public/html/css/bootstrap.min.css.map
ERR: 无法加载控制器:Html

[ 2018-09-28T12:04:20+08:00 ] ::1 /Public/html/css/bootstrap.min.css.map
ERR: 无法加载控制器:Html

[ 2018-09-28T12:04:20+08:00 ] ::1 /Public/html/css/bootstrap.min.css.map
ERR: 无法加载控制器:Html

[ 2018-09-28T12:04:20+08:00 ] ::1 /Public/html/css/bootstrap.min.css.map
ERR: 无法加载控制器:Html

[ 2018-09-28T12:04:20+08:00 ] ::1 /Public/html/css/bootstrap.min.css.map
ERR: 无法加载控制器:Html

[ 2018-09-28T12:04:20+08:00 ] ::1 /Public/html/css/bootstrap.min.css.map
ERR: 无法加载控制器:Html

[ 2018-09-28T12:04:20+08:00 ] ::1 /Public/html/css/bootstrap.min.css.map
ERR: 无法加载控制器:Html

[ 2018-09-28T12:04:20+08:00 ] ::1 /Public/html/css/bootstrap.min.css.map
ERR: 无法加载控制器:Html

[ 2018-09-28T12:04:20+08:00 ] ::1 /Public/html/css/bootstrap.min.css.map
ERR: 无法加载控制器:Html

[ 2018-09-28T12:04:20+08:00 ] ::1 /Public/html/css/bootstrap.min.css.map
ERR: 无法加载控制器:Html

[ 2018-09-28T12:04:20+08:00 ] ::1 /Public/html/css/bootstrap.min.css.map
ERR: 无法加载控制器:Html

[ 2018-09-28T12:04:20+08:00 ] ::1 /Public/html/css/bootstrap.min.css.map
ERR: 无法加载控制器:Html

[ 2018-09-28T12:04:21+08:00 ] ::1 /Public/html/css/bootstrap.min.css.map
ERR: 无法加载控制器:Html

[ 2018-09-28T12:04:21+08:00 ] ::1 /Public/html/css/bootstrap.min.css.map
ERR: 无法加载控制器:Html

[ 2018-09-28T12:04:21+08:00 ] ::1 /Public/html/css/bootstrap.min.css.map
ERR: 无法加载控制器:Html

[ 2018-09-28T12:04:21+08:00 ] ::1 /Public/html/css/bootstrap.min.css.map
ERR: 无法加载控制器:Html

[ 2018-09-28T12:04:21+08:00 ] ::1 /Public/html/css/bootstrap.min.css.map
ERR: 无法加载控制器:Html

[ 2018-09-28T12:04:21+08:00 ] ::1 /Public/html/css/bootstrap.min.css.map
ERR: 无法加载控制器:Html

[ 2018-09-28T12:04:21+08:00 ] ::1 /Public/html/css/bootstrap.min.css.map
ERR: 无法加载控制器:Html

[ 2018-09-28T12:04:21+08:00 ] ::1 /Public/html/css/bootstrap.min.css.map
ERR: 无法加载控制器:Html

[ 2018-09-28T12:04:21+08:00 ] ::1 /Public/html/css/bootstrap.min.css.map
ERR: 无法加载控制器:Html

[ 2018-09-28T12:04:21+08:00 ] ::1 /Public/html/css/bootstrap.min.css.map
ERR: 无法加载控制器:Html

[ 2018-09-28T12:04:22+08:00 ] ::1 /Public/html/css/bootstrap.min.css.map
ERR: 无法加载控制器:Html

[ 2018-09-28T12:04:22+08:00 ] ::1 /Public/html/css/bootstrap.min.css.map
ERR: 无法加载控制器:Html

[ 2018-09-28T12:04:22+08:00 ] ::1 /Public/html/css/bootstrap.min.css.map
ERR: 无法加载控制器:Html

[ 2018-09-28T12:04:22+08:00 ] ::1 /Public/html/css/bootstrap.min.css.map
ERR: 无法加载控制器:Html

[ 2018-09-28T12:04:22+08:00 ] ::1 /Public/html/css/bootstrap.min.css.map
ERR: 无法加载控制器:Html

[ 2018-09-28T12:04:22+08:00 ] ::1 /Public/html/css/bootstrap.min.css.map
ERR: 无法加载控制器:Html

[ 2018-09-28T12:04:22+08:00 ] ::1 /Public/html/css/bootstrap.min.css.map
ERR: 无法加载控制器:Html

[ 2018-09-28T12:04:22+08:00 ] ::1 /Public/html/css/bootstrap.min.css.map
ERR: 无法加载控制器:Html

[ 2018-09-28T12:04:22+08:00 ] ::1 /Public/html/css/bootstrap.min.css.map
ERR: 无法加载控制器:Html

[ 2018-09-28T12:04:22+08:00 ] ::1 /Public/html/css/bootstrap.min.css.map
ERR: 无法加载控制器:Html

[ 2018-09-28T12:04:22+08:00 ] ::1 /Public/html/css/bootstrap.min.css.map
ERR: 无法加载控制器:Html

[ 2018-09-28T12:04:22+08:00 ] ::1 /Public/html/css/bootstrap.min.css.map
ERR: 无法加载控制器:Html

[ 2018-09-28T12:04:22+08:00 ] ::1 /Public/html/css/bootstrap.min.css.map
ERR: 无法加载控制器:Html

[ 2018-09-28T12:04:22+08:00 ] ::1 /Public/html/css/bootstrap.min.css.map
ERR: 无法加载控制器:Html

[ 2018-09-28T12:04:23+08:00 ] ::1 /Public/html/css/bootstrap.min.css.map
ERR: 无法加载控制器:Html

[ 2018-09-28T12:04:23+08:00 ] ::1 /Public/html/css/bootstrap.min.css.map
ERR: 无法加载控制器:Html

[ 2018-09-28T12:04:23+08:00 ] ::1 /Public/html/css/bootstrap.min.css.map
ERR: 无法加载控制器:Html

[ 2018-09-28T12:04:23+08:00 ] ::1 /Public/html/css/bootstrap.min.css.map
ERR: 无法加载控制器:Html

[ 2018-09-28T12:04:23+08:00 ] ::1 /Public/html/css/bootstrap.min.css.map
ERR: 无法加载控制器:Html

[ 2018-09-28T12:04:24+08:00 ] ::1 /Public/html/css/bootstrap.min.css.map
ERR: 无法加载控制器:Html

[ 2018-09-28T12:04:24+08:00 ] ::1 /Public/html/css/bootstrap.min.css.map
ERR: 无法加载控制器:Html

[ 2018-09-28T12:04:24+08:00 ] ::1 /Public/html/css/bootstrap.min.css.map
ERR: 无法加载控制器:Html

[ 2018-09-28T12:04:24+08:00 ] ::1 /Public/html/css/bootstrap.min.css.map
ERR: 无法加载控制器:Html

[ 2018-09-28T12:04:24+08:00 ] ::1 /Public/html/css/bootstrap.min.css.map
ERR: 无法加载控制器:Html

[ 2018-09-28T12:04:24+08:00 ] ::1 /Public/html/css/bootstrap.min.css.map
ERR: 无法加载控制器:Html

[ 2018-09-28T12:04:24+08:00 ] ::1 /Public/html/css/bootstrap.min.css.map
ERR: 无法加载控制器:Html

[ 2018-09-28T12:04:24+08:00 ] ::1 /Public/html/css/bootstrap.min.css.map
ERR: 无法加载控制器:Html

[ 2018-09-28T12:04:24+08:00 ] ::1 /Public/html/css/bootstrap.min.css.map
ERR: 无法加载控制器:Html

[ 2018-09-28T12:04:24+08:00 ] ::1 /Public/html/css/bootstrap.min.css.map
ERR: 无法加载控制器:Html

[ 2018-09-28T12:04:25+08:00 ] ::1 /Public/html/css/bootstrap.min.css.map
ERR: 无法加载控制器:Html

[ 2018-09-28T12:04:25+08:00 ] ::1 /Public/html/css/bootstrap.min.css.map
ERR: 无法加载控制器:Html

[ 2018-09-28T12:04:25+08:00 ] ::1 /Public/html/css/bootstrap.min.css.map
ERR: 无法加载控制器:Html

[ 2018-09-28T12:04:25+08:00 ] ::1 /Public/html/css/bootstrap.min.css.map
ERR: 无法加载控制器:Html

[ 2018-09-28T12:04:25+08:00 ] ::1 /Public/html/css/bootstrap.min.css.map
ERR: 无法加载控制器:Html

[ 2018-09-28T12:04:25+08:00 ] ::1 /Public/html/css/bootstrap.min.css.map
ERR: 无法加载控制器:Html

[ 2018-09-28T12:04:25+08:00 ] ::1 /Public/html/css/bootstrap.min.css.map
ERR: 无法加载控制器:Html

[ 2018-09-28T12:04:25+08:00 ] ::1 /Public/html/css/bootstrap.min.css.map
ERR: 无法加载控制器:Html

[ 2018-09-28T12:04:25+08:00 ] ::1 /Public/html/css/bootstrap.min.css.map
ERR: 无法加载控制器:Html

[ 2018-09-28T12:04:25+08:00 ] ::1 /Public/html/css/bootstrap.min.css.map
ERR: 无法加载控制器:Html

[ 2018-09-28T12:04:25+08:00 ] ::1 /Public/html/css/bootstrap.min.css.map
ERR: 无法加载控制器:Html

[ 2018-09-28T12:04:25+08:00 ] ::1 /Public/html/css/bootstrap.min.css.map
ERR: 无法加载控制器:Html

[ 2018-09-28T12:04:26+08:00 ] ::1 /Public/html/css/bootstrap.min.css.map
ERR: 无法加载控制器:Html

[ 2018-09-28T12:04:26+08:00 ] ::1 /Public/html/css/bootstrap.min.css.map
ERR: 无法加载控制器:Html

[ 2018-09-28T12:04:26+08:00 ] ::1 /Public/html/css/bootstrap.min.css.map
ERR: 无法加载控制器:Html

[ 2018-09-28T12:04:26+08:00 ] ::1 /Public/html/css/bootstrap.min.css.map
ERR: 无法加载控制器:Html

[ 2018-09-28T12:04:26+08:00 ] ::1 /Public/html/css/bootstrap.min.css.map
ERR: 无法加载控制器:Html

[ 2018-09-28T12:04:26+08:00 ] ::1 /Public/html/css/bootstrap.min.css.map
ERR: 无法加载控制器:Html

[ 2018-09-28T12:04:26+08:00 ] ::1 /Public/html/css/bootstrap.min.css.map
ERR: 无法加载控制器:Html

[ 2018-09-28T12:04:26+08:00 ] ::1 /Public/html/css/bootstrap.min.css.map
ERR: 无法加载控制器:Html

[ 2018-09-28T12:04:26+08:00 ] ::1 /Public/html/css/bootstrap.min.css.map
ERR: 无法加载控制器:Html

[ 2018-09-28T12:04:30+08:00 ] ::1 /Public/html/css/bootstrap.min.css.map
ERR: 无法加载控制器:Html

[ 2018-09-28T12:04:30+08:00 ] ::1 /Public/html/css/bootstrap.min.css.map
ERR: 无法加载控制器:Html

[ 2018-09-28T12:04:30+08:00 ] ::1 /Public/html/css/bootstrap.min.css.map
ERR: 无法加载控制器:Html

[ 2018-09-28T12:04:30+08:00 ] ::1 /Public/html/css/bootstrap.min.css.map
ERR: 无法加载控制器:Html

[ 2018-09-28T12:04:30+08:00 ] ::1 /Public/html/css/bootstrap.min.css.map
ERR: 无法加载控制器:Html

[ 2018-09-28T12:04:30+08:00 ] ::1 /Public/html/css/bootstrap.min.css.map
ERR: 无法加载控制器:Html

[ 2018-09-28T12:04:30+08:00 ] ::1 /Public/html/css/bootstrap.min.css.map
ERR: 无法加载控制器:Html

[ 2018-09-28T12:04:30+08:00 ] ::1 /Public/html/css/bootstrap.min.css.map
ERR: 无法加载控制器:Html

[ 2018-09-28T12:04:31+08:00 ] ::1 /Public/html/css/bootstrap.min.css.map
ERR: 无法加载控制器:Html

[ 2018-09-28T12:04:53+08:00 ] ::1 /Public/html/css/bootstrap.min.css.map
ERR: 无法加载控制器:Html

[ 2018-09-28T12:04:53+08:00 ] ::1 /Public/html/css/bootstrap.min.css.map
ERR: 无法加载控制器:Html

[ 2018-09-28T12:04:53+08:00 ] ::1 /Public/html/css/bootstrap.min.css.map
ERR: 无法加载控制器:Html

[ 2018-09-28T12:04:53+08:00 ] ::1 /Public/html/css/bootstrap.min.css.map
ERR: 无法加载控制器:Html

[ 2018-09-28T12:04:53+08:00 ] ::1 /Public/html/css/bootstrap.min.css.map
ERR: 无法加载控制器:Html

[ 2018-09-28T12:04:53+08:00 ] ::1 /Public/html/css/bootstrap.min.css.map
ERR: 无法加载控制器:Html

[ 2018-09-28T12:04:53+08:00 ] ::1 /Public/html/css/bootstrap.min.css.map
ERR: 无法加载控制器:Html

[ 2018-09-28T12:04:53+08:00 ] ::1 /Public/html/css/bootstrap.min.css.map
ERR: 无法加载控制器:Html

[ 2018-09-28T12:04:53+08:00 ] ::1 /Public/html/css/bootstrap.min.css.map
ERR: 无法加载控制器:Html

[ 2018-09-28T12:04:54+08:00 ] ::1 /Public/html/css/bootstrap.min.css.map
ERR: 无法加载控制器:Html

[ 2018-09-28T12:04:55+08:00 ] ::1 /Public/html/css/bootstrap.min.css.map
ERR: 无法加载控制器:Html

[ 2018-09-28T12:04:55+08:00 ] ::1 /Public/html/css/bootstrap.min.css.map
ERR: 无法加载控制器:Html

[ 2018-09-28T12:04:55+08:00 ] ::1 /Public/html/css/bootstrap.min.css.map
ERR: 无法加载控制器:Html

[ 2018-09-28T12:04:55+08:00 ] ::1 /Public/html/css/bootstrap.min.css.map
ERR: 无法加载控制器:Html

[ 2018-09-28T12:04:55+08:00 ] ::1 /Public/html/css/bootstrap.min.css.map
ERR: 无法加载控制器:Html

[ 2018-09-28T12:04:55+08:00 ] ::1 /Public/html/css/bootstrap.min.css.map
ERR: 无法加载控制器:Html

[ 2018-09-28T12:04:55+08:00 ] ::1 /Public/html/css/bootstrap.min.css.map
ERR: 无法加载控制器:Html

[ 2018-09-28T12:04:55+08:00 ] ::1 /Public/html/css/bootstrap.min.css.map
ERR: 无法加载控制器:Html

[ 2018-09-28T12:04:55+08:00 ] ::1 /Public/html/css/bootstrap.min.css.map
ERR: 无法加载控制器:Html

[ 2018-09-28T12:04:55+08:00 ] ::1 /Public/html/css/bootstrap.min.css.map
ERR: 无法加载控制器:Html

[ 2018-09-28T12:04:55+08:00 ] ::1 /Public/html/css/bootstrap.min.css.map
ERR: 无法加载控制器:Html

[ 2018-09-28T12:04:55+08:00 ] ::1 /Public/html/css/bootstrap.min.css.map
ERR: 无法加载控制器:Html

[ 2018-09-28T12:04:55+08:00 ] ::1 /Public/html/css/bootstrap.min.css.map
ERR: 无法加载控制器:Html

[ 2018-09-28T12:04:55+08:00 ] ::1 /Public/html/css/bootstrap.min.css.map
ERR: 无法加载控制器:Html

[ 2018-09-28T12:04:55+08:00 ] ::1 /Public/html/css/bootstrap.min.css.map
ERR: 无法加载控制器:Html

[ 2018-09-28T12:04:55+08:00 ] ::1 /Public/html/css/bootstrap.min.css.map
ERR: 无法加载控制器:Html

[ 2018-09-28T12:04:56+08:00 ] ::1 /Public/html/css/bootstrap.min.css.map
ERR: 无法加载控制器:Html

[ 2018-09-28T12:04:56+08:00 ] ::1 /Public/html/css/bootstrap.min.css.map
ERR: 无法加载控制器:Html

[ 2018-09-28T13:00:07+08:00 ] ::1 /Public/html/css/bootstrap.min.css.map
ERR: 无法加载控制器:Html

[ 2018-09-28T13:00:18+08:00 ] ::1 /Public/html/css/bootstrap.min.css.map
ERR: 无法加载控制器:Html

[ 2018-09-28T13:00:21+08:00 ] ::1 /Public/html/css/bootstrap.min.css.map
ERR: 无法加载控制器:Html

[ 2018-09-28T13:00:24+08:00 ] ::1 /Public/html/css/bootstrap.min.css.map
ERR: 无法加载控制器:Html

[ 2018-09-28T13:00:31+08:00 ] ::1 /Public/html/css/bootstrap.min.css.map
ERR: 无法加载控制器:Html

[ 2018-09-28T13:00:40+08:00 ] ::1 /Public/html/css/bootstrap.min.css.map
ERR: 无法加载控制器:Html

[ 2018-09-28T13:00:55+08:00 ] ::1 /Public/html/css/bootstrap.min.css.map
ERR: 无法加载控制器:Html

[ 2018-09-28T13:01:03+08:00 ] ::1 /Public/html/css/bootstrap.min.css.map
ERR: 无法加载控制器:Html

[ 2018-09-28T13:01:24+08:00 ] ::1 /Public/html/css/bootstrap.min.css.map
ERR: 无法加载控制器:Html

[ 2018-09-28T13:01:53+08:00 ] ::1 /Public/html/css/bootstrap.min.css.map
ERR: 无法加载控制器:Html

[ 2018-09-28T13:02:37+08:00 ] ::1 /Public/html/css/bootstrap.min.css.map
ERR: 无法加载控制器:Html

[ 2018-09-28T13:02:59+08:00 ] ::1 /Public/html/css/bootstrap.min.css.map
ERR: 无法加载控制器:Html

[ 2018-09-28T13:03:38+08:00 ] ::1 /Public/html/css/bootstrap.min.css.map
ERR: 无法加载控制器:Html

[ 2018-09-28T13:04:18+08:00 ] ::1 /Public/html/css/bootstrap.min.css.map
ERR: 无法加载控制器:Html

[ 2018-09-28T13:04:31+08:00 ] ::1 /Public/html/css/bootstrap.min.css.map
ERR: 无法加载控制器:Html

[ 2018-09-28T13:04:32+08:00 ] ::1 /Public/html/css/bootstrap.min.css.map
ERR: 无法加载控制器:Html

[ 2018-09-28T13:04:38+08:00 ] ::1 /Public/html/css/bootstrap.min.css.map
ERR: 无法加载控制器:Html

[ 2018-09-28T13:05:15+08:00 ] ::1 /Public/html/css/bootstrap.min.css.map
ERR: 无法加载控制器:Html

[ 2018-09-28T13:05:47+08:00 ] ::1 /Public/html/css/bootstrap.min.css.map
ERR: 无法加载控制器:Html

[ 2018-09-28T13:05:59+08:00 ] ::1 /Public/html/css/bootstrap.min.css.map
ERR: 无法加载控制器:Html

[ 2018-09-28T13:07:04+08:00 ] ::1 /Public/html/css/bootstrap.min.css.map
ERR: 无法加载控制器:Html

[ 2018-09-28T13:07:07+08:00 ] ::1 /Public/html/css/bootstrap.min.css.map
ERR: 无法加载控制器:Html

[ 2018-09-28T13:07:09+08:00 ] ::1 /Public/html/css/bootstrap.min.css.map
ERR: 无法加载控制器:Html

[ 2018-09-28T13:08:00+08:00 ] ::1 /Public/html/css/bootstrap.min.css.map
ERR: 无法加载控制器:Html

[ 2018-09-28T13:08:03+08:00 ] ::1 /Public/html/css/bootstrap.min.css.map
ERR: 无法加载控制器:Html

[ 2018-09-28T13:08:37+08:00 ] ::1 /Public/html/css/bootstrap.min.css.map
ERR: 无法加载控制器:Html

[ 2018-09-28T13:08:38+08:00 ] ::1 /Public/html/css/bootstrap.min.css.map
ERR: 无法加载控制器:Html

[ 2018-09-28T13:08:43+08:00 ] ::1 /Public/html/css/bootstrap.min.css.map
ERR: 无法加载控制器:Html

[ 2018-09-28T13:08:50+08:00 ] ::1 /Public/html/css/bootstrap.min.css.map
ERR: 无法加载控制器:Html

[ 2018-09-28T13:09:23+08:00 ] ::1 /Public/html/css/bootstrap.min.css.map
ERR: 无法加载控制器:Html

[ 2018-09-28T13:09:34+08:00 ] ::1 /Public/html/css/bootstrap.min.css.map
ERR: 无法加载控制器:Html

[ 2018-09-28T13:09:40+08:00 ] ::1 /Public/html/css/bootstrap.min.css.map
ERR: 无法加载控制器:Html

[ 2018-09-28T13:09:42+08:00 ] ::1 /Public/html/css/bootstrap.min.css.map
ERR: 无法加载控制器:Html

[ 2018-09-28T13:10:57+08:00 ] ::1 /Public/html/css/bootstrap.min.css.map
ERR: 无法加载控制器:Html

[ 2018-09-28T13:11:01+08:00 ] ::1 /Public/html/css/bootstrap.min.css.map
ERR: 无法加载控制器:Html

[ 2018-09-28T13:11:05+08:00 ] ::1 /Public/html/css/bootstrap.min.css.map
ERR: 无法加载控制器:Html

[ 2018-09-28T13:11:27+08:00 ] ::1 /Public/html/css/bootstrap.min.css.map
ERR: 无法加载控制器:Html

[ 2018-09-28T13:11:43+08:00 ] ::1 /Public/html/css/bootstrap.min.css.map
ERR: 无法加载控制器:Html

[ 2018-09-28T13:12:09+08:00 ] ::1 /Public/html/css/bootstrap.min.css.map
ERR: 无法加载控制器:Html

[ 2018-09-28T13:12:23+08:00 ] ::1 /Public/html/css/bootstrap.min.css.map
ERR: 无法加载控制器:Html

[ 2018-09-28T13:14:19+08:00 ] ::1 /Public/html/css/bootstrap.min.css.map
ERR: 无法加载控制器:Html

[ 2018-09-28T13:14:47+08:00 ] ::1 /Public/html/css/bootstrap.min.css.map
ERR: 无法加载控制器:Html

[ 2018-09-28T13:14:49+08:00 ] ::1 /Public/html/css/bootstrap.min.css.map
ERR: 无法加载控制器:Html

[ 2018-09-28T13:14:53+08:00 ] ::1 /Public/html/css/bootstrap.min.css.map
ERR: 无法加载控制器:Html

[ 2018-09-28T13:14:58+08:00 ] ::1 /Public/html/css/bootstrap.min.css.map
ERR: 无法加载控制器:Html

[ 2018-09-28T13:15:14+08:00 ] ::1 /Public/html/css/bootstrap.min.css.map
ERR: 无法加载控制器:Html

[ 2018-09-28T13:15:22+08:00 ] ::1 /Public/html/css/bootstrap.min.css.map
ERR: 无法加载控制器:Html

[ 2018-09-28T13:15:24+08:00 ] ::1 /Public/html/css/bootstrap.min.css.map
ERR: 无法加载控制器:Html

[ 2018-09-28T13:15:26+08:00 ] ::1 /Public/html/css/bootstrap.min.css.map
ERR: 无法加载控制器:Html

[ 2018-09-28T13:15:34+08:00 ] ::1 /Public/html/css/bootstrap.min.css.map
ERR: 无法加载控制器:Html

[ 2018-09-28T13:15:42+08:00 ] ::1 /Public/html/css/bootstrap.min.css.map
ERR: 无法加载控制器:Html

[ 2018-09-28T13:15:52+08:00 ] ::1 /Public/html/css/bootstrap.min.css.map
ERR: 无法加载控制器:Html

[ 2018-09-28T13:15:59+08:00 ] ::1 /Public/html/css/bootstrap.min.css.map
ERR: 无法加载控制器:Html

[ 2018-09-28T13:15:59+08:00 ] ::1 /Public/html/css/bootstrap.min.css.map
ERR: 无法加载控制器:Html

[ 2018-09-28T13:16:43+08:00 ] ::1 /Public/html/css/bootstrap.min.css.map
ERR: 无法加载控制器:Html

[ 2018-09-28T13:17:30+08:00 ] ::1 /Public/html/css/bootstrap.min.css.map
ERR: 无法加载控制器:Html

[ 2018-09-28T13:19:05+08:00 ] ::1 /Public/html/css/bootstrap.min.css.map
ERR: 无法加载控制器:Html

[ 2018-09-28T13:19:07+08:00 ] ::1 /Public/html/css/bootstrap.min.css.map
ERR: 无法加载控制器:Html

[ 2018-09-28T13:19:18+08:00 ] ::1 /Public/html/css/bootstrap.min.css.map
ERR: 无法加载控制器:Html

[ 2018-09-28T13:19:18+08:00 ] ::1 /Public/html/css/bootstrap.min.css.map
ERR: 无法加载控制器:Html

[ 2018-09-28T13:19:20+08:00 ] ::1 /Public/html/css/bootstrap.min.css.map
ERR: 无法加载控制器:Html

[ 2018-09-28T13:19:24+08:00 ] ::1 /Public/html/css/bootstrap.min.css.map
ERR: 无法加载控制器:Html

[ 2018-09-28T13:20:23+08:00 ] ::1 /Public/html/css/bootstrap.min.css.map
ERR: 无法加载控制器:Html

[ 2018-09-28T13:21:17+08:00 ] ::1 /Public/html/css/bootstrap.min.css.map
ERR: 无法加载控制器:Html

[ 2018-09-28T13:22:45+08:00 ] ::1 /Public/html/css/bootstrap.min.css.map
ERR: 无法加载控制器:Html

[ 2018-09-28T13:23:39+08:00 ] ::1 /Public/html/css/bootstrap.min.css.map
ERR: 无法加载控制器:Html

[ 2018-09-28T13:23:48+08:00 ] ::1 /Public/html/css/bootstrap.min.css.map
ERR: 无法加载控制器:Html

[ 2018-09-28T13:26:15+08:00 ] ::1 /Public/html/css/bootstrap.min.css.map
ERR: 无法加载控制器:Html

[ 2018-09-28T13:26:23+08:00 ] ::1 /Public/html/css/bootstrap.min.css.map
ERR: 无法加载控制器:Html

[ 2018-09-28T13:28:17+08:00 ] ::1 /Public/html/css/bootstrap.min.css.map
ERR: 无法加载控制器:Html

[ 2018-09-28T13:30:11+08:00 ] ::1 /Public/html/css/bootstrap.min.css.map
ERR: 无法加载控制器:Html

[ 2018-09-28T13:30:20+08:00 ] ::1 /Public/html/css/bootstrap.min.css.map
ERR: 无法加载控制器:Html

[ 2018-09-28T13:33:50+08:00 ] ::1 /Public/html/css/bootstrap.min.css.map
ERR: 无法加载控制器:Html

[ 2018-09-28T13:33:57+08:00 ] ::1 /Public/Upload/PDF/%E9%87%87%E8%B4%AD%E5%90%88%E5%90%8C.pdf
ERR: 无法加载控制器:Upload

[ 2018-09-28T13:34:11+08:00 ] ::1 /Public/Upload/PDF/%E9%87%87%E8%B4%AD%E5%90%88%E5%90%8C.pdf
ERR: 无法加载控制器:Upload

[ 2018-09-28T13:35:04+08:00 ] ::1 /Public/html/css/bootstrap.min.css.map
ERR: 无法加载控制器:Html

[ 2018-09-28T13:35:27+08:00 ] ::1 /Public/Upload/PDF/%E9%87%87%E8%B4%AD%E5%90%88%E5%90%8C.pdf
ERR: 无法加载控制器:Upload

[ 2018-09-28T13:43:33+08:00 ] ::1 /Public/html/css/bootstrap.min.css.map
ERR: 无法加载控制器:Html

[ 2018-09-28T13:49:42+08:00 ] ::1 /Public/html/css/bootstrap.min.css.map
ERR: 无法加载控制器:Html

[ 2018-09-28T13:49:47+08:00 ] ::1 /Public/html/css/bootstrap.min.css.map
ERR: 无法加载控制器:Html

[ 2018-09-28T13:49:53+08:00 ] ::1 /Public/html/css/bootstrap.min.css.map
ERR: 无法加载控制器:Html

[ 2018-09-28T13:50:05+08:00 ] ::1 /Public/html/css/bootstrap.min.css.map
ERR: 无法加载控制器:Html

[ 2018-09-28T13:50:13+08:00 ] ::1 /Public/html/css/bootstrap.min.css.map
ERR: 无法加载控制器:Html

[ 2018-09-28T13:50:48+08:00 ] ::1 /Public/html/css/bootstrap.min.css.map
ERR: 无法加载控制器:Html

[ 2018-09-28T13:53:20+08:00 ] ::1 /Public/html/css/bootstrap.min.css.map
ERR: 无法加载控制器:Html

[ 2018-09-28T13:57:07+08:00 ] ::1 /Public/html/css/bootstrap.min.css.map
ERR: 无法加载控制器:Html

[ 2018-09-28T13:57:33+08:00 ] ::1 /Public/html/css/bootstrap.min.css.map
ERR: 无法加载控制器:Html

[ 2018-09-28T13:58:36+08:00 ] ::1 /Public/html/css/bootstrap.min.css.map
ERR: 无法加载控制器:Html

[ 2018-09-28T13:59:07+08:00 ] ::1 /Public/html/css/bootstrap.min.css.map
ERR: 无法加载控制器:Html

[ 2018-09-28T14:03:37+08:00 ] ::1 /Public/html/css/bootstrap.min.css.map
ERR: 无法加载控制器:Html

[ 2018-09-28T14:09:35+08:00 ] ::1 /Public/html/css/bootstrap.min.css.map
ERR: 无法加载控制器:Html

[ 2018-09-28T14:10:30+08:00 ] ::1 /Public/html/css/bootstrap.min.css.map
ERR: 无法加载控制器:Html

[ 2018-09-28T14:11:04+08:00 ] ::1 /Public/html/css/bootstrap.min.css.map
ERR: 无法加载控制器:Html

[ 2018-09-28T14:13:14+08:00 ] ::1 /Public/html/css/bootstrap.min.css.map
ERR: 无法加载控制器:Html

[ 2018-09-28T14:14:31+08:00 ] ::1 /Public/html/css/bootstrap.min.css.map
ERR: 无法加载控制器:Html

[ 2018-09-28T14:15:41+08:00 ] ::1 /Public/html/css/bootstrap.min.css.map
ERR: 无法加载控制器:Html

[ 2018-09-28T14:15:59+08:00 ] ::1 /Public/html/css/bootstrap.min.css.map
ERR: 无法加载控制器:Html

[ 2018-09-28T14:16:15+08:00 ] ::1 /Public/html/css/bootstrap.min.css.map
ERR: 无法加载控制器:Html

[ 2018-09-28T14:17:16+08:00 ] ::1 /Public/html/css/bootstrap.min.css.map
ERR: 无法加载控制器:Html

[ 2018-09-28T14:17:59+08:00 ] ::1 /Public/html/css/bootstrap.min.css.map
ERR: 无法加载控制器:Html

[ 2018-09-28T14:18:51+08:00 ] ::1 /Public/html/css/bootstrap.min.css.map
ERR: 无法加载控制器:Html

[ 2018-09-28T14:19:06+08:00 ] ::1 /Public/html/css/bootstrap.min.css.map
ERR: 无法加载控制器:Html

[ 2018-09-28T14:19:19+08:00 ] ::1 /Public/html/css/bootstrap.min.css.map
ERR: 无法加载控制器:Html

[ 2018-09-28T14:19:36+08:00 ] ::1 /Public/html/css/bootstrap.min.css.map
ERR: 无法加载控制器:Html

[ 2018-09-28T14:22:29+08:00 ] ::1 /Public/html/css/bootstrap.min.css.map
ERR: 无法加载控制器:Html

[ 2018-09-28T14:22:46+08:00 ] ::1 /Public/html/css/bootstrap.min.css.map
ERR: 无法加载控制器:Html

[ 2018-09-28T14:26:02+08:00 ] ::1 /Public/html/css/bootstrap.min.css.map
ERR: 无法加载控制器:Html

[ 2018-09-28T14:27:16+08:00 ] ::1 /Public/html/css/bootstrap.min.css.map
ERR: 无法加载控制器:Html

[ 2018-09-28T14:32:35+08:00 ] ::1 /Public/html/css/bootstrap.min.css.map
ERR: 无法加载控制器:Html

[ 2018-09-28T14:34:54+08:00 ] ::1 /Public/html/css/bootstrap.min.css.map
ERR: 无法加载控制器:Html

[ 2018-09-28T14:41:01+08:00 ] ::1 /Public/html/css/bootstrap.min.css.map
ERR: 无法加载控制器:Html

[ 2018-09-28T14:45:05+08:00 ] ::1 /Public/html/css/bootstrap.min.css.map
ERR: 无法加载控制器:Html

[ 2018-09-28T14:50:15+08:00 ] ::1 /Public/html/css/bootstrap.min.css.map
ERR: 无法加载控制器:Html

[ 2018-09-28T14:52:00+08:00 ] ::1 /Public/html/css/bootstrap.min.css.map
ERR: 无法加载控制器:Html

[ 2018-09-28T14:52:50+08:00 ] ::1 /Public/html/css/bootstrap.min.css.map
ERR: 无法加载控制器:Html

[ 2018-09-28T14:57:58+08:00 ] ::1 /Public/html/css/bootstrap.min.css.map
ERR: 无法加载控制器:Html

[ 2018-09-28T14:58:27+08:00 ] ::1 /Public/html/css/bootstrap.min.css.map
ERR: 无法加载控制器:Html

[ 2018-09-28T14:59:00+08:00 ] ::1 /Public/html/css/bootstrap.min.css.map
ERR: 无法加载控制器:Html

[ 2018-09-28T14:59:28+08:00 ] ::1 /Public/html/css/bootstrap.min.css.map
ERR: 无法加载控制器:Html

[ 2018-09-28T14:59:45+08:00 ] ::1 /Public/html/css/bootstrap.min.css.map
ERR: 无法加载控制器:Html

[ 2018-09-28T14:59:58+08:00 ] ::1 /Public/html/css/bootstrap.min.css.map
ERR: 无法加载控制器:Html

[ 2018-09-28T15:01:02+08:00 ] ::1 /Public/html/css/bootstrap.min.css.map
ERR: 无法加载控制器:Html

[ 2018-09-28T15:02:05+08:00 ] ::1 /Public/html/css/bootstrap.min.css.map
ERR: 无法加载控制器:Html

[ 2018-09-28T15:03:07+08:00 ] ::1 /Public/html/css/bootstrap.min.css.map
ERR: 无法加载控制器:Html

[ 2018-09-28T15:08:33+08:00 ] ::1 /Public/html/css/bootstrap.min.css.map
ERR: 无法加载控制器:Html

[ 2018-09-28T15:10:02+08:00 ] ::1 /Public/html/css/bootstrap.min.css.map
ERR: 无法加载控制器:Html

[ 2018-09-28T15:13:39+08:00 ] ::1 /Public/html/css/bootstrap.min.css.map
ERR: 无法加载控制器:Html

[ 2018-09-28T15:13:49+08:00 ] ::1 /Public/html/css/bootstrap.min.css.map
ERR: 无法加载控制器:Html

[ 2018-09-28T15:14:18+08:00 ] ::1 /Public/html/css/bootstrap.min.css.map
ERR: 无法加载控制器:Html

[ 2018-09-28T15:14:18+08:00 ] ::1 /Public/html/css/bootstrap.min.css.map
ERR: 无法加载控制器:Html

[ 2018-09-28T15:14:39+08:00 ] ::1 /Public/html/css/bootstrap.min.css.map
ERR: 无法加载控制器:Html

[ 2018-09-28T15:14:56+08:00 ] ::1 /Public/html/css/bootstrap.min.css.map
ERR: 无法加载控制器:Html

[ 2018-09-28T15:15:19+08:00 ] ::1 /Public/html/css/bootstrap.min.css.map
ERR: 无法加载控制器:Html

[ 2018-09-28T15:16:04+08:00 ] ::1 /Public/html/css/bootstrap.min.css.map
ERR: 无法加载控制器:Html

[ 2018-09-28T15:17:11+08:00 ] ::1 /Public/html/css/bootstrap.min.css.map
ERR: 无法加载控制器:Html

[ 2018-09-28T15:17:41+08:00 ] ::1 /Public/html/css/bootstrap.min.css.map
ERR: 无法加载控制器:Html

[ 2018-09-28T15:18:25+08:00 ] ::1 /Public/html/css/bootstrap.min.css.map
ERR: 无法加载控制器:Html

[ 2018-09-28T15:19:09+08:00 ] ::1 /Public/html/css/bootstrap.min.css.map
ERR: 无法加载控制器:Html

[ 2018-09-28T15:19:32+08:00 ] ::1 /Public/html/css/bootstrap.min.css.map
ERR: 无法加载控制器:Html

[ 2018-09-28T15:20:01+08:00 ] ::1 /Public/html/css/bootstrap.min.css.map
ERR: 无法加载控制器:Html

[ 2018-09-28T15:20:16+08:00 ] ::1 /Public/html/css/bootstrap.min.css.map
ERR: 无法加载控制器:Html

[ 2018-09-28T15:20:55+08:00 ] ::1 /Public/html/css/bootstrap.min.css.map
ERR: 无法加载控制器:Html

[ 2018-09-28T15:21:31+08:00 ] ::1 /Public/html/css/bootstrap.min.css.map
ERR: 无法加载控制器:Html

[ 2018-09-28T15:21:48+08:00 ] ::1 /Public/html/css/bootstrap.min.css.map
ERR: 无法加载控制器:Html

[ 2018-09-28T15:24:26+08:00 ] ::1 /Public/html/css/bootstrap.min.css.map
ERR: 无法加载控制器:Html

[ 2018-09-28T15:26:31+08:00 ] ::1 /Public/html/css/bootstrap.min.css.map
ERR: 无法加载控制器:Html

[ 2018-09-28T15:26:31+08:00 ] ::1 /Public/Upload/excel/%E5%8D%B3%E6%97%B6%E7%89%A9%E6%96%99%E4%BF%A1%E6%81%AF_20180928.xlsx
ERR: 无法加载控制器:Upload

[ 2018-09-28T15:31:10+08:00 ] ::1 /Public/html/css/bootstrap.min.css.map
ERR: 无法加载控制器:Html

[ 2018-09-28T15:32:40+08:00 ] ::1 /Public/html/css/bootstrap.min.css.map
ERR: 无法加载控制器:Html

[ 2018-09-28T15:32:57+08:00 ] ::1 /Public/html/css/bootstrap.min.css.map
ERR: 无法加载控制器:Html

[ 2018-09-28T15:33:20+08:00 ] ::1 /Public/html/css/bootstrap.min.css.map
ERR: 无法加载控制器:Html

[ 2018-09-28T15:33:35+08:00 ] ::1 /Public/html/css/bootstrap.min.css.map
ERR: 无法加载控制器:Html

[ 2018-09-28T15:33:59+08:00 ] ::1 /Public/html/css/bootstrap.min.css.map
ERR: 无法加载控制器:Html

[ 2018-09-28T15:34:36+08:00 ] ::1 /Public/html/css/bootstrap.min.css.map
ERR: 无法加载控制器:Html

[ 2018-09-28T15:35:56+08:00 ] ::1 /Public/html/css/bootstrap.min.css.map
ERR: 无法加载控制器:Html

[ 2018-09-28T15:36:12+08:00 ] ::1 /Public/html/css/bootstrap.min.css.map
ERR: 无法加载控制器:Html

[ 2018-09-28T15:36:30+08:00 ] ::1 /Public/html/css/bootstrap.min.css.map
ERR: 无法加载控制器:Html

[ 2018-09-28T15:36:44+08:00 ] ::1 /Public/html/css/bootstrap.min.css.map
ERR: 无法加载控制器:Html

[ 2018-09-28T15:38:03+08:00 ] ::1 /Public/html/css/bootstrap.min.css.map
ERR: 无法加载控制器:Html

[ 2018-09-28T15:39:00+08:00 ] ::1 /Public/html/css/bootstrap.min.css.map
ERR: 无法加载控制器:Html

[ 2018-09-28T15:39:17+08:00 ] ::1 /Public/Upload/excel/%E5%8D%B3%E6%97%B6%E7%89%A9%E6%96%99%E4%BF%A1%E6%81%AF_20180928.xlsx
ERR: 无法加载控制器:Upload

[ 2018-09-28T15:39:28+08:00 ] ::1 /Public/html/css/bootstrap.min.css.map
ERR: 无法加载控制器:Html

[ 2018-09-28T15:41:44+08:00 ] ::1 /Public/html/css/bootstrap.min.css.map
ERR: 无法加载控制器:Html

[ 2018-09-28T15:42:00+08:00 ] ::1 /Public/Upload/excel/%E5%8D%B3%E6%97%B6%E7%89%A9%E6%96%99%E4%BF%A1%E6%81%AF_20180928.xlsx
ERR: 无法加载控制器:Upload

[ 2018-09-28T15:42:02+08:00 ] ::1 /Public/Upload/excel/%E5%8D%B3%E6%97%B6%E7%89%A9%E6%96%99%E4%BF%A1%E6%81%AF_20180928.xlsx
ERR: 无法加载控制器:Upload

[ 2018-09-28T15:42:16+08:00 ] ::1 /Public/html/css/bootstrap.min.css.map
ERR: 无法加载控制器:Html

[ 2018-09-28T15:42:48+08:00 ] ::1 /Public/html/css/bootstrap.min.css.map
ERR: 无法加载控制器:Html

[ 2018-09-28T15:43:10+08:00 ] ::1 /Public/Upload/excel/%E5%8D%B3%E6%97%B6%E7%89%A9%E6%96%99%E4%BF%A1%E6%81%AF_20180928.xlsx
ERR: 无法加载控制器:Upload

[ 2018-09-28T15:44:11+08:00 ] ::1 /Public/html/css/bootstrap.min.css.map
ERR: 无法加载控制器:Html

[ 2018-09-28T15:44:57+08:00 ] ::1 /Public/html/css/bootstrap.min.css.map
ERR: 无法加载控制器:Html

[ 2018-09-28T15:45:04+08:00 ] ::1 /Public/Upload/excel/%E5%8D%B3%E6%97%B6%E7%89%A9%E6%96%99%E4%BF%A1%E6%81%AF_20180928.xlsx
ERR: 无法加载控制器:Upload

[ 2018-09-28T15:46:45+08:00 ] ::1 /Public/html/css/bootstrap.min.css.map
ERR: 无法加载控制器:Html

[ 2018-09-28T15:47:20+08:00 ] ::1 /Public/Upload/excel/%E5%8D%B3%E6%97%B6%E7%89%A9%E6%96%99%E4%BF%A1%E6%81%AF_20180928.xlsx
ERR: 无法加载控制器:Upload

[ 2018-09-28T15:47:20+08:00 ] ::1 /Public/Upload/excel/%E5%8D%B3%E6%97%B6%E7%89%A9%E6%96%99%E4%BF%A1%E6%81%AF_20180928.xlsx
ERR: 无法加载控制器:Upload

[ 2018-09-28T15:47:51+08:00 ] ::1 /Public/html/css/bootstrap.min.css.map
ERR: 无法加载控制器:Html

[ 2018-09-28T15:49:57+08:00 ] ::1 /Public/html/css/bootstrap.min.css.map
ERR: 无法加载控制器:Html

[ 2018-09-28T15:50:00+08:00 ] ::1 /Public/html/css/bootstrap.min.css.map
ERR: 无法加载控制器:Html

[ 2018-09-28T15:51:16+08:00 ] ::1 /Public/html/css/bootstrap.min.css.map
ERR: 无法加载控制器:Html

[ 2018-09-28T15:51:16+08:00 ] ::1 /Public/html/css/bootstrap.min.css.map
ERR: 无法加载控制器:Html

[ 2018-09-28T15:51:16+08:00 ] ::1 /Public/html/css/bootstrap.min.css.map
ERR: 无法加载控制器:Html

[ 2018-09-28T15:51:16+08:00 ] ::1 /Public/html/css/bootstrap.min.css.map
ERR: 无法加载控制器:Html

[ 2018-09-28T15:51:54+08:00 ] ::1 /Public/html/css/bootstrap.min.css.map
ERR: 无法加载控制器:Html

[ 2018-09-28T15:51:54+08:00 ] ::1 /Public/html/css/bootstrap.min.css.map
ERR: 无法加载控制器:Html

[ 2018-09-28T15:51:54+08:00 ] ::1 /Public/html/css/bootstrap.min.css.map
ERR: 无法加载控制器:Html

[ 2018-09-28T15:51:54+08:00 ] ::1 /Public/html/css/bootstrap.min.css.map
ERR: 无法加载控制器:Html

[ 2018-09-28T15:51:55+08:00 ] ::1 /Public/html/css/bootstrap.min.css.map
ERR: 无法加载控制器:Html

[ 2018-09-28T15:51:56+08:00 ] ::1 /Public/html/css/bootstrap.min.css.map
ERR: 无法加载控制器:Html

[ 2018-09-28T15:51:56+08:00 ] ::1 /Public/html/css/bootstrap.min.css.map
ERR: 无法加载控制器:Html

[ 2018-09-28T15:51:56+08:00 ] ::1 /Public/html/css/bootstrap.min.css.map
ERR: 无法加载控制器:Html

[ 2018-09-28T15:51:56+08:00 ] ::1 /Public/html/css/bootstrap.min.css.map
ERR: 无法加载控制器:Html

[ 2018-09-28T15:51:56+08:00 ] ::1 /Public/html/css/bootstrap.min.css.map
ERR: 无法加载控制器:Html

[ 2018-09-28T15:51:58+08:00 ] ::1 /Public/html/css/bootstrap.min.css.map
ERR: 无法加载控制器:Html

[ 2018-09-28T15:51:58+08:00 ] ::1 /Public/html/css/bootstrap.min.css.map
ERR: 无法加载控制器:Html

[ 2018-09-28T15:51:58+08:00 ] ::1 /Public/html/css/bootstrap.min.css.map
ERR: 无法加载控制器:Html

[ 2018-09-28T15:51:59+08:00 ] ::1 /Public/html/css/bootstrap.min.css.map
ERR: 无法加载控制器:Html

[ 2018-09-28T15:51:59+08:00 ] ::1 /Public/html/css/bootstrap.min.css.map
ERR: 无法加载控制器:Html

[ 2018-09-28T15:51:59+08:00 ] ::1 /Public/html/css/bootstrap.min.css.map
ERR: 无法加载控制器:Html

[ 2018-09-28T15:55:49+08:00 ] ::1 /Public/html/css/bootstrap.min.css.map
ERR: 无法加载控制器:Html

[ 2018-09-28T15:55:57+08:00 ] ::1 /Public/html/css/bootstrap.min.css.map
ERR: 无法加载控制器:Html

[ 2018-09-28T15:57:25+08:00 ] ::1 /Public/html/css/bootstrap.min.css.map
ERR: 无法加载控制器:Html

[ 2018-09-28T15:57:25+08:00 ] ::1 /Public/html/css/bootstrap.min.css.map
ERR: 无法加载控制器:Html

[ 2018-09-28T15:57:25+08:00 ] ::1 /Public/html/css/bootstrap.min.css.map
ERR: 无法加载控制器:Html

[ 2018-09-28T15:57:25+08:00 ] ::1 /Public/html/css/bootstrap.min.css.map
ERR: 无法加载控制器:Html

[ 2018-09-28T15:57:28+08:00 ] ::1 /Public/html/css/bootstrap.min.css.map
ERR: 无法加载控制器:Html

[ 2018-09-28T15:57:28+08:00 ] ::1 /Public/html/css/bootstrap.min.css.map
ERR: 无法加载控制器:Html

[ 2018-09-28T15:57:28+08:00 ] ::1 /Public/html/css/bootstrap.min.css.map
ERR: 无法加载控制器:Html

[ 2018-09-28T16:04:54+08:00 ] ::1 /Public/html/css/bootstrap.min.css.map
ERR: 无法加载控制器:Html

[ 2018-09-28T16:04:59+08:00 ] ::1 /Public/html/css/bootstrap.min.css.map
ERR: 无法加载控制器:Html

[ 2018-09-28T16:06:12+08:00 ] ::1 /Public/html/css/bootstrap.min.css.map
ERR: 无法加载控制器:Html

[ 2018-09-28T16:07:25+08:00 ] ::1 /Public/html/css/bootstrap.min.css.map
ERR: 无法加载控制器:Html

[ 2018-09-28T16:07:49+08:00 ] ::1 /Public/html/css/bootstrap.min.css.map
ERR: 无法加载控制器:Html

[ 2018-09-28T16:08:12+08:00 ] ::1 /Public/html/css/bootstrap.min.css.map
ERR: 无法加载控制器:Html

[ 2018-09-28T16:09:39+08:00 ] ::1 /Public/html/css/bootstrap.min.css.map
ERR: 无法加载控制器:Html

[ 2018-09-28T16:10:43+08:00 ] ::1 /Public/html/css/bootstrap.min.css.map
ERR: 无法加载控制器:Html

[ 2018-09-28T16:11:04+08:00 ] ::1 /Public/html/css/bootstrap.min.css.map
ERR: 无法加载控制器:Html

[ 2018-09-28T16:11:12+08:00 ] ::1 /Public/html/css/bootstrap.min.css.map
ERR: 无法加载控制器:Html

[ 2018-09-28T16:11:32+08:00 ] ::1 /Public/html/css/bootstrap.min.css.map
ERR: 无法加载控制器:Html

[ 2018-09-28T16:11:32+08:00 ] ::1 /Public/html/css/bootstrap.min.css.map
ERR: 无法加载控制器:Html

[ 2018-09-28T16:11:36+08:00 ] ::1 /Public/html/css/bootstrap.min.css.map
ERR: 无法加载控制器:Html

[ 2018-09-28T16:11:42+08:00 ] ::1 /Public/html/css/bootstrap.min.css.map
ERR: 无法加载控制器:Html

[ 2018-09-28T16:11:59+08:00 ] ::1 /Public/html/css/bootstrap.min.css.map
ERR: 无法加载控制器:Html

[ 2018-09-28T16:12:56+08:00 ] ::1 /Public/html/css/bootstrap.min.css.map
ERR: 无法加载控制器:Html

[ 2018-09-28T16:13:34+08:00 ] ::1 /Public/html/css/bootstrap.min.css.map
ERR: 无法加载控制器:Html

[ 2018-09-28T16:13:40+08:00 ] ::1 /Public/html/css/bootstrap.min.css.map
ERR: 无法加载控制器:Html

[ 2018-09-28T16:13:44+08:00 ] ::1 /Public/html/css/bootstrap.min.css.map
ERR: 无法加载控制器:Html

[ 2018-09-28T16:13:51+08:00 ] ::1 /Public/html/css/bootstrap.min.css.map
ERR: 无法加载控制器:Html

[ 2018-09-28T16:13:54+08:00 ] ::1 /Public/html/css/bootstrap.min.css.map
ERR: 无法加载控制器:Html

[ 2018-09-28T16:14:00+08:00 ] ::1 /Public/html/css/bootstrap.min.css.map
ERR: 无法加载控制器:Html

[ 2018-09-28T16:14:05+08:00 ] ::1 /Public/html/css/bootstrap.min.css.map
ERR: 无法加载控制器:Html

[ 2018-09-28T16:14:16+08:00 ] ::1 /Public/html/css/bootstrap.min.css.map
ERR: 无法加载控制器:Html

[ 2018-09-28T16:14:40+08:00 ] ::1 /Public/html/css/bootstrap.min.css.map
ERR: 无法加载控制器:Html

[ 2018-09-28T16:29:33+08:00 ] ::1 /Public/html/css/bootstrap.min.css.map
ERR: 无法加载控制器:Html

[ 2018-09-28T16:30:08+08:00 ] ::1 /Public/html/css/bootstrap.min.css.map
ERR: 无法加载控制器:Html

[ 2018-09-28T16:41:49+08:00 ] ::1 /Public/html/css/bootstrap.min.css.map
ERR: 无法加载控制器:Html

[ 2018-09-28T16:43:07+08:00 ] ::1 /Public/html/css/bootstrap.min.css.map
ERR: 无法加载控制器:Html

[ 2018-09-28T16:44:17+08:00 ] ::1 /Public/html/css/bootstrap.min.css.map
ERR: 无法加载控制器:Html

[ 2018-09-28T16:45:06+08:00 ] ::1 /Public/html/css/bootstrap.min.css.map
ERR: 无法加载控制器:Html

[ 2018-09-28T16:45:27+08:00 ] ::1 /Public/html/css/bootstrap.min.css.map
ERR: 无法加载控制器:Html

[ 2018-09-28T16:47:15+08:00 ] ::1 /Public/html/css/bootstrap.min.css.map
ERR: 无法加载控制器:Html

[ 2018-09-28T16:47:23+08:00 ] ::1 /Public/html/css/bootstrap.min.css.map
ERR: 无法加载控制器:Html

[ 2018-09-28T16:48:35+08:00 ] ::1 /Public/html/css/bootstrap.min.css.map
ERR: 无法加载控制器:Html

[ 2018-09-28T16:48:56+08:00 ] ::1 /Public/html/css/bootstrap.min.css.map
ERR: 无法加载控制器:Html

[ 2018-09-28T16:49:24+08:00 ] ::1 /Public/html/css/bootstrap.min.css.map
ERR: 无法加载控制器:Html

[ 2018-09-28T16:49:51+08:00 ] ::1 /Public/html/css/bootstrap.min.css.map
ERR: 无法加载控制器:Html

[ 2018-09-28T16:51:08+08:00 ] ::1 /Public/html/css/bootstrap.min.css.map
ERR: 无法加载控制器:Html

[ 2018-09-28T16:53:46+08:00 ] ::1 /Public/html/css/bootstrap.min.css.map
ERR: 无法加载控制器:Html

[ 2018-09-28T16:56:56+08:00 ] ::1 /Public/html/css/bootstrap.min.css.map
ERR: 无法加载控制器:Html

[ 2018-09-28T17:00:52+08:00 ] ::1 /Public/html/css/bootstrap.min.css.map
ERR: 无法加载控制器:Html

[ 2018-09-28T17:02:39+08:00 ] ::1 /Public/html/css/bootstrap.min.css.map
ERR: 无法加载控制器:Html

[ 2018-09-28T17:02:44+08:00 ] ::1 /Public/html/css/bootstrap.min.css.map
ERR: 无法加载控制器:Html

[ 2018-09-28T17:04:04+08:00 ] ::1 /Public/html/css/bootstrap.min.css.map
ERR: 无法加载控制器:Html

[ 2018-09-28T17:04:24+08:00 ] ::1 /Public/html/css/bootstrap.min.css.map
ERR: 无法加载控制器:Html

[ 2018-09-28T17:05:21+08:00 ] ::1 /Public/html/css/bootstrap.min.css.map
ERR: 无法加载控制器:Html

[ 2018-09-28T17:07:04+08:00 ] ::1 /Public/html/css/bootstrap.min.css.map
ERR: 无法加载控制器:Html

[ 2018-09-28T17:08:24+08:00 ] ::1 /Public/html/css/bootstrap.min.css.map
ERR: 无法加载控制器:Html

[ 2018-09-28T17:08:48+08:00 ] ::1 /Public/html/css/bootstrap.min.css.map
ERR: 无法加载控制器:Html

[ 2018-09-28T17:09:06+08:00 ] ::1 /Public/html/css/bootstrap.min.css.map
ERR: 无法加载控制器:Html

[ 2018-09-28T17:09:42+08:00 ] ::1 /Public/html/css/bootstrap.min.css.map
ERR: 无法加载控制器:Html

[ 2018-09-28T17:11:43+08:00 ] ::1 /Public/html/css/bootstrap.min.css.map
ERR: 无法加载控制器:Html

[ 2018-09-28T17:11:51+08:00 ] ::1 /Public/html/css/bootstrap.min.css.map
ERR: 无法加载控制器:Html

[ 2018-09-28T17:12:13+08:00 ] ::1 /Public/html/css/bootstrap.min.css.map
ERR: 无法加载控制器:Html

[ 2018-09-28T17:19:22+08:00 ] ::1 /Public/html/css/bootstrap.min.css.map
ERR: 无法加载控制器:Html

[ 2018-09-28T17:23:07+08:00 ] ::1 /Public/html/css/bootstrap.min.css.map
ERR: 无法加载控制器:Html

[ 2018-09-28T17:24:33+08:00 ] ::1 /Public/html/css/bootstrap.min.css.map
ERR: 无法加载控制器:Html

[ 2018-09-28T17:24:38+08:00 ] ::1 /Public/html/css/bootstrap.min.css.map
ERR: 无法加载控制器:Html

[ 2018-09-28T17:39:11+08:00 ] ::1 /Public/html/css/bootstrap.min.css.map
ERR: 无法加载控制器:Html

[ 2018-09-28T17:43:19+08:00 ] ::1 /Public/html/css/bootstrap.min.css.map
ERR: 无法加载控制器:Html

[ 2018-09-28T17:43:51+08:00 ] ::1 /Public/html/css/bootstrap.min.css.map
ERR: 无法加载控制器:Html

[ 2018-09-28T17:43:58+08:00 ] ::1 /Public/html/css/bootstrap.min.css.map
ERR: 无法加载控制器:Html

[ 2018-09-28T17:52:23+08:00 ] ::1 /Public/html/css/bootstrap.min.css.map
ERR: 无法加载控制器:Html

[ 2018-09-28T17:53:00+08:00 ] ::1 /Public/html/css/bootstrap.min.css.map
ERR: 无法加载控制器:Html

[ 2018-09-28T17:53:24+08:00 ] ::1 /Public/html/css/bootstrap.min.css.map
ERR: 无法加载控制器:Html

[ 2018-09-28T17:54:06+08:00 ] ::1 /Public/html/css/bootstrap.min.css.map
ERR: 无法加载控制器:Html

[ 2018-09-28T17:54:13+08:00 ] ::1 /Public/html/css/bootstrap.min.css.map
ERR: 无法加载控制器:Html

[ 2018-09-28T17:55:23+08:00 ] ::1 /Public/html/css/bootstrap.min.css.map
ERR: 无法加载控制器:Html

[ 2018-09-28T17:56:33+08:00 ] ::1 /Public/html/css/bootstrap.min.css.map
ERR: 无法加载控制器:Html

[ 2018-09-28T17:58:10+08:00 ] ::1 /Public/html/css/bootstrap.min.css.map
ERR: 无法加载控制器:Html

[ 2018-09-28T17:58:34+08:00 ] ::1 /Public/html/css/bootstrap.min.css.map
ERR: 无法加载控制器:Html

[ 2018-09-28T17:59:10+08:00 ] ::1 /Public/html/css/bootstrap.min.css.map
ERR: 无法加载控制器:Html

[ 2018-09-28T18:00:04+08:00 ] ::1 /Public/html/css/bootstrap.min.css.map
ERR: 无法加载控制器:Html

[ 2018-09-28T18:00:24+08:00 ] ::1 /Public/html/css/bootstrap.min.css.map
ERR: 无法加载控制器:Html

[ 2018-09-28T18:02:15+08:00 ] ::1 /Public/html/css/bootstrap.min.css.map
ERR: 无法加载控制器:Html

[ 2018-09-28T18:03:40+08:00 ] ::1 /Public/html/css/bootstrap.min.css.map
ERR: 无法加载控制器:Html

[ 2018-09-28T18:04:00+08:00 ] ::1 /Public/html/css/bootstrap.min.css.map
ERR: 无法加载控制器:Html

[ 2018-09-28T18:52:48+08:00 ] ::1 /Public/html/css/bootstrap.min.css.map
ERR: 无法加载控制器:Html

[ 2018-09-28T18:52:56+08:00 ] ::1 /Public/html/css/bootstrap.min.css.map
ERR: 无法加载控制器:Html

[ 2018-09-28T18:53:52+08:00 ] ::1 /Public/html/css/bootstrap.min.css.map
ERR: 无法加载控制器:Html

[ 2018-09-28T18:54:05+08:00 ] ::1 /Public/html/css/bootstrap.min.css.map
ERR: 无法加载控制器:Html

[ 2018-09-28T18:54:24+08:00 ] ::1 /Public/html/css/bootstrap.min.css.map
ERR: 无法加载控制器:Html

[ 2018-09-28T18:54:51+08:00 ] ::1 /Public/html/css/bootstrap.min.css.map
ERR: 无法加载控制器:Html

[ 2018-09-28T18:55:30+08:00 ] ::1 /Public/html/css/bootstrap.min.css.map
ERR: 无法加载控制器:Html

[ 2018-09-28T18:55:44+08:00 ] ::1 /Public/html/css/bootstrap.min.css.map
ERR: 无法加载控制器:Html

[ 2018-09-28T18:56:12+08:00 ] ::1 /Public/html/css/bootstrap.min.css.map
ERR: 无法加载控制器:Html

[ 2018-09-28T18:56:40+08:00 ] ::1 /Public/html/css/bootstrap.min.css.map
ERR: 无法加载控制器:Html

[ 2018-09-28T18:57:38+08:00 ] ::1 /Public/html/css/bootstrap.min.css.map
ERR: 无法加载控制器:Html

[ 2018-09-28T18:58:34+08:00 ] ::1 /Public/html/css/bootstrap.min.css.map
ERR: 无法加载控制器:Html

[ 2018-09-28T18:58:55+08:00 ] ::1 /Public/html/css/bootstrap.min.css.map
ERR: 无法加载控制器:Html

[ 2018-09-28T18:59:21+08:00 ] ::1 /Public/html/css/bootstrap.min.css.map
ERR: 无法加载控制器:Html

[ 2018-09-28T18:59:43+08:00 ] ::1 /Public/html/css/bootstrap.min.css.map
ERR: 无法加载控制器:Html

[ 2018-09-28T19:00:12+08:00 ] ::1 /Public/html/css/bootstrap.min.css.map
ERR: 无法加载控制器:Html

[ 2018-09-28T19:00:36+08:00 ] ::1 /Public/html/css/bootstrap.min.css.map
ERR: 无法加载控制器:Html

[ 2018-09-28T19:00:54+08:00 ] ::1 /Public/html/css/bootstrap.min.css.map
ERR: 无法加载控制器:Html

[ 2018-09-28T19:01:37+08:00 ] ::1 /Public/html/css/bootstrap.min.css.map
ERR: 无法加载控制器:Html

[ 2018-09-28T19:03:00+08:00 ] ::1 /Public/html/css/bootstrap.min.css.map
ERR: 无法加载控制器:Html

[ 2018-09-28T19:03:41+08:00 ] ::1 /Public/html/css/bootstrap.min.css.map
ERR: 无法加载控制器:Html

[ 2018-09-28T19:04:13+08:00 ] ::1 /Public/html/css/bootstrap.min.css.map
ERR: 无法加载控制器:Html

[ 2018-09-28T19:04:18+08:00 ] ::1 /Public/html/css/bootstrap.min.css.map
ERR: 无法加载控制器:Html

[ 2018-09-28T19:04:27+08:00 ] ::1 /Public/html/css/bootstrap.min.css.map
ERR: 无法加载控制器:Html

[ 2018-09-28T19:04:46+08:00 ] ::1 /Public/html/css/bootstrap.min.css.map
ERR: 无法加载控制器:Html

[ 2018-09-28T19:04:59+08:00 ] ::1 /Public/html/css/bootstrap.min.css.map
ERR: 无法加载控制器:Html

[ 2018-09-28T19:07:50+08:00 ] ::1 /Public/html/css/bootstrap.min.css.map
ERR: 无法加载控制器:Html

[ 2018-09-28T19:11:07+08:00 ] ::1 /Public/html/css/bootstrap.min.css.map
ERR: 无法加载控制器:Html

[ 2018-09-28T19:14:39+08:00 ] ::1 /Public/html/css/bootstrap.min.css.map
ERR: 无法加载控制器:Html

[ 2018-09-28T19:16:50+08:00 ] ::1 /Public/html/css/bootstrap.min.css.map
ERR: 无法加载控制器:Html

[ 2018-09-28T19:18:55+08:00 ] ::1 /Public/html/css/bootstrap.min.css.map
ERR: 无法加载控制器:Html

[ 2018-09-28T19:19:03+08:00 ] ::1 /Public/html/css/bootstrap.min.css.map
ERR: 无法加载控制器:Html

[ 2018-09-28T19:19:06+08:00 ] ::1 /Public/html/css/bootstrap.min.css.map
ERR: 无法加载控制器:Html

[ 2018-09-28T19:22:39+08:00 ] ::1 /Public/html/css/bootstrap.min.css.map
ERR: 无法加载控制器:Html

[ 2018-09-28T19:23:08+08:00 ] ::1 /Public/html/css/bootstrap.min.css.map
ERR: 无法加载控制器:Html

[ 2018-09-28T19:33:45+08:00 ] ::1 /Public/html/css/bootstrap.min.css.map
ERR: 无法加载控制器:Html

[ 2018-09-28T19:37:21+08:00 ] ::1 /Public/html/css/bootstrap.min.css.map
ERR: 无法加载控制器:Html

[ 2018-09-28T19:38:09+08:00 ] ::1 /Public/html/css/bootstrap.min.css.map
ERR: 无法加载控制器:Html

[ 2018-09-28T19:42:10+08:00 ] ::1 /Public/html/css/bootstrap.min.css.map
ERR: 无法加载控制器:Html

[ 2018-09-28T19:44:24+08:00 ] ::1 /Public/html/css/bootstrap.min.css.map
ERR: 无法加载控制器:Html

[ 2018-09-28T19:45:45+08:00 ] ::1 /Public/html/css/bootstrap.min.css.map
ERR: 无法加载控制器:Html

[ 2018-09-28T19:48:08+08:00 ] ::1 /Public/html/css/bootstrap.min.css.map
ERR: 无法加载控制器:Html

[ 2018-09-28T19:48:19+08:00 ] ::1 /Public/html/css/bootstrap.min.css.map
ERR: 无法加载控制器:Html

[ 2018-09-28T19:50:11+08:00 ] ::1 /Public/html/css/bootstrap.min.css.map
ERR: 无法加载控制器:Html

[ 2018-09-28T19:53:11+08:00 ] ::1 /Public/html/css/bootstrap.min.css.map
ERR: 无法加载控制器:Html

[ 2018-09-28T19:53:28+08:00 ] ::1 /Public/html/css/bootstrap.min.css.map
ERR: 无法加载控制器:Html

[ 2018-09-28T19:54:19+08:00 ] ::1 /Public/html/css/bootstrap.min.css.map
ERR: 无法加载控制器:Html

[ 2018-09-28T19:55:37+08:00 ] ::1 /Public/html/css/bootstrap.min.css.map
ERR: 无法加载控制器:Html

[ 2018-09-28T19:56:44+08:00 ] ::1 /Public/html/css/bootstrap.min.css.map
ERR: 无法加载控制器:Html

[ 2018-09-28T19:57:30+08:00 ] ::1 /Public/html/css/bootstrap.min.css.map
ERR: 无法加载控制器:Html

[ 2018-09-28T19:58:33+08:00 ] ::1 /Public/html/css/bootstrap.min.css.map
ERR: 无法加载控制器:Html

[ 2018-09-28T20:00:20+08:00 ] ::1 /Public/html/css/bootstrap.min.css.map
ERR: 无法加载控制器:Html

[ 2018-09-28T20:02:42+08:00 ] ::1 /Public/html/css/bootstrap.min.css.map
ERR: 无法加载控制器:Html

[ 2018-09-28T20:07:23+08:00 ] ::1 /Public/html/css/bootstrap.min.css.map
ERR: 无法加载控制器:Html

[ 2018-09-28T20:08:00+08:00 ] ::1 /Public/html/css/bootstrap.min.css.map
ERR: 无法加载控制器:Html

[ 2018-09-28T20:08:21+08:00 ] ::1 /Public/html/css/bootstrap.min.css.map
ERR: 无法加载控制器:Html

[ 2018-09-28T20:20:32+08:00 ] ::1 /Public/html/css/bootstrap.min.css.map
ERR: 无法加载控制器:Html

[ 2018-09-28T20:21:03+08:00 ] ::1 /Public/html/css/bootstrap.min.css.map
ERR: 无法加载控制器:Html

[ 2018-09-28T20:21:52+08:00 ] ::1 /Public/html/css/bootstrap.min.css.map
ERR: 无法加载控制器:Html

[ 2018-09-28T20:30:15+08:00 ] ::1 /Public/html/css/bootstrap.min.css.map
ERR: 无法加载控制器:Html

[ 2018-09-28T20:31:47+08:00 ] ::1 /Public/html/css/bootstrap.min.css.map
ERR: 无法加载控制器:Html

[ 2018-09-28T20:33:50+08:00 ] ::1 /Public/html/css/bootstrap.min.css.map
ERR: 无法加载控制器:Html

[ 2018-09-28T20:36:00+08:00 ] ::1 /Public/html/css/bootstrap.min.css.map
ERR: 无法加载控制器:Html

[ 2018-09-28T20:37:16+08:00 ] ::1 /Public/html/css/bootstrap.min.css.map
ERR: 无法加载控制器:Html

[ 2018-09-28T20:38:12+08:00 ] ::1 /Public/html/css/bootstrap.min.css.map
ERR: 无法加载控制器:Html

[ 2018-09-28T20:40:48+08:00 ] ::1 /Public/html/css/bootstrap.min.css.map
ERR: 无法加载控制器:Html

[ 2018-09-28T20:41:16+08:00 ] ::1 /Public/html/css/bootstrap.min.css.map
ERR: 无法加载控制器:Html

[ 2018-09-28T20:41:58+08:00 ] ::1 /Public/html/css/bootstrap.min.css.map
ERR: 无法加载控制器:Html

[ 2018-09-28T20:54:01+08:00 ] ::1 /Public/html/css/bootstrap.min.css.map
ERR: 无法加载控制器:Html

[ 2018-09-28T20:55:10+08:00 ] ::1 /Public/html/css/bootstrap.min.css.map
ERR: 无法加载控制器:Html

[ 2018-09-28T20:55:42+08:00 ] ::1 /Public/html/css/bootstrap.min.css.map
ERR: 无法加载控制器:Html

[ 2018-09-28T20:56:16+08:00 ] ::1 /Public/html/css/bootstrap.min.css.map
ERR: 无法加载控制器:Html

[ 2018-09-28T20:57:06+08:00 ] ::1 /Public/html/css/bootstrap.min.css.map
ERR: 无法加载控制器:Html

[ 2018-09-28T20:59:27+08:00 ] ::1 /Public/html/css/bootstrap.min.css.map
ERR: 无法加载控制器:Html

[ 2018-09-28T21:01:10+08:00 ] ::1 /Public/html/css/bootstrap.min.css.map
ERR: 无法加载控制器:Html

[ 2018-09-28T21:06:46+08:00 ] ::1 /Public/html/css/bootstrap.min.css.map
ERR: 无法加载控制器:Html

[ 2018-09-28T21:09:59+08:00 ] ::1 /Public/html/css/bootstrap.min.css.map
ERR: 无法加载控制器:Html

[ 2018-09-28T21:10:37+08:00 ] ::1 /Public/html/css/bootstrap.min.css.map
ERR: 无法加载控制器:Html

[ 2018-09-28T21:11:36+08:00 ] ::1 /Public/html/css/bootstrap.min.css.map
ERR: 无法加载控制器:Html

[ 2018-09-28T21:13:43+08:00 ] ::1 /Public/html/css/bootstrap.min.css.map
ERR: 无法加载控制器:Html

[ 2018-09-28T21:18:45+08:00 ] ::1 /Public/html/css/bootstrap.min.css.map
ERR: 无法加载控制器:Html

[ 2018-09-28T21:22:55+08:00 ] ::1 /Public/html/css/bootstrap.min.css.map
ERR: 无法加载控制器:Html

[ 2018-09-28T21:23:14+08:00 ] ::1 /Public/html/css/bootstrap.min.css.map
ERR: 无法加载控制器:Html

[ 2018-09-28T21:24:05+08:00 ] ::1 /Public/html/css/bootstrap.min.css.map
ERR: 无法加载控制器:Html

[ 2018-09-28T21:26:50+08:00 ] ::1 /Public/html/css/bootstrap.min.css.map
ERR: 无法加载控制器:Html

[ 2018-09-28T21:27:18+08:00 ] ::1 /Public/html/css/bootstrap.min.css.map
ERR: 无法加载控制器:Html

[ 2018-09-28T21:27:59+08:00 ] ::1 /Public/html/css/bootstrap.min.css.map
ERR: 无法加载控制器:Html

[ 2018-09-28T21:28:48+08:00 ] ::1 /Public/html/css/bootstrap.min.css.map
ERR: 无法加载控制器:Html

[ 2018-09-28T21:29:20+08:00 ] ::1 /Public/html/css/bootstrap.min.css.map
ERR: 无法加载控制器:Html

[ 2018-09-28T21:30:50+08:00 ] ::1 /Public/html/css/bootstrap.min.css.map
ERR: 无法加载控制器:Html

[ 2018-09-28T21:33:24+08:00 ] ::1 /Public/html/css/bootstrap.min.css.map
ERR: 无法加载控制器:Html

[ 2018-09-28T21:34:13+08:00 ] ::1 /Public/html/css/bootstrap.min.css.map
ERR: 无法加载控制器:Html

[ 2018-09-28T21:35:03+08:00 ] ::1 /Public/html/css/bootstrap.min.css.map
ERR: 无法加载控制器:Html

[ 2018-09-28T21:37:48+08:00 ] ::1 /Public/html/css/bootstrap.min.css.map
ERR: 无法加载控制器:Html

[ 2018-09-28T21:38:18+08:00 ] ::1 /Public/html/css/bootstrap.min.css.map
ERR: 无法加载控制器:Html

[ 2018-09-28T21:38:33+08:00 ] ::1 /Public/html/css/bootstrap.min.css.map
ERR: 无法加载控制器:Html

[ 2018-09-28T21:38:38+08:00 ] ::1 /Public/html/css/bootstrap.min.css.map
ERR: 无法加载控制器:Html

[ 2018-09-28T21:38:45+08:00 ] ::1 /Public/html/css/bootstrap.min.css.map
ERR: 无法加载控制器:Html

[ 2018-09-28T21:39:13+08:00 ] ::1 /Public/html/css/bootstrap.min.css.map
ERR: 无法加载控制器:Html

