[ 2018-09-20T09:14:10+08:00 ] ::1 /Public/html/css/bootstrap.min.css.map
ERR: 无法加载控制器:Html

[ 2018-09-20T09:14:39+08:00 ] ::1 /Public/html/css/bootstrap.min.css.map
ERR: 无法加载控制器:Html

[ 2018-09-20T09:14:45+08:00 ] ::1 /Public/html/css/bootstrap.min.css.map
ERR: 无法加载控制器:Html

[ 2018-09-20T09:15:08+08:00 ] ::1 /Public/html/css/bootstrap.min.css.map
ERR: 无法加载控制器:Html

[ 2018-09-20T09:15:21+08:00 ] ::1 /Public/html/css/bootstrap.min.css.map
ERR: 无法加载控制器:Html

[ 2018-09-20T09:21:19+08:00 ] ::1 /Public/html/css/bootstrap.min.css.map
ERR: 无法加载控制器:Html

[ 2018-09-20T09:21:38+08:00 ] ::1 /Public/html/css/bootstrap.min.css.map
ERR: 无法加载控制器:Html

[ 2018-09-20T09:22:56+08:00 ] ::1 /Public/html/css/bootstrap.min.css.map
ERR: 无法加载控制器:Html

[ 2018-09-20T09:23:34+08:00 ] ::1 /Public/html/css/bootstrap.min.css.map
ERR: 无法加载控制器:Html

[ 2018-09-20T09:27:45+08:00 ] ::1 /Public/html/css/bootstrap.min.css.map
ERR: 无法加载控制器:Html

[ 2018-09-20T09:39:32+08:00 ] ::1 /Public/html/css/bootstrap.min.css.map
ERR: 无法加载控制器:Html

[ 2018-09-20T09:40:16+08:00 ] ::1 /Public/html/css/bootstrap.min.css.map
ERR: 无法加载控制器:Html

[ 2018-09-20T09:42:12+08:00 ] ::1 /Public/html/css/bootstrap.min.css.map
ERR: 无法加载控制器:Html

[ 2018-09-20T09:42:40+08:00 ] ::1 /Public/html/css/bootstrap.min.css.map
ERR: 无法加载控制器:Html

[ 2018-09-20T09:42:53+08:00 ] ::1 /Public/html/css/bootstrap.min.css.map
ERR: 无法加载控制器:Html

[ 2018-09-20T09:46:13+08:00 ] ::1 /Public/html/css/bootstrap.min.css.map
ERR: 无法加载控制器:Html

[ 2018-09-20T09:46:45+08:00 ] ::1 /Public/html/css/bootstrap.min.css.map
ERR: 无法加载控制器:Html

[ 2018-09-20T09:47:07+08:00 ] ::1 /Public/html/css/bootstrap.min.css.map
ERR: 无法加载控制器:Html

[ 2018-09-20T09:47:33+08:00 ] ::1 /Public/html/css/bootstrap.min.css.map
ERR: 无法加载控制器:Html

[ 2018-09-20T09:48:23+08:00 ] ::1 /Public/html/css/bootstrap.min.css.map
ERR: 无法加载控制器:Html

[ 2018-09-20T09:48:40+08:00 ] ::1 /Public/html/css/bootstrap.min.css.map
ERR: 无法加载控制器:Html

[ 2018-09-20T09:49:45+08:00 ] ::1 /Public/html/css/bootstrap.min.css.map
ERR: 无法加载控制器:Html

[ 2018-09-20T09:50:37+08:00 ] ::1 /Public/html/css/bootstrap.min.css.map
ERR: 无法加载控制器:Html

[ 2018-09-20T09:50:43+08:00 ] ::1 /Public/html/css/bootstrap.min.css.map
ERR: 无法加载控制器:Html

[ 2018-09-20T09:56:36+08:00 ] ::1 /Public/html/css/bootstrap.min.css.map
ERR: 无法加载控制器:Html

[ 2018-09-20T09:57:42+08:00 ] ::1 /Public/html/css/bootstrap.min.css.map
ERR: 无法加载控制器:Html

[ 2018-09-20T09:58:48+08:00 ] ::1 /Public/html/css/bootstrap.min.css.map
ERR: 无法加载控制器:Html

[ 2018-09-20T09:59:06+08:00 ] ::1 /Public/html/css/bootstrap.min.css.map
ERR: 无法加载控制器:Html

[ 2018-09-20T10:03:01+08:00 ] ::1 /Public/html/css/bootstrap.min.css.map
ERR: 无法加载控制器:Html

[ 2018-09-20T10:04:42+08:00 ] ::1 /Public/html/css/bootstrap.min.css.map
ERR: 无法加载控制器:Html

[ 2018-09-20T10:07:25+08:00 ] ::1 /Public/html/css/bootstrap.min.css.map
ERR: 无法加载控制器:Html

[ 2018-09-20T10:07:29+08:00 ] ::1 /Public/html/css/bootstrap.min.css.map
ERR: 无法加载控制器:Html

[ 2018-09-20T10:09:14+08:00 ] ::1 /Public/html/css/bootstrap.min.css.map
ERR: 无法加载控制器:Html

[ 2018-09-20T10:24:00+08:00 ] ::1 /Public/html/css/bootstrap.min.css.map
ERR: 无法加载控制器:Html

[ 2018-09-20T10:25:18+08:00 ] ::1 /Public/html/css/bootstrap.min.css.map
ERR: 无法加载控制器:Html

[ 2018-09-20T10:29:25+08:00 ] ::1 /Public/html/css/bootstrap.min.css.map
ERR: 无法加载控制器:Html

[ 2018-09-20T10:31:18+08:00 ] ::1 /Public/html/css/bootstrap.min.css.map
ERR: 无法加载控制器:Html

[ 2018-09-20T10:31:18+08:00 ] ::1 /Public/html/css/bootstrap.min.css.map
ERR: 无法加载控制器:Html

[ 2018-09-20T10:32:28+08:00 ] ::1 /Public/html/css/bootstrap.min.css.map
ERR: 无法加载控制器:Html

[ 2018-09-20T10:32:52+08:00 ] ::1 /Public/html/css/bootstrap.min.css.map
ERR: 无法加载控制器:Html

[ 2018-09-20T10:32:57+08:00 ] ::1 /Public/html/css/bootstrap.min.css.map
ERR: 无法加载控制器:Html

[ 2018-09-20T10:35:08+08:00 ] ::1 /Public/html/css/bootstrap.min.css.map
ERR: 无法加载控制器:Html

[ 2018-09-20T10:35:11+08:00 ] ::1 /Public/html/css/bootstrap.min.css.map
ERR: 无法加载控制器:Html

[ 2018-09-20T10:36:02+08:00 ] ::1 /Public/html/css/bootstrap.min.css.map
ERR: 无法加载控制器:Html

[ 2018-09-20T10:36:53+08:00 ] ::1 /Public/html/css/bootstrap.min.css.map
ERR: 无法加载控制器:Html

[ 2018-09-20T10:37:50+08:00 ] ::1 /Public/html/css/bootstrap.min.css.map
ERR: 无法加载控制器:Html

[ 2018-09-20T10:39:01+08:00 ] ::1 /Public/html/css/bootstrap.min.css.map
ERR: 无法加载控制器:Html

[ 2018-09-20T10:41:59+08:00 ] ::1 /Public/html/css/bootstrap.min.css.map
ERR: 无法加载控制器:Html

[ 2018-09-20T10:42:33+08:00 ] ::1 /Public/html/css/bootstrap.min.css.map
ERR: 无法加载控制器:Html

[ 2018-09-20T10:42:57+08:00 ] ::1 /Public/html/css/bootstrap.min.css.map
ERR: 无法加载控制器:Html

[ 2018-09-20T10:51:15+08:00 ] ::1 /Public/html/css/bootstrap.min.css.map
ERR: 无法加载控制器:Html

[ 2018-09-20T10:54:52+08:00 ] ::1 /Public/html/css/bootstrap.min.css.map
ERR: 无法加载控制器:Html

[ 2018-09-20T10:54:53+08:00 ] ::1 /Public/html/css/bootstrap.min.css.map
ERR: 无法加载控制器:Html

[ 2018-09-20T10:55:43+08:00 ] ::1 /Public/html/css/bootstrap.min.css.map
ERR: 无法加载控制器:Html

[ 2018-09-20T10:56:29+08:00 ] ::1 /Public/html/css/bootstrap.min.css.map
ERR: 无法加载控制器:Html

[ 2018-09-20T10:56:50+08:00 ] ::1 /Public/html/css/bootstrap.min.css.map
ERR: 无法加载控制器:Html

[ 2018-09-20T10:59:39+08:00 ] ::1 /Public/html/css/bootstrap.min.css.map
ERR: 无法加载控制器:Html

[ 2018-09-20T11:00:17+08:00 ] ::1 /Public/html/css/bootstrap.min.css.map
ERR: 无法加载控制器:Html

[ 2018-09-20T11:00:39+08:00 ] ::1 /Public/html/css/bootstrap.min.css.map
ERR: 无法加载控制器:Html

[ 2018-09-20T11:00:49+08:00 ] ::1 /Public/html/css/bootstrap.min.css.map
ERR: 无法加载控制器:Html

[ 2018-09-20T11:01:23+08:00 ] ::1 /Public/html/css/bootstrap.min.css.map
ERR: 无法加载控制器:Html

[ 2018-09-20T11:03:04+08:00 ] ::1 /Public/html/css/bootstrap.min.css.map
ERR: 无法加载控制器:Html

[ 2018-09-20T11:03:32+08:00 ] ::1 /Public/Upload/PDF/%E9%87%87%E8%B4%AD%E5%90%88%E5%90%8C.pdf
ERR: 无法加载控制器:Upload

[ 2018-09-20T11:03:44+08:00 ] ::1 /Public/Upload/PDF/11233
ERR: 无法加载控制器:Upload

[ 2018-09-20T11:05:40+08:00 ] ::1 /Public/html/css/bootstrap.min.css.map
ERR: 无法加载控制器:Html

[ 2018-09-20T11:06:27+08:00 ] ::1 /Public/html/css/bootstrap.min.css.map
ERR: 无法加载控制器:Html

[ 2018-09-20T11:13:58+08:00 ] ::1 /Public/html/css/bootstrap.min.css.map
ERR: 无法加载控制器:Html

[ 2018-09-20T11:14:54+08:00 ] ::1 /Public/html/css/bootstrap.min.css.map
ERR: 无法加载控制器:Html

[ 2018-09-20T11:15:27+08:00 ] ::1 /Public/html/css/bootstrap.min.css.map
ERR: 无法加载控制器:Html

[ 2018-09-20T11:15:42+08:00 ] ::1 /Public/html/css/bootstrap.min.css.map
ERR: 无法加载控制器:Html

[ 2018-09-20T11:17:37+08:00 ] ::1 /Public/html/css/bootstrap.min.css.map
ERR: 无法加载控制器:Html

[ 2018-09-20T11:18:05+08:00 ] ::1 /Public/html/css/bootstrap.min.css.map
ERR: 无法加载控制器:Html

[ 2018-09-20T11:18:27+08:00 ] ::1 /Public/html/css/bootstrap.min.css.map
ERR: 无法加载控制器:Html

[ 2018-09-20T11:18:36+08:00 ] ::1 /Public/html/css/bootstrap.min.css.map
ERR: 无法加载控制器:Html

[ 2018-09-20T11:26:26+08:00 ] ::1 /Public/html/css/bootstrap.min.css.map
ERR: 无法加载控制器:Html

[ 2018-09-20T11:29:41+08:00 ] ::1 /Public/html/css/bootstrap.min.css.map
ERR: 无法加载控制器:Html

[ 2018-09-20T11:29:57+08:00 ] ::1 /Public/html/css/bootstrap.min.css.map
ERR: 无法加载控制器:Html

[ 2018-09-20T11:31:00+08:00 ] ::1 /Public/html/css/bootstrap.min.css.map
ERR: 无法加载控制器:Html

[ 2018-09-20T11:31:47+08:00 ] ::1 /Public/html/css/bootstrap.min.css.map
ERR: 无法加载控制器:Html

[ 2018-09-20T11:32:12+08:00 ] ::1 /Public/html/css/bootstrap.min.css.map
ERR: 无法加载控制器:Html

[ 2018-09-20T11:32:44+08:00 ] ::1 /Public/html/css/bootstrap.min.css.map
ERR: 无法加载控制器:Html

[ 2018-09-20T11:33:25+08:00 ] ::1 /Public/html/css/bootstrap.min.css.map
ERR: 无法加载控制器:Html

[ 2018-09-20T11:34:54+08:00 ] ::1 /Public/html/css/bootstrap.min.css.map
ERR: 无法加载控制器:Html

[ 2018-09-20T11:37:23+08:00 ] ::1 /Public/html/css/bootstrap.min.css.map
ERR: 无法加载控制器:Html

[ 2018-09-20T11:39:05+08:00 ] ::1 /Public/html/css/bootstrap.min.css.map
ERR: 无法加载控制器:Html

[ 2018-09-20T11:49:36+08:00 ] ::1 /Public/html/css/bootstrap.min.css.map
ERR: 无法加载控制器:Html

[ 2018-09-20T11:50:25+08:00 ] ::1 /Public/html/css/bootstrap.min.css.map
ERR: 无法加载控制器:Html

[ 2018-09-20T11:51:12+08:00 ] ::1 /Public/html/css/bootstrap.min.css.map
ERR: 无法加载控制器:Html

[ 2018-09-20T11:51:34+08:00 ] ::1 /Public/html/css/bootstrap.min.css.map
ERR: 无法加载控制器:Html

[ 2018-09-20T11:53:01+08:00 ] ::1 /Public/html/css/bootstrap.min.css.map
ERR: 无法加载控制器:Html

[ 2018-09-20T11:53:01+08:00 ] ::1 /Public/html/css/bootstrap.min.css.map
ERR: 无法加载控制器:Html

[ 2018-09-20T11:55:58+08:00 ] ::1 /Public/html/css/bootstrap.min.css.map
ERR: 无法加载控制器:Html

[ 2018-09-20T11:56:50+08:00 ] ::1 /Public/html/css/bootstrap.min.css.map
ERR: 无法加载控制器:Html

[ 2018-09-20T11:58:09+08:00 ] ::1 /Public/html/css/bootstrap.min.css.map
ERR: 无法加载控制器:Html

[ 2018-09-20T11:58:49+08:00 ] ::1 /Public/html/css/bootstrap.min.css.map
ERR: 无法加载控制器:Html

[ 2018-09-20T12:00:20+08:00 ] ::1 /Public/html/css/bootstrap.min.css.map
ERR: 无法加载控制器:Html

[ 2018-09-20T12:00:32+08:00 ] ::1 /Public/html/css/bootstrap.min.css.map
ERR: 无法加载控制器:Html

[ 2018-09-20T12:02:00+08:00 ] ::1 /Public/html/css/bootstrap.min.css.map
ERR: 无法加载控制器:Html

[ 2018-09-20T13:04:32+08:00 ] ::1 /Public/html/css/bootstrap.min.css.map
ERR: 无法加载控制器:Html

[ 2018-09-20T13:04:48+08:00 ] ::1 /Public/html/css/bootstrap.min.css.map
ERR: 无法加载控制器:Html

[ 2018-09-20T13:05:09+08:00 ] ::1 /Public/html/css/bootstrap.min.css.map
ERR: 无法加载控制器:Html

[ 2018-09-20T13:05:57+08:00 ] ::1 /Public/html/css/bootstrap.min.css.map
ERR: 无法加载控制器:Html

[ 2018-09-20T13:09:02+08:00 ] ::1 /Public/html/css/bootstrap.min.css.map
ERR: 无法加载控制器:Html

[ 2018-09-20T13:10:54+08:00 ] ::1 /Public/html/css/bootstrap.min.css.map
ERR: 无法加载控制器:Html

[ 2018-09-20T13:11:19+08:00 ] ::1 /Public/html/css/bootstrap.min.css.map
ERR: 无法加载控制器:Html

[ 2018-09-20T13:12:13+08:00 ] ::1 /Public/html/css/bootstrap.min.css.map
ERR: 无法加载控制器:Html

[ 2018-09-20T13:12:20+08:00 ] ::1 /Public/html/css/bootstrap.min.css.map
ERR: 无法加载控制器:Html

[ 2018-09-20T13:12:38+08:00 ] ::1 /Public/html/css/bootstrap.min.css.map
ERR: 无法加载控制器:Html

[ 2018-09-20T13:12:50+08:00 ] ::1 /Public/html/css/bootstrap.min.css.map
ERR: 无法加载控制器:Html

[ 2018-09-20T13:13:16+08:00 ] ::1 /Public/html/css/bootstrap.min.css.map
ERR: 无法加载控制器:Html

[ 2018-09-20T13:14:11+08:00 ] ::1 /Public/html/css/bootstrap.min.css.map
ERR: 无法加载控制器:Html

[ 2018-09-20T13:17:32+08:00 ] ::1 /Public/html/css/bootstrap.min.css.map
ERR: 无法加载控制器:Html

[ 2018-09-20T13:18:40+08:00 ] ::1 /Public/html/css/bootstrap.min.css.map
ERR: 无法加载控制器:Html

[ 2018-09-20T13:19:24+08:00 ] ::1 /Public/html/css/bootstrap.min.css.map
ERR: 无法加载控制器:Html

[ 2018-09-20T13:21:12+08:00 ] ::1 /Public/html/css/bootstrap.min.css.map
ERR: 无法加载控制器:Html

[ 2018-09-20T13:21:14+08:00 ] ::1 /Public/html/css/bootstrap.min.css.map
ERR: 无法加载控制器:Html

[ 2018-09-20T13:21:17+08:00 ] ::1 /Public/html/css/bootstrap.min.css.map
ERR: 无法加载控制器:Html

[ 2018-09-20T13:21:41+08:00 ] ::1 /Public/html/css/bootstrap.min.css.map
ERR: 无法加载控制器:Html

[ 2018-09-20T13:21:55+08:00 ] ::1 /Public/html/css/bootstrap.min.css.map
ERR: 无法加载控制器:Html

[ 2018-09-20T13:22:16+08:00 ] ::1 /Public/html/css/bootstrap.min.css.map
ERR: 无法加载控制器:Html

[ 2018-09-20T13:22:23+08:00 ] ::1 /Public/html/css/bootstrap.min.css.map
ERR: 无法加载控制器:Html

[ 2018-09-20T13:23:00+08:00 ] ::1 /Public/html/css/bootstrap.min.css.map
ERR: 无法加载控制器:Html

[ 2018-09-20T13:23:06+08:00 ] ::1 /Public/html/css/bootstrap.min.css.map
ERR: 无法加载控制器:Html

[ 2018-09-20T13:28:35+08:00 ] ::1 /Public/html/css/bootstrap.min.css.map
ERR: 无法加载控制器:Html

[ 2018-09-20T13:28:39+08:00 ] ::1 /Public/html/css/bootstrap.min.css.map
ERR: 无法加载控制器:Html

[ 2018-09-20T13:28:45+08:00 ] ::1 /Public/html/css/bootstrap.min.css.map
ERR: 无法加载控制器:Html

[ 2018-09-20T13:28:54+08:00 ] ::1 /Public/html/css/bootstrap.min.css.map
ERR: 无法加载控制器:Html

[ 2018-09-20T13:29:05+08:00 ] ::1 /Public/html/css/bootstrap.min.css.map
ERR: 无法加载控制器:Html

[ 2018-09-20T13:29:11+08:00 ] ::1 /Public/html/css/bootstrap.min.css.map
ERR: 无法加载控制器:Html

[ 2018-09-20T13:29:24+08:00 ] ::1 /Public/html/css/bootstrap.min.css.map
ERR: 无法加载控制器:Html

[ 2018-09-20T13:29:37+08:00 ] ::1 /Public/html/css/bootstrap.min.css.map
ERR: 无法加载控制器:Html

[ 2018-09-20T13:29:58+08:00 ] ::1 /Public/html/css/bootstrap.min.css.map
ERR: 无法加载控制器:Html

[ 2018-09-20T13:30:49+08:00 ] ::1 /Public/html/css/bootstrap.min.css.map
ERR: 无法加载控制器:Html

[ 2018-09-20T13:31:53+08:00 ] ::1 /Public/html/css/bootstrap.min.css.map
ERR: 无法加载控制器:Html

[ 2018-09-20T13:31:53+08:00 ] ::1 /Public/html/css/bootstrap.min.css.map
ERR: 无法加载控制器:Html

[ 2018-09-20T13:32:07+08:00 ] ::1 /Public/html/css/bootstrap.min.css.map
ERR: 无法加载控制器:Html

[ 2018-09-20T13:32:14+08:00 ] ::1 /Public/html/css/bootstrap.min.css.map
ERR: 无法加载控制器:Html

[ 2018-09-20T13:32:24+08:00 ] ::1 /Public/html/css/bootstrap.min.css.map
ERR: 无法加载控制器:Html

[ 2018-09-20T13:33:50+08:00 ] ::1 /Public/html/css/bootstrap.min.css.map
ERR: 无法加载控制器:Html

[ 2018-09-20T13:33:58+08:00 ] ::1 /Public/html/css/bootstrap.min.css.map
ERR: 无法加载控制器:Html

[ 2018-09-20T13:34:02+08:00 ] ::1 /Public/html/css/bootstrap.min.css.map
ERR: 无法加载控制器:Html

[ 2018-09-20T13:34:09+08:00 ] ::1 /Public/html/css/bootstrap.min.css.map
ERR: 无法加载控制器:Html

[ 2018-09-20T13:34:10+08:00 ] ::1 /Public/html/css/bootstrap.min.css.map
ERR: 无法加载控制器:Html

[ 2018-09-20T13:34:18+08:00 ] ::1 /Public/html/css/bootstrap.min.css.map
ERR: 无法加载控制器:Html

[ 2018-09-20T13:34:21+08:00 ] ::1 /Public/html/css/bootstrap.min.css.map
ERR: 无法加载控制器:Html

[ 2018-09-20T13:34:31+08:00 ] ::1 /Public/html/css/bootstrap.min.css.map
ERR: 无法加载控制器:Html

[ 2018-09-20T13:34:43+08:00 ] ::1 /Public/html/css/bootstrap.min.css.map
ERR: 无法加载控制器:Html

[ 2018-09-20T13:34:59+08:00 ] ::1 /Public/html/css/bootstrap.min.css.map
ERR: 无法加载控制器:Html

[ 2018-09-20T13:35:03+08:00 ] ::1 /Public/html/css/bootstrap.min.css.map
ERR: 无法加载控制器:Html

[ 2018-09-20T13:35:06+08:00 ] ::1 /Public/html/css/bootstrap.min.css.map
ERR: 无法加载控制器:Html

[ 2018-09-20T13:35:17+08:00 ] ::1 /Public/html/css/bootstrap.min.css.map
ERR: 无法加载控制器:Html

[ 2018-09-20T13:35:27+08:00 ] ::1 /Public/html/css/bootstrap.min.css.map
ERR: 无法加载控制器:Html

[ 2018-09-20T13:35:37+08:00 ] ::1 /Public/html/css/bootstrap.min.css.map
ERR: 无法加载控制器:Html

[ 2018-09-20T13:35:43+08:00 ] ::1 /Public/html/css/bootstrap.min.css.map
ERR: 无法加载控制器:Html

[ 2018-09-20T13:35:59+08:00 ] ::1 /Public/html/css/bootstrap.min.css.map
ERR: 无法加载控制器:Html

[ 2018-09-20T13:36:07+08:00 ] ::1 /Public/html/css/bootstrap.min.css.map
ERR: 无法加载控制器:Html

[ 2018-09-20T13:36:52+08:00 ] ::1 /Public/html/css/bootstrap.min.css.map
ERR: 无法加载控制器:Html

[ 2018-09-20T13:39:05+08:00 ] ::1 /Public/html/css/bootstrap.min.css.map
ERR: 无法加载控制器:Html

[ 2018-09-20T13:42:01+08:00 ] ::1 /Public/html/css/bootstrap.min.css.map
ERR: 无法加载控制器:Html

[ 2018-09-20T13:42:14+08:00 ] ::1 /Public/html/css/bootstrap.min.css.map
ERR: 无法加载控制器:Html

[ 2018-09-20T13:42:31+08:00 ] ::1 /Public/html/css/bootstrap.min.css.map
ERR: 无法加载控制器:Html

[ 2018-09-20T13:42:43+08:00 ] ::1 /Public/html/css/bootstrap.min.css.map
ERR: 无法加载控制器:Html

[ 2018-09-20T13:43:26+08:00 ] ::1 /Public/html/css/bootstrap.min.css.map
ERR: 无法加载控制器:Html

[ 2018-09-20T13:45:08+08:00 ] ::1 /Public/html/css/bootstrap.min.css.map
ERR: 无法加载控制器:Html

[ 2018-09-20T13:47:44+08:00 ] ::1 /Public/html/css/bootstrap.min.css.map
ERR: 无法加载控制器:Html

[ 2018-09-20T13:51:12+08:00 ] ::1 /Public/html/css/bootstrap.min.css.map
ERR: 无法加载控制器:Html

[ 2018-09-20T13:56:26+08:00 ] ::1 /Public/html/css/bootstrap.min.css.map
ERR: 无法加载控制器:Html

[ 2018-09-20T13:59:15+08:00 ] ::1 /Public/html/css/bootstrap.min.css.map
ERR: 无法加载控制器:Html

[ 2018-09-20T14:03:31+08:00 ] ::1 /Public/html/css/bootstrap.min.css.map
ERR: 无法加载控制器:Html

[ 2018-09-20T14:04:38+08:00 ] ::1 /Public/html/css/bootstrap.min.css.map
ERR: 无法加载控制器:Html

[ 2018-09-20T14:08:20+08:00 ] ::1 /Public/html/css/bootstrap.min.css.map
ERR: 无法加载控制器:Html

[ 2018-09-20T14:08:22+08:00 ] ::1 /Public/html/css/bootstrap.min.css.map
ERR: 无法加载控制器:Html

[ 2018-09-20T14:08:27+08:00 ] ::1 /Public/html/css/bootstrap.min.css.map
ERR: 无法加载控制器:Html

[ 2018-09-20T14:08:28+08:00 ] ::1 /Public/html/css/bootstrap.min.css.map
ERR: 无法加载控制器:Html

[ 2018-09-20T14:10:12+08:00 ] ::1 /Public/html/css/bootstrap.min.css.map
ERR: 无法加载控制器:Html

[ 2018-09-20T14:12:06+08:00 ] ::1 /Public/html/css/bootstrap.min.css.map
ERR: 无法加载控制器:Html

[ 2018-09-20T14:12:53+08:00 ] ::1 /Public/html/css/bootstrap.min.css.map
ERR: 无法加载控制器:Html

[ 2018-09-20T14:13:07+08:00 ] ::1 /Public/html/css/bootstrap.min.css.map
ERR: 无法加载控制器:Html

[ 2018-09-20T14:13:22+08:00 ] ::1 /Public/html/css/bootstrap.min.css.map
ERR: 无法加载控制器:Html

[ 2018-09-20T14:14:04+08:00 ] ::1 /Public/html/css/bootstrap.min.css.map
ERR: 无法加载控制器:Html

[ 2018-09-20T14:14:17+08:00 ] ::1 /Public/html/css/bootstrap.min.css.map
ERR: 无法加载控制器:Html

[ 2018-09-20T14:16:08+08:00 ] ::1 /Public/html/css/bootstrap.min.css.map
ERR: 无法加载控制器:Html

[ 2018-09-20T14:16:52+08:00 ] ::1 /Public/html/css/bootstrap.min.css.map
ERR: 无法加载控制器:Html

[ 2018-09-20T14:17:00+08:00 ] ::1 /Public/html/css/bootstrap.min.css.map
ERR: 无法加载控制器:Html

[ 2018-09-20T14:17:11+08:00 ] ::1 /Public/html/css/bootstrap.min.css.map
ERR: 无法加载控制器:Html

[ 2018-09-20T14:17:17+08:00 ] ::1 /Public/html/css/bootstrap.min.css.map
ERR: 无法加载控制器:Html

[ 2018-09-20T14:17:31+08:00 ] ::1 /Public/html/css/bootstrap.min.css.map
ERR: 无法加载控制器:Html

[ 2018-09-20T14:17:55+08:00 ] ::1 /Public/html/css/bootstrap.min.css.map
ERR: 无法加载控制器:Html

[ 2018-09-20T14:17:58+08:00 ] ::1 /Public/html/css/bootstrap.min.css.map
ERR: 无法加载控制器:Html

[ 2018-09-20T14:18:06+08:00 ] ::1 /Public/html/css/bootstrap.min.css.map
ERR: 无法加载控制器:Html

[ 2018-09-20T14:21:25+08:00 ] ::1 /Public/html/css/bootstrap.min.css.map
ERR: 无法加载控制器:Html

[ 2018-09-20T14:21:40+08:00 ] ::1 /Public/html/css/bootstrap.min.css.map
ERR: 无法加载控制器:Html

[ 2018-09-20T14:22:05+08:00 ] ::1 /Public/html/css/bootstrap.min.css.map
ERR: 无法加载控制器:Html

[ 2018-09-20T14:22:14+08:00 ] ::1 /Public/html/css/bootstrap.min.css.map
ERR: 无法加载控制器:Html

[ 2018-09-20T14:22:25+08:00 ] ::1 /Public/html/css/bootstrap.min.css.map
ERR: 无法加载控制器:Html

[ 2018-09-20T14:22:51+08:00 ] ::1 /Public/html/css/bootstrap.min.css.map
ERR: 无法加载控制器:Html

[ 2018-09-20T14:22:59+08:00 ] ::1 /Public/html/css/bootstrap.min.css.map
ERR: 无法加载控制器:Html

[ 2018-09-20T14:24:38+08:00 ] ::1 /Public/html/css/bootstrap.min.css.map
ERR: 无法加载控制器:Html

[ 2018-09-20T14:25:00+08:00 ] ::1 /Public/html/css/bootstrap.min.css.map
ERR: 无法加载控制器:Html

[ 2018-09-20T14:25:12+08:00 ] ::1 /Public/html/css/bootstrap.min.css.map
ERR: 无法加载控制器:Html

[ 2018-09-20T14:25:31+08:00 ] ::1 /Public/html/css/bootstrap.min.css.map
ERR: 无法加载控制器:Html

[ 2018-09-20T14:25:42+08:00 ] ::1 /Public/html/css/bootstrap.min.css.map
ERR: 无法加载控制器:Html

[ 2018-09-20T14:33:26+08:00 ] ::1 /Public/html/css/bootstrap.min.css.map
ERR: 无法加载控制器:Html

[ 2018-09-20T14:35:21+08:00 ] ::1 /Public/html/css/bootstrap.min.css.map
ERR: 无法加载控制器:Html

[ 2018-09-20T14:35:21+08:00 ] ::1 /Public/html/css/bootstrap.min.css.map
ERR: 无法加载控制器:Html

[ 2018-09-20T14:35:21+08:00 ] ::1 /Public/html/css/bootstrap.min.css.map
ERR: 无法加载控制器:Html

[ 2018-09-20T14:35:21+08:00 ] ::1 /Public/html/css/bootstrap.min.css.map
ERR: 无法加载控制器:Html

[ 2018-09-20T14:35:21+08:00 ] ::1 /Public/html/css/bootstrap.min.css.map
ERR: 无法加载控制器:Html

[ 2018-09-20T14:35:21+08:00 ] ::1 /Public/html/css/bootstrap.min.css.map
ERR: 无法加载控制器:Html

[ 2018-09-20T14:35:21+08:00 ] ::1 /Public/html/css/bootstrap.min.css.map
ERR: 无法加载控制器:Html

[ 2018-09-20T14:35:21+08:00 ] ::1 /Public/html/css/bootstrap.min.css.map
ERR: 无法加载控制器:Html

[ 2018-09-20T14:36:31+08:00 ] ::1 /Public/html/css/bootstrap.min.css.map
ERR: 无法加载控制器:Html

[ 2018-09-20T14:47:14+08:00 ] ::1 /Public/html/css/bootstrap.min.css.map
ERR: 无法加载控制器:Html

[ 2018-09-20T14:53:07+08:00 ] ::1 /Public/html/css/bootstrap.min.css.map
ERR: 无法加载控制器:Html

[ 2018-09-20T14:54:09+08:00 ] ::1 /Public/html/css/bootstrap.min.css.map
ERR: 无法加载控制器:Html

[ 2018-09-20T14:54:55+08:00 ] ::1 /Public/html/css/bootstrap.min.css.map
ERR: 无法加载控制器:Html

[ 2018-09-20T14:55:14+08:00 ] ::1 /Public/html/css/bootstrap.min.css.map
ERR: 无法加载控制器:Html

[ 2018-09-20T14:55:35+08:00 ] ::1 /Public/html/css/bootstrap.min.css.map
ERR: 无法加载控制器:Html

[ 2018-09-20T14:55:44+08:00 ] ::1 /Public/html/css/bootstrap.min.css.map
ERR: 无法加载控制器:Html

[ 2018-09-20T14:56:05+08:00 ] ::1 /Public/html/css/bootstrap.min.css.map
ERR: 无法加载控制器:Html

[ 2018-09-20T14:57:40+08:00 ] ::1 /Public/html/css/bootstrap.min.css.map
ERR: 无法加载控制器:Html

[ 2018-09-20T14:58:38+08:00 ] ::1 /Public/html/css/bootstrap.min.css.map
ERR: 无法加载控制器:Html

[ 2018-09-20T14:59:12+08:00 ] ::1 /Public/html/css/bootstrap.min.css.map
ERR: 无法加载控制器:Html

[ 2018-09-20T14:59:42+08:00 ] ::1 /Public/html/css/bootstrap.min.css.map
ERR: 无法加载控制器:Html

[ 2018-09-20T15:03:24+08:00 ] ::1 /Public/html/css/bootstrap.min.css.map
ERR: 无法加载控制器:Html

[ 2018-09-20T15:17:10+08:00 ] ::1 /Public/html/css/bootstrap.min.css.map
ERR: 无法加载控制器:Html

[ 2018-09-20T15:18:07+08:00 ] ::1 /Public/html/css/bootstrap.min.css.map
ERR: 无法加载控制器:Html

[ 2018-09-20T15:18:52+08:00 ] ::1 /Public/html/css/bootstrap.min.css.map
ERR: 无法加载控制器:Html

[ 2018-09-20T15:19:02+08:00 ] ::1 /Public/html/css/bootstrap.min.css.map
ERR: 无法加载控制器:Html

[ 2018-09-20T15:19:04+08:00 ] ::1 /Public/html/css/bootstrap.min.css.map
ERR: 无法加载控制器:Html

[ 2018-09-20T15:19:08+08:00 ] ::1 /Public/html/css/bootstrap.min.css.map
ERR: 无法加载控制器:Html

[ 2018-09-20T15:19:25+08:00 ] ::1 /Public/html/css/bootstrap.min.css.map
ERR: 无法加载控制器:Html

[ 2018-09-20T15:19:27+08:00 ] ::1 /Public/html/css/bootstrap.min.css.map
ERR: 无法加载控制器:Html

[ 2018-09-20T15:19:33+08:00 ] ::1 /Public/html/css/bootstrap.min.css.map
ERR: 无法加载控制器:Html

[ 2018-09-20T15:20:08+08:00 ] ::1 /Public/html/css/bootstrap.min.css.map
ERR: 无法加载控制器:Html

[ 2018-09-20T15:20:19+08:00 ] ::1 /Public/html/css/bootstrap.min.css.map
ERR: 无法加载控制器:Html

[ 2018-09-20T15:20:49+08:00 ] ::1 /Public/html/css/bootstrap.min.css.map
ERR: 无法加载控制器:Html

[ 2018-09-20T15:21:04+08:00 ] ::1 /Public/html/css/bootstrap.min.css.map
ERR: 无法加载控制器:Html

[ 2018-09-20T15:21:09+08:00 ] ::1 /Public/html/css/bootstrap.min.css.map
ERR: 无法加载控制器:Html

[ 2018-09-20T15:21:45+08:00 ] ::1 /Public/html/css/bootstrap.min.css.map
ERR: 无法加载控制器:Html

[ 2018-09-20T15:25:11+08:00 ] ::1 /Public/html/css/bootstrap.min.css.map
ERR: 无法加载控制器:Html

[ 2018-09-20T15:25:15+08:00 ] ::1 /Public/html/css/bootstrap.min.css.map
ERR: 无法加载控制器:Html

[ 2018-09-20T15:26:50+08:00 ] ::1 /Public/html/css/bootstrap.min.css.map
ERR: 无法加载控制器:Html

[ 2018-09-20T15:27:47+08:00 ] ::1 /Public/html/css/bootstrap.min.css.map
ERR: 无法加载控制器:Html

[ 2018-09-20T15:28:50+08:00 ] ::1 /Public/html/css/bootstrap.min.css.map
ERR: 无法加载控制器:Html

[ 2018-09-20T15:35:36+08:00 ] ::1 /Public/html/css/bootstrap.min.css.map
ERR: 无法加载控制器:Html

[ 2018-09-20T15:47:39+08:00 ] ::1 /Public/html/css/bootstrap.min.css.map
ERR: 无法加载控制器:Html

[ 2018-09-20T15:48:13+08:00 ] ::1 /Public/html/css/bootstrap.min.css.map
ERR: 无法加载控制器:Html

[ 2018-09-20T15:56:08+08:00 ] ::1 /Public/html/css/bootstrap.min.css.map
ERR: 无法加载控制器:Html

[ 2018-09-20T15:56:34+08:00 ] ::1 /Public/html/css/bootstrap.min.css.map
ERR: 无法加载控制器:Html

[ 2018-09-20T15:56:52+08:00 ] ::1 /Public/html/css/bootstrap.min.css.map
ERR: 无法加载控制器:Html

[ 2018-09-20T16:07:12+08:00 ] ::1 /Public/html/css/bootstrap.min.css.map
ERR: 无法加载控制器:Html

[ 2018-09-20T16:10:54+08:00 ] ::1 /Public/html/css/bootstrap.min.css.map
ERR: 无法加载控制器:Html

[ 2018-09-20T16:11:27+08:00 ] ::1 /Public/html/css/bootstrap.min.css.map
ERR: 无法加载控制器:Html

[ 2018-09-20T16:12:19+08:00 ] ::1 /Public/html/css/bootstrap.min.css.map
ERR: 无法加载控制器:Html

[ 2018-09-20T16:13:18+08:00 ] ::1 /Public/html/css/bootstrap.min.css.map
ERR: 无法加载控制器:Html

[ 2018-09-20T16:13:35+08:00 ] ::1 /Public/html/css/bootstrap.min.css.map
ERR: 无法加载控制器:Html

[ 2018-09-20T16:14:24+08:00 ] ::1 /Public/html/css/bootstrap.min.css.map
ERR: 无法加载控制器:Html

[ 2018-09-20T16:17:13+08:00 ] ::1 /Public/html/css/bootstrap.min.css.map
ERR: 无法加载控制器:Html

[ 2018-09-20T16:17:50+08:00 ] ::1 /Public/html/css/bootstrap.min.css.map
ERR: 无法加载控制器:Html

[ 2018-09-20T16:19:37+08:00 ] ::1 /Public/html/css/bootstrap.min.css.map
ERR: 无法加载控制器:Html

[ 2018-09-20T16:20:03+08:00 ] ::1 /Public/html/css/bootstrap.min.css.map
ERR: 无法加载控制器:Html

[ 2018-09-20T16:20:28+08:00 ] ::1 /Public/html/css/bootstrap.min.css.map
ERR: 无法加载控制器:Html

[ 2018-09-20T16:21:03+08:00 ] ::1 /Public/html/css/bootstrap.min.css.map
ERR: 无法加载控制器:Html

[ 2018-09-20T16:30:48+08:00 ] ::1 /Public/html/css/bootstrap.min.css.map
ERR: 无法加载控制器:Html

[ 2018-09-20T16:32:30+08:00 ] ::1 /Public/html/css/bootstrap.min.css.map
ERR: 无法加载控制器:Html

[ 2018-09-20T16:34:34+08:00 ] ::1 /Public/html/css/bootstrap.min.css.map
ERR: 无法加载控制器:Html

[ 2018-09-20T16:38:03+08:00 ] ::1 /Public/html/css/bootstrap.min.css.map
ERR: 无法加载控制器:Html

[ 2018-09-20T16:38:59+08:00 ] ::1 /Public/html/css/bootstrap.min.css.map
ERR: 无法加载控制器:Html

[ 2018-09-20T16:42:24+08:00 ] ::1 /Public/html/css/bootstrap.min.css.map
ERR: 无法加载控制器:Html

[ 2018-09-20T16:47:02+08:00 ] ::1 /Public/html/css/bootstrap.min.css.map
ERR: 无法加载控制器:Html

[ 2018-09-20T16:50:07+08:00 ] ::1 /Public/html/css/bootstrap.min.css.map
ERR: 无法加载控制器:Html

[ 2018-09-20T16:52:19+08:00 ] ::1 /Public/html/css/bootstrap.min.css.map
ERR: 无法加载控制器:Html

[ 2018-09-20T16:53:07+08:00 ] ::1 /Public/html/css/bootstrap.min.css.map
ERR: 无法加载控制器:Html

[ 2018-09-20T16:53:35+08:00 ] ::1 /Public/html/css/bootstrap.min.css.map
ERR: 无法加载控制器:Html

[ 2018-09-20T16:54:11+08:00 ] ::1 /Public/html/css/bootstrap.min.css.map
ERR: 无法加载控制器:Html

[ 2018-09-20T16:54:40+08:00 ] ::1 /Public/html/css/bootstrap.min.css.map
ERR: 无法加载控制器:Html

[ 2018-09-20T16:55:43+08:00 ] ::1 /Public/html/css/bootstrap.min.css.map
ERR: 无法加载控制器:Html

[ 2018-09-20T16:56:27+08:00 ] ::1 /Public/html/css/bootstrap.min.css.map
ERR: 无法加载控制器:Html

[ 2018-09-20T16:56:47+08:00 ] ::1 /Public/html/css/bootstrap.min.css.map
ERR: 无法加载控制器:Html

[ 2018-09-20T16:57:20+08:00 ] ::1 /Public/html/css/bootstrap.min.css.map
ERR: 无法加载控制器:Html

[ 2018-09-20T16:57:42+08:00 ] ::1 /Public/html/css/bootstrap.min.css.map
ERR: 无法加载控制器:Html

[ 2018-09-20T16:59:03+08:00 ] ::1 /Public/html/css/bootstrap.min.css.map
ERR: 无法加载控制器:Html

[ 2018-09-20T16:59:50+08:00 ] ::1 /Public/html/css/bootstrap.min.css.map
ERR: 无法加载控制器:Html

[ 2018-09-20T17:01:02+08:00 ] ::1 /Public/html/css/bootstrap.min.css.map
ERR: 无法加载控制器:Html

[ 2018-09-20T17:01:40+08:00 ] ::1 /Public/html/css/bootstrap.min.css.map
ERR: 无法加载控制器:Html

[ 2018-09-20T17:01:55+08:00 ] ::1 /Public/html/css/bootstrap.min.css.map
ERR: 无法加载控制器:Html

[ 2018-09-20T17:02:14+08:00 ] ::1 /Public/html/css/bootstrap.min.css.map
ERR: 无法加载控制器:Html

[ 2018-09-20T17:03:18+08:00 ] ::1 /Public/html/css/bootstrap.min.css.map
ERR: 无法加载控制器:Html

[ 2018-09-20T17:04:09+08:00 ] ::1 /Public/html/css/bootstrap.min.css.map
ERR: 无法加载控制器:Html

[ 2018-09-20T17:04:23+08:00 ] ::1 /Public/html/css/bootstrap.min.css.map
ERR: 无法加载控制器:Html

[ 2018-09-20T17:04:54+08:00 ] ::1 /Public/html/css/bootstrap.min.css.map
ERR: 无法加载控制器:Html

[ 2018-09-20T17:05:33+08:00 ] ::1 /Public/html/css/bootstrap.min.css.map
ERR: 无法加载控制器:Html

[ 2018-09-20T17:05:36+08:00 ] ::1 /Public/html/css/bootstrap.min.css.map
ERR: 无法加载控制器:Html

[ 2018-09-20T17:06:30+08:00 ] ::1 /Public/html/css/bootstrap.min.css.map
ERR: 无法加载控制器:Html

[ 2018-09-20T17:07:06+08:00 ] ::1 /Public/html/css/bootstrap.min.css.map
ERR: 无法加载控制器:Html

[ 2018-09-20T17:07:36+08:00 ] ::1 /Public/html/css/bootstrap.min.css.map
ERR: 无法加载控制器:Html

[ 2018-09-20T17:08:28+08:00 ] ::1 /Public/html/css/bootstrap.min.css.map
ERR: 无法加载控制器:Html

[ 2018-09-20T17:08:43+08:00 ] ::1 /Public/html/css/bootstrap.min.css.map
ERR: 无法加载控制器:Html

[ 2018-09-20T17:09:05+08:00 ] ::1 /Public/html/css/bootstrap.min.css.map
ERR: 无法加载控制器:Html

[ 2018-09-20T17:10:05+08:00 ] ::1 /Public/html/css/bootstrap.min.css.map
ERR: 无法加载控制器:Html

[ 2018-09-20T17:11:14+08:00 ] ::1 /Public/html/css/bootstrap.min.css.map
ERR: 无法加载控制器:Html

[ 2018-09-20T17:11:50+08:00 ] ::1 /Public/html/css/bootstrap.min.css.map
ERR: 无法加载控制器:Html

[ 2018-09-20T17:12:19+08:00 ] ::1 /Public/html/css/bootstrap.min.css.map
ERR: 无法加载控制器:Html

[ 2018-09-20T17:22:06+08:00 ] ::1 /Public/html/css/bootstrap.min.css.map
ERR: 无法加载控制器:Html

[ 2018-09-20T17:24:47+08:00 ] ::1 /Public/html/css/bootstrap.min.css.map
ERR: 无法加载控制器:Html

[ 2018-09-20T17:24:58+08:00 ] ::1 /Public/html/css/bootstrap.min.css.map
ERR: 无法加载控制器:Html

[ 2018-09-20T17:26:00+08:00 ] ::1 /Public/html/css/bootstrap.min.css.map
ERR: 无法加载控制器:Html

[ 2018-09-20T17:26:02+08:00 ] ::1 /Public/html/css/bootstrap.min.css.map
ERR: 无法加载控制器:Html

[ 2018-09-20T17:26:05+08:00 ] ::1 /Public/html/css/bootstrap.min.css.map
ERR: 无法加载控制器:Html

[ 2018-09-20T17:27:20+08:00 ] ::1 /Public/html/css/bootstrap.min.css.map
ERR: 无法加载控制器:Html

[ 2018-09-20T17:27:47+08:00 ] ::1 /Public/html/css/bootstrap.min.css.map
ERR: 无法加载控制器:Html

[ 2018-09-20T17:28:24+08:00 ] ::1 /Public/html/css/bootstrap.min.css.map
ERR: 无法加载控制器:Html

[ 2018-09-20T17:29:15+08:00 ] ::1 /Public/html/css/bootstrap.min.css.map
ERR: 无法加载控制器:Html

[ 2018-09-20T17:32:33+08:00 ] ::1 /Public/html/css/bootstrap.min.css.map
ERR: 无法加载控制器:Html

[ 2018-09-20T17:32:39+08:00 ] ::1 /Public/html/css/bootstrap.min.css.map
ERR: 无法加载控制器:Html

[ 2018-09-20T17:32:53+08:00 ] ::1 /Public/html/css/bootstrap.min.css.map
ERR: 无法加载控制器:Html

[ 2018-09-20T17:36:12+08:00 ] ::1 /Public/html/css/bootstrap.min.css.map
ERR: 无法加载控制器:Html

[ 2018-09-20T17:36:23+08:00 ] ::1 /Public/html/css/bootstrap.min.css.map
ERR: 无法加载控制器:Html

[ 2018-09-20T17:36:28+08:00 ] ::1 /Public/html/css/bootstrap.min.css.map
ERR: 无法加载控制器:Html

[ 2018-09-20T17:38:04+08:00 ] ::1 /Public/html/css/bootstrap.min.css.map
ERR: 无法加载控制器:Html

[ 2018-09-20T17:38:56+08:00 ] ::1 /Public/html/css/bootstrap.min.css.map
ERR: 无法加载控制器:Html

[ 2018-09-20T17:39:01+08:00 ] ::1 /Public/html/css/bootstrap.min.css.map
ERR: 无法加载控制器:Html

[ 2018-09-20T17:39:43+08:00 ] ::1 /Public/html/css/bootstrap.min.css.map
ERR: 无法加载控制器:Html

[ 2018-09-20T17:39:56+08:00 ] ::1 /Public/html/css/bootstrap.min.css.map
ERR: 无法加载控制器:Html

[ 2018-09-20T17:41:47+08:00 ] ::1 /Public/html/css/bootstrap.min.css.map
ERR: 无法加载控制器:Html

[ 2018-09-20T17:46:39+08:00 ] ::1 /Public/html/css/bootstrap.min.css.map
ERR: 无法加载控制器:Html

[ 2018-09-20T17:47:16+08:00 ] ::1 /Public/html/css/bootstrap.min.css.map
ERR: 无法加载控制器:Html

[ 2018-09-20T17:47:21+08:00 ] ::1 /Public/html/css/bootstrap.min.css.map
ERR: 无法加载控制器:Html

[ 2018-09-20T17:47:22+08:00 ] ::1 /Public/html/css/bootstrap.min.css.map
ERR: 无法加载控制器:Html

[ 2018-09-20T17:50:01+08:00 ] ::1 /Public/html/css/bootstrap.min.css.map
ERR: 无法加载控制器:Html

[ 2018-09-20T17:50:16+08:00 ] ::1 /Public/html/css/bootstrap.min.css.map
ERR: 无法加载控制器:Html

[ 2018-09-20T17:51:37+08:00 ] ::1 /Public/html/css/bootstrap.min.css.map
ERR: 无法加载控制器:Html

[ 2018-09-20T17:51:48+08:00 ] ::1 /Public/html/css/bootstrap.min.css.map
ERR: 无法加载控制器:Html

[ 2018-09-20T17:51:49+08:00 ] ::1 /Public/html/css/bootstrap.min.css.map
ERR: 无法加载控制器:Html

[ 2018-09-20T17:52:33+08:00 ] ::1 /Public/html/css/bootstrap.min.css.map
ERR: 无法加载控制器:Html

[ 2018-09-20T17:53:16+08:00 ] ::1 /Public/html/css/bootstrap.min.css.map
ERR: 无法加载控制器:Html

[ 2018-09-20T17:53:22+08:00 ] ::1 /Public/html/css/bootstrap.min.css.map
ERR: 无法加载控制器:Html

[ 2018-09-20T17:53:24+08:00 ] ::1 /Public/html/css/bootstrap.min.css.map
ERR: 无法加载控制器:Html

[ 2018-09-20T17:53:27+08:00 ] ::1 /Public/html/css/bootstrap.min.css.map
ERR: 无法加载控制器:Html

[ 2018-09-20T17:53:35+08:00 ] ::1 /Public/html/css/bootstrap.min.css.map
ERR: 无法加载控制器:Html

[ 2018-09-20T17:53:47+08:00 ] ::1 /Public/html/css/bootstrap.min.css.map
ERR: 无法加载控制器:Html

[ 2018-09-20T18:01:10+08:00 ] ::1 /Public/html/css/bootstrap.min.css.map
ERR: 无法加载控制器:Html

[ 2018-09-20T18:05:46+08:00 ] ::1 /Public/html/css/bootstrap.min.css.map
ERR: 无法加载控制器:Html

[ 2018-09-20T18:06:04+08:00 ] ::1 /Public/html/css/bootstrap.min.css.map
ERR: 无法加载控制器:Html

[ 2018-09-20T19:02:16+08:00 ] ::1 /Public/html/css/bootstrap.min.css.map
ERR: 无法加载控制器:Html

[ 2018-09-20T19:02:41+08:00 ] ::1 /Public/html/css/bootstrap.min.css.map
ERR: 无法加载控制器:Html

[ 2018-09-20T19:04:31+08:00 ] ::1 /Public/html/css/bootstrap.min.css.map
ERR: 无法加载控制器:Html

[ 2018-09-20T19:05:13+08:00 ] ::1 /Public/html/css/bootstrap.min.css.map
ERR: 无法加载控制器:Html

[ 2018-09-20T19:06:01+08:00 ] ::1 /Public/html/css/bootstrap.min.css.map
ERR: 无法加载控制器:Html

[ 2018-09-20T19:09:23+08:00 ] ::1 /Public/html/css/bootstrap.min.css.map
ERR: 无法加载控制器:Html

[ 2018-09-20T19:09:57+08:00 ] ::1 /Public/html/css/bootstrap.min.css.map
ERR: 无法加载控制器:Html

[ 2018-09-20T19:11:36+08:00 ] ::1 /Public/html/css/bootstrap.min.css.map
ERR: 无法加载控制器:Html

[ 2018-09-20T19:13:32+08:00 ] ::1 /Public/html/css/bootstrap.min.css.map
ERR: 无法加载控制器:Html

[ 2018-09-20T19:14:07+08:00 ] ::1 /Public/html/css/bootstrap.min.css.map
ERR: 无法加载控制器:Html

[ 2018-09-20T19:16:10+08:00 ] ::1 /Public/html/css/bootstrap.min.css.map
ERR: 无法加载控制器:Html

[ 2018-09-20T19:16:33+08:00 ] ::1 /Public/html/css/bootstrap.min.css.map
ERR: 无法加载控制器:Html

[ 2018-09-20T19:17:09+08:00 ] ::1 /Public/html/css/bootstrap.min.css.map
ERR: 无法加载控制器:Html

[ 2018-09-20T19:17:38+08:00 ] ::1 /Public/html/css/bootstrap.min.css.map
ERR: 无法加载控制器:Html

[ 2018-09-20T19:18:30+08:00 ] ::1 /Public/html/css/bootstrap.min.css.map
ERR: 无法加载控制器:Html

[ 2018-09-20T19:19:13+08:00 ] ::1 /Public/html/css/bootstrap.min.css.map
ERR: 无法加载控制器:Html

[ 2018-09-20T19:21:21+08:00 ] ::1 /Public/html/css/bootstrap.min.css.map
ERR: 无法加载控制器:Html

[ 2018-09-20T19:22:42+08:00 ] ::1 /Public/html/css/bootstrap.min.css.map
ERR: 无法加载控制器:Html

[ 2018-09-20T19:25:54+08:00 ] ::1 /Public/html/css/bootstrap.min.css.map
ERR: 无法加载控制器:Html

[ 2018-09-20T19:26:09+08:00 ] ::1 /Public/html/css/bootstrap.min.css.map
ERR: 无法加载控制器:Html

[ 2018-09-20T19:28:10+08:00 ] ::1 /Public/html/css/bootstrap.min.css.map
ERR: 无法加载控制器:Html

[ 2018-09-20T19:28:45+08:00 ] ::1 /Public/html/css/bootstrap.min.css.map
ERR: 无法加载控制器:Html

[ 2018-09-20T19:29:06+08:00 ] ::1 /Public/html/css/bootstrap.min.css.map
ERR: 无法加载控制器:Html

[ 2018-09-20T19:30:12+08:00 ] ::1 /Public/html/css/bootstrap.min.css.map
ERR: 无法加载控制器:Html

[ 2018-09-20T19:30:13+08:00 ] ::1 /Public/html/css/bootstrap.min.css.map
ERR: 无法加载控制器:Html

[ 2018-09-20T19:30:14+08:00 ] ::1 /Public/html/css/bootstrap.min.css.map
ERR: 无法加载控制器:Html

[ 2018-09-20T19:30:23+08:00 ] ::1 /Public/html/css/bootstrap.min.css.map
ERR: 无法加载控制器:Html

[ 2018-09-20T19:31:03+08:00 ] ::1 /Public/html/css/bootstrap.min.css.map
ERR: 无法加载控制器:Html

[ 2018-09-20T19:31:03+08:00 ] ::1 /Public/html/css/bootstrap.min.css.map
ERR: 无法加载控制器:Html

[ 2018-09-20T19:37:04+08:00 ] ::1 /Public/html/css/bootstrap.min.css.map
ERR: 无法加载控制器:Html

[ 2018-09-20T19:37:17+08:00 ] ::1 /Public/html/css/bootstrap.min.css.map
ERR: 无法加载控制器:Html

[ 2018-09-20T19:38:58+08:00 ] ::1 /Public/html/css/bootstrap.min.css.map
ERR: 无法加载控制器:Html

[ 2018-09-20T19:39:47+08:00 ] ::1 /Public/html/css/bootstrap.min.css.map
ERR: 无法加载控制器:Html

[ 2018-09-20T19:40:24+08:00 ] ::1 /Public/html/css/bootstrap.min.css.map
ERR: 无法加载控制器:Html

[ 2018-09-20T19:40:40+08:00 ] ::1 /Public/html/css/bootstrap.min.css.map
ERR: 无法加载控制器:Html

[ 2018-09-20T19:41:08+08:00 ] ::1 /Public/html/css/bootstrap.min.css.map
ERR: 无法加载控制器:Html

[ 2018-09-20T19:41:33+08:00 ] ::1 /Public/html/css/bootstrap.min.css.map
ERR: 无法加载控制器:Html

[ 2018-09-20T19:47:23+08:00 ] ::1 /Public/html/css/bootstrap.min.css.map
ERR: 无法加载控制器:Html

[ 2018-09-20T19:47:45+08:00 ] ::1 /Public/html/css/bootstrap.min.css.map
ERR: 无法加载控制器:Html

[ 2018-09-20T19:48:19+08:00 ] ::1 /Public/html/css/bootstrap.min.css.map
ERR: 无法加载控制器:Html

[ 2018-09-20T19:49:22+08:00 ] ::1 /Public/html/css/bootstrap.min.css.map
ERR: 无法加载控制器:Html

[ 2018-09-20T19:50:33+08:00 ] ::1 /Public/html/css/bootstrap.min.css.map
ERR: 无法加载控制器:Html

[ 2018-09-20T19:51:53+08:00 ] ::1 /Public/html/css/bootstrap.min.css.map
ERR: 无法加载控制器:Html

[ 2018-09-20T19:52:00+08:00 ] ::1 /Public/html/css/bootstrap.min.css.map
ERR: 无法加载控制器:Html

[ 2018-09-20T19:52:10+08:00 ] ::1 /Public/html/css/bootstrap.min.css.map
ERR: 无法加载控制器:Html

[ 2018-09-20T19:52:57+08:00 ] ::1 /Public/html/css/bootstrap.min.css.map
ERR: 无法加载控制器:Html

[ 2018-09-20T19:54:52+08:00 ] ::1 /Public/html/css/bootstrap.min.css.map
ERR: 无法加载控制器:Html

[ 2018-09-20T19:54:55+08:00 ] ::1 /Public/html/css/bootstrap.min.css.map
ERR: 无法加载控制器:Html

[ 2018-09-20T19:57:17+08:00 ] ::1 /Public/html/css/bootstrap.min.css.map
ERR: 无法加载控制器:Html

[ 2018-09-20T20:03:17+08:00 ] ::1 /Public/html/css/bootstrap.min.css.map
ERR: 无法加载控制器:Html

[ 2018-09-20T20:03:25+08:00 ] ::1 /Public/html/css/bootstrap.min.css.map
ERR: 无法加载控制器:Html

[ 2018-09-20T20:03:35+08:00 ] ::1 /Public/html/css/bootstrap.min.css.map
ERR: 无法加载控制器:Html

[ 2018-09-20T20:03:40+08:00 ] ::1 /Public/html/css/bootstrap.min.css.map
ERR: 无法加载控制器:Html

[ 2018-09-20T20:03:49+08:00 ] ::1 /Public/html/css/bootstrap.min.css.map
ERR: 无法加载控制器:Html

[ 2018-09-20T20:08:44+08:00 ] ::1 /Public/html/css/bootstrap.min.css.map
ERR: 无法加载控制器:Html

[ 2018-09-20T20:09:08+08:00 ] ::1 /Public/html/css/bootstrap.min.css.map
ERR: 无法加载控制器:Html

[ 2018-09-20T20:10:09+08:00 ] ::1 /Public/html/css/bootstrap.min.css.map
ERR: 无法加载控制器:Html

[ 2018-09-20T20:10:23+08:00 ] ::1 /Public/html/css/bootstrap.min.css.map
ERR: 无法加载控制器:Html

[ 2018-09-20T20:13:22+08:00 ] ::1 /Public/html/css/bootstrap.min.css.map
ERR: 无法加载控制器:Html

[ 2018-09-20T20:14:50+08:00 ] ::1 /Public/html/css/bootstrap.min.css.map
ERR: 无法加载控制器:Html

[ 2018-09-20T20:15:00+08:00 ] ::1 /Public/html/css/bootstrap.min.css.map
ERR: 无法加载控制器:Html

[ 2018-09-20T20:15:03+08:00 ] ::1 /Public/html/css/bootstrap.min.css.map
ERR: 无法加载控制器:Html

[ 2018-09-20T20:15:17+08:00 ] ::1 /Public/html/css/bootstrap.min.css.map
ERR: 无法加载控制器:Html

[ 2018-09-20T20:15:24+08:00 ] ::1 /Public/html/css/bootstrap.min.css.map
ERR: 无法加载控制器:Html

[ 2018-09-20T20:15:26+08:00 ] ::1 /Public/html/css/bootstrap.min.css.map
ERR: 无法加载控制器:Html

[ 2018-09-20T20:15:28+08:00 ] ::1 /Public/html/css/bootstrap.min.css.map
ERR: 无法加载控制器:Html

[ 2018-09-20T20:15:31+08:00 ] ::1 /Public/html/css/bootstrap.min.css.map
ERR: 无法加载控制器:Html

[ 2018-09-20T20:15:45+08:00 ] ::1 /Public/html/css/bootstrap.min.css.map
ERR: 无法加载控制器:Html

[ 2018-09-20T20:15:52+08:00 ] ::1 /Public/html/css/bootstrap.min.css.map
ERR: 无法加载控制器:Html

[ 2018-09-20T20:15:55+08:00 ] ::1 /Public/html/css/bootstrap.min.css.map
ERR: 无法加载控制器:Html

[ 2018-09-20T20:15:57+08:00 ] ::1 /Public/html/css/bootstrap.min.css.map
ERR: 无法加载控制器:Html

[ 2018-09-20T20:15:59+08:00 ] ::1 /Public/html/css/bootstrap.min.css.map
ERR: 无法加载控制器:Html

[ 2018-09-20T20:16:06+08:00 ] ::1 /Public/html/css/bootstrap.min.css.map
ERR: 无法加载控制器:Html

[ 2018-09-20T20:16:06+08:00 ] ::1 /Public/html/css/bootstrap.min.css.map
ERR: 无法加载控制器:Html

[ 2018-09-20T20:16:08+08:00 ] ::1 /Public/html/css/bootstrap.min.css.map
ERR: 无法加载控制器:Html

[ 2018-09-20T20:16:10+08:00 ] ::1 /Public/html/css/bootstrap.min.css.map
ERR: 无法加载控制器:Html

[ 2018-09-20T20:16:14+08:00 ] ::1 /Public/html/css/bootstrap.min.css.map
ERR: 无法加载控制器:Html

[ 2018-09-20T20:16:15+08:00 ] ::1 /Public/html/css/bootstrap.min.css.map
ERR: 无法加载控制器:Html

[ 2018-09-20T20:16:16+08:00 ] ::1 /Public/html/css/bootstrap.min.css.map
ERR: 无法加载控制器:Html

[ 2018-09-20T20:16:18+08:00 ] ::1 /Public/html/css/bootstrap.min.css.map
ERR: 无法加载控制器:Html

[ 2018-09-20T20:16:19+08:00 ] ::1 /Public/html/css/bootstrap.min.css.map
ERR: 无法加载控制器:Html

[ 2018-09-20T20:17:19+08:00 ] ::1 /Public/html/css/bootstrap.min.css.map
ERR: 无法加载控制器:Html

[ 2018-09-20T20:18:42+08:00 ] ::1 /Public/html/css/bootstrap.min.css.map
ERR: 无法加载控制器:Html

[ 2018-09-20T20:18:44+08:00 ] ::1 /Public/html/css/bootstrap.min.css.map
ERR: 无法加载控制器:Html

[ 2018-09-20T20:18:47+08:00 ] ::1 /Public/html/css/bootstrap.min.css.map
ERR: 无法加载控制器:Html

[ 2018-09-20T20:18:53+08:00 ] ::1 /Public/html/css/bootstrap.min.css.map
ERR: 无法加载控制器:Html

[ 2018-09-20T20:19:09+08:00 ] ::1 /Public/html/css/bootstrap.min.css.map
ERR: 无法加载控制器:Html

[ 2018-09-20T20:19:49+08:00 ] ::1 /Public/html/css/bootstrap.min.css.map
ERR: 无法加载控制器:Html

[ 2018-09-20T20:19:54+08:00 ] ::1 /Public/html/css/bootstrap.min.css.map
ERR: 无法加载控制器:Html

[ 2018-09-20T20:19:55+08:00 ] ::1 /Public/html/css/bootstrap.min.css.map
ERR: 无法加载控制器:Html

[ 2018-09-20T20:19:58+08:00 ] ::1 /Public/html/css/bootstrap.min.css.map
ERR: 无法加载控制器:Html

[ 2018-09-20T20:20:04+08:00 ] ::1 /Public/html/css/bootstrap.min.css.map
ERR: 无法加载控制器:Html

[ 2018-09-20T20:20:05+08:00 ] ::1 /Public/html/css/bootstrap.min.css.map
ERR: 无法加载控制器:Html

[ 2018-09-20T20:20:07+08:00 ] ::1 /Public/html/css/bootstrap.min.css.map
ERR: 无法加载控制器:Html

[ 2018-09-20T20:20:09+08:00 ] ::1 /Public/html/css/bootstrap.min.css.map
ERR: 无法加载控制器:Html

[ 2018-09-20T20:20:14+08:00 ] ::1 /Public/html/css/bootstrap.min.css.map
ERR: 无法加载控制器:Html

[ 2018-09-20T20:20:17+08:00 ] ::1 /Public/html/css/bootstrap.min.css.map
ERR: 无法加载控制器:Html

[ 2018-09-20T20:20:24+08:00 ] ::1 /Public/html/css/bootstrap.min.css.map
ERR: 无法加载控制器:Html

[ 2018-09-20T20:20:27+08:00 ] ::1 /Public/html/css/bootstrap.min.css.map
ERR: 无法加载控制器:Html

[ 2018-09-20T20:20:30+08:00 ] ::1 /Public/html/css/bootstrap.min.css.map
ERR: 无法加载控制器:Html

[ 2018-09-20T20:20:32+08:00 ] ::1 /Public/html/css/bootstrap.min.css.map
ERR: 无法加载控制器:Html

[ 2018-09-20T20:20:36+08:00 ] ::1 /Public/html/css/bootstrap.min.css.map
ERR: 无法加载控制器:Html

[ 2018-09-20T20:22:02+08:00 ] ::1 /Public/html/css/bootstrap.min.css.map
ERR: 无法加载控制器:Html

[ 2018-09-20T20:23:36+08:00 ] ::1 /Public/html/css/bootstrap.min.css.map
ERR: 无法加载控制器:Html

[ 2018-09-20T20:23:44+08:00 ] ::1 /Public/html/css/bootstrap.min.css.map
ERR: 无法加载控制器:Html

[ 2018-09-20T20:23:58+08:00 ] ::1 /Public/html/css/bootstrap.min.css.map
ERR: 无法加载控制器:Html

[ 2018-09-20T20:23:59+08:00 ] ::1 /Public/html/css/bootstrap.min.css.map
ERR: 无法加载控制器:Html

[ 2018-09-20T20:24:14+08:00 ] ::1 /Public/html/css/bootstrap.min.css.map
ERR: 无法加载控制器:Html

[ 2018-09-20T20:24:33+08:00 ] ::1 /Public/html/css/bootstrap.min.css.map
ERR: 无法加载控制器:Html

[ 2018-09-20T20:24:42+08:00 ] ::1 /Public/html/css/bootstrap.min.css.map
ERR: 无法加载控制器:Html

[ 2018-09-20T20:24:45+08:00 ] ::1 /Public/html/css/bootstrap.min.css.map
ERR: 无法加载控制器:Html

[ 2018-09-20T20:24:49+08:00 ] ::1 /Public/html/css/bootstrap.min.css.map
ERR: 无法加载控制器:Html

[ 2018-09-20T20:25:06+08:00 ] ::1 /Public/html/css/bootstrap.min.css.map
ERR: 无法加载控制器:Html

[ 2018-09-20T20:28:47+08:00 ] ::1 /Public/html/css/bootstrap.min.css.map
ERR: 无法加载控制器:Html

[ 2018-09-20T20:30:34+08:00 ] ::1 /Public/html/css/bootstrap.min.css.map
ERR: 无法加载控制器:Html

