[ 2018-10-16T09:17:57+08:00 ] ::1 /Public/html/css/bootstrap.min.css.map
ERR: 无法加载控制器:Html

[ 2018-10-16T09:18:07+08:00 ] ::1 /Public/html/css/bootstrap.min.css.map
ERR: 无法加载控制器:Html

[ 2018-10-16T09:18:08+08:00 ] ::1 /Public/html/css/bootstrap.min.css.map
ERR: 无法加载控制器:Html

[ 2018-10-16T09:18:09+08:00 ] ::1 /Public/html/css/bootstrap.min.css.map
ERR: 无法加载控制器:Html

[ 2018-10-16T09:18:10+08:00 ] ::1 /Public/html/css/bootstrap.min.css.map
ERR: 无法加载控制器:Html

[ 2018-10-16T09:18:11+08:00 ] ::1 /Public/html/css/bootstrap.min.css.map
ERR: 无法加载控制器:Html

[ 2018-10-16T09:18:13+08:00 ] ::1 /Public/html/css/bootstrap.min.css.map
ERR: 无法加载控制器:Html

[ 2018-10-16T09:18:14+08:00 ] ::1 /Public/html/css/bootstrap.min.css.map
ERR: 无法加载控制器:Html

[ 2018-10-16T09:18:15+08:00 ] ::1 /Public/html/css/bootstrap.min.css.map
ERR: 无法加载控制器:Html

[ 2018-10-16T09:19:34+08:00 ] ::1 /Public/html/css/bootstrap.min.css.map
ERR: 无法加载控制器:Html

[ 2018-10-16T09:19:35+08:00 ] ::1 /Public/html/css/bootstrap.min.css.map
ERR: 无法加载控制器:Html

[ 2018-10-16T09:19:47+08:00 ] ::1 /Public/html/css/bootstrap.min.css.map
ERR: 无法加载控制器:Html

[ 2018-10-16T09:19:47+08:00 ] ::1 /Public/html/css/bootstrap.min.css.map
ERR: 无法加载控制器:Html

[ 2018-10-16T09:19:48+08:00 ] ::1 /Public/html/css/bootstrap.min.css.map
ERR: 无法加载控制器:Html

[ 2018-10-16T09:19:49+08:00 ] ::1 /Public/html/css/bootstrap.min.css.map
ERR: 无法加载控制器:Html

[ 2018-10-16T09:19:49+08:00 ] ::1 /Public/html/css/bootstrap.min.css.map
ERR: 无法加载控制器:Html

[ 2018-10-16T09:19:52+08:00 ] ::1 /Public/html/css/bootstrap.min.css.map
ERR: 无法加载控制器:Html

[ 2018-10-16T09:19:53+08:00 ] ::1 /Public/html/css/bootstrap.min.css.map
ERR: 无法加载控制器:Html

[ 2018-10-16T09:20:02+08:00 ] ::1 /Public/html/css/bootstrap.min.css.map
ERR: 无法加载控制器:Html

[ 2018-10-16T09:20:03+08:00 ] ::1 /Public/html/css/bootstrap.min.css.map
ERR: 无法加载控制器:Html

[ 2018-10-16T09:20:06+08:00 ] ::1 /Public/html/css/bootstrap.min.css.map
ERR: 无法加载控制器:Html

[ 2018-10-16T09:20:07+08:00 ] ::1 /Public/html/css/bootstrap.min.css.map
ERR: 无法加载控制器:Html

[ 2018-10-16T09:20:08+08:00 ] ::1 /Public/html/css/bootstrap.min.css.map
ERR: 无法加载控制器:Html

[ 2018-10-16T09:20:09+08:00 ] ::1 /Public/html/css/bootstrap.min.css.map
ERR: 无法加载控制器:Html

[ 2018-10-16T09:20:42+08:00 ] ::1 /Public/html/css/bootstrap.min.css.map
ERR: 无法加载控制器:Html

[ 2018-10-16T09:20:54+08:00 ] ::1 /Public/html/css/bootstrap.min.css.map
ERR: 无法加载控制器:Html

[ 2018-10-16T09:21:01+08:00 ] ::1 /Public/html/css/bootstrap.min.css.map
ERR: 无法加载控制器:Html

[ 2018-10-16T09:22:19+08:00 ] ::1 /Public/html/css/bootstrap.min.css.map
ERR: 无法加载控制器:Html

[ 2018-10-16T09:22:28+08:00 ] ::1 /Public/html/css/bootstrap.min.css.map
ERR: 无法加载控制器:Html

[ 2018-10-16T09:22:46+08:00 ] ::1 /Public/html/css/bootstrap.min.css.map
ERR: 无法加载控制器:Html

[ 2018-10-16T09:24:06+08:00 ] ::1 /Public/html/css/bootstrap.min.css.map
ERR: 无法加载控制器:Html

[ 2018-10-16T09:24:10+08:00 ] ::1 /Public/html/css/bootstrap.min.css.map
ERR: 无法加载控制器:Html

[ 2018-10-16T09:24:15+08:00 ] ::1 /Public/html/css/bootstrap.min.css.map
ERR: 无法加载控制器:Html

[ 2018-10-16T09:24:17+08:00 ] ::1 /Public/html/css/bootstrap.min.css.map
ERR: 无法加载控制器:Html

[ 2018-10-16T09:24:19+08:00 ] ::1 /Public/html/css/bootstrap.min.css.map
ERR: 无法加载控制器:Html

[ 2018-10-16T09:24:23+08:00 ] ::1 /Public/html/css/bootstrap.min.css.map
ERR: 无法加载控制器:Html

[ 2018-10-16T09:26:44+08:00 ] ::1 /Public/html/css/bootstrap.min.css.map
ERR: 无法加载控制器:Html

[ 2018-10-16T09:27:02+08:00 ] ::1 /Public/html/css/bootstrap.min.css.map
ERR: 无法加载控制器:Html

[ 2018-10-16T09:42:40+08:00 ] ::1 /Public/html/css/bootstrap.min.css.map
ERR: 无法加载控制器:Html

[ 2018-10-16T09:45:57+08:00 ] ::1 /Public/html/css/bootstrap.min.css.map
ERR: 无法加载控制器:Html

[ 2018-10-16T09:46:24+08:00 ] ::1 /Public/html/css/bootstrap.min.css.map
ERR: 无法加载控制器:Html

[ 2018-10-16T09:49:23+08:00 ] ::1 /Public/html/css/bootstrap.min.css.map
ERR: 无法加载控制器:Html

[ 2018-10-16T09:49:56+08:00 ] ::1 /Public/html/css/bootstrap.min.css.map
ERR: 无法加载控制器:Html

[ 2018-10-16T09:50:35+08:00 ] ::1 /Public/html/css/bootstrap.min.css.map
ERR: 无法加载控制器:Html

[ 2018-10-16T10:06:51+08:00 ] ::1 /Public/html/css/bootstrap.min.css.map
ERR: 无法加载控制器:Html

[ 2018-10-16T10:06:57+08:00 ] ::1 /Public/html/css/bootstrap.min.css.map
ERR: 无法加载控制器:Html

[ 2018-10-16T10:07:09+08:00 ] ::1 /Public/html/css/bootstrap.min.css.map
ERR: 无法加载控制器:Html

[ 2018-10-16T10:07:24+08:00 ] ::1 /Public/html/css/bootstrap.min.css.map
ERR: 无法加载控制器:Html

[ 2018-10-16T10:12:33+08:00 ] ::1 /Public/html/css/bootstrap.min.css.map
ERR: 无法加载控制器:Html

[ 2018-10-16T10:15:07+08:00 ] ::1 /Public/html/css/bootstrap.min.css.map
ERR: 无法加载控制器:Html

[ 2018-10-16T10:15:45+08:00 ] ::1 /Public/html/css/bootstrap.min.css.map
ERR: 无法加载控制器:Html

[ 2018-10-16T10:16:49+08:00 ] ::1 /Public/html/css/bootstrap.min.css.map
ERR: 无法加载控制器:Html

[ 2018-10-16T10:17:01+08:00 ] ::1 /Public/html/css/bootstrap.min.css.map
ERR: 无法加载控制器:Html

[ 2018-10-16T10:17:31+08:00 ] ::1 /Public/html/css/bootstrap.min.css.map
ERR: 无法加载控制器:Html

[ 2018-10-16T10:17:54+08:00 ] ::1 /Public/html/css/bootstrap.min.css.map
ERR: 无法加载控制器:Html

[ 2018-10-16T10:20:34+08:00 ] ::1 /Public/html/css/bootstrap.min.css.map
ERR: 无法加载控制器:Html

[ 2018-10-16T10:22:05+08:00 ] ::1 /Public/html/css/bootstrap.min.css.map
ERR: 无法加载控制器:Html

[ 2018-10-16T10:22:32+08:00 ] ::1 /Public/html/css/bootstrap.min.css.map
ERR: 无法加载控制器:Html

[ 2018-10-16T10:22:39+08:00 ] ::1 /Public/html/css/bootstrap.min.css.map
ERR: 无法加载控制器:Html

[ 2018-10-16T10:24:34+08:00 ] ::1 /Public/html/css/bootstrap.min.css.map
ERR: 无法加载控制器:Html

[ 2018-10-16T10:26:14+08:00 ] ::1 /Public/html/css/bootstrap.min.css.map
ERR: 无法加载控制器:Html

[ 2018-10-16T10:26:27+08:00 ] ::1 /Public/html/css/bootstrap.min.css.map
ERR: 无法加载控制器:Html

[ 2018-10-16T10:27:35+08:00 ] ::1 /Public/html/css/bootstrap.min.css.map
ERR: 无法加载控制器:Html

[ 2018-10-16T10:27:45+08:00 ] ::1 /Public/html/css/bootstrap.min.css.map
ERR: 无法加载控制器:Html

[ 2018-10-16T10:27:59+08:00 ] ::1 /Public/html/css/bootstrap.min.css.map
ERR: 无法加载控制器:Html

[ 2018-10-16T10:28:33+08:00 ] ::1 /Public/html/css/bootstrap.min.css.map
ERR: 无法加载控制器:Html

[ 2018-10-16T10:28:42+08:00 ] ::1 /Public/html/css/bootstrap.min.css.map
ERR: 无法加载控制器:Html

[ 2018-10-16T10:29:01+08:00 ] ::1 /Public/html/css/bootstrap.min.css.map
ERR: 无法加载控制器:Html

[ 2018-10-16T10:31:47+08:00 ] ::1 /Public/html/css/bootstrap.min.css.map
ERR: 无法加载控制器:Html

[ 2018-10-16T10:33:56+08:00 ] ::1 /Public/html/css/bootstrap.min.css.map
ERR: 无法加载控制器:Html

[ 2018-10-16T10:34:12+08:00 ] ::1 /Public/html/css/bootstrap.min.css.map
ERR: 无法加载控制器:Html

[ 2018-10-16T10:34:38+08:00 ] ::1 /Public/html/css/bootstrap.min.css.map
ERR: 无法加载控制器:Html

[ 2018-10-16T10:36:23+08:00 ] ::1 /Public/html/css/bootstrap.min.css.map
ERR: 无法加载控制器:Html

[ 2018-10-16T10:36:41+08:00 ] ::1 /Public/html/css/bootstrap.min.css.map
ERR: 无法加载控制器:Html

[ 2018-10-16T10:37:17+08:00 ] ::1 /Public/html/css/bootstrap.min.css.map
ERR: 无法加载控制器:Html

[ 2018-10-16T10:37:54+08:00 ] ::1 /Public/html/css/bootstrap.min.css.map
ERR: 无法加载控制器:Html

[ 2018-10-16T10:38:30+08:00 ] ::1 /Public/html/css/bootstrap.min.css.map
ERR: 无法加载控制器:Html

[ 2018-10-16T10:40:00+08:00 ] ::1 /Public/html/css/bootstrap.min.css.map
ERR: 无法加载控制器:Html

[ 2018-10-16T10:40:16+08:00 ] ::1 /Public/html/css/bootstrap.min.css.map
ERR: 无法加载控制器:Html

[ 2018-10-16T10:40:37+08:00 ] ::1 /Public/html/css/bootstrap.min.css.map
ERR: 无法加载控制器:Html

[ 2018-10-16T10:49:00+08:00 ] ::1 /Public/html/css/bootstrap.min.css.map
ERR: 无法加载控制器:Html

[ 2018-10-16T10:54:15+08:00 ] ::1 /Public/html/css/bootstrap.min.css.map
ERR: 无法加载控制器:Html

[ 2018-10-16T11:16:36+08:00 ] ::1 /Public/Upload/excel/%E5%94%AE%E5%90%8E%E7%AE%A1%E7%90%86_20181016.xlsx
ERR: 无法加载控制器:Upload

[ 2018-10-16T11:17:54+08:00 ] ::1 /Public/html/css/bootstrap.min.css.map
ERR: 无法加载控制器:Html

[ 2018-10-16T11:19:12+08:00 ] ::1 /Public/html/css/bootstrap.min.css.map
ERR: 无法加载控制器:Html

[ 2018-10-16T11:20:28+08:00 ] ::1 /Public/html/css/bootstrap.min.css.map
ERR: 无法加载控制器:Html

[ 2018-10-16T11:20:31+08:00 ] ::1 /Public/html/css/bootstrap.min.css.map
ERR: 无法加载控制器:Html

[ 2018-10-16T11:20:42+08:00 ] ::1 /Public/html/css/bootstrap.min.css.map
ERR: 无法加载控制器:Html

[ 2018-10-16T11:25:06+08:00 ] ::1 /Public/html/css/bootstrap.min.css.map
ERR: 无法加载控制器:Html

[ 2018-10-16T11:26:56+08:00 ] ::1 /Public/html/css/bootstrap.min.css.map
ERR: 无法加载控制器:Html

[ 2018-10-16T11:27:29+08:00 ] ::1 /Public/html/css/bootstrap.min.css.map
ERR: 无法加载控制器:Html

[ 2018-10-16T11:28:38+08:00 ] ::1 /Public/html/css/bootstrap.min.css.map
ERR: 无法加载控制器:Html

[ 2018-10-16T11:28:38+08:00 ] ::1 /Public/html/css/bootstrap.min.css.map
ERR: 无法加载控制器:Html

[ 2018-10-16T11:28:38+08:00 ] ::1 /Public/html/css/bootstrap.min.css.map
ERR: 无法加载控制器:Html

[ 2018-10-16T11:28:39+08:00 ] ::1 /Public/html/css/bootstrap.min.css.map
ERR: 无法加载控制器:Html

[ 2018-10-16T11:28:39+08:00 ] ::1 /Public/html/css/bootstrap.min.css.map
ERR: 无法加载控制器:Html

[ 2018-10-16T11:28:39+08:00 ] ::1 /Public/html/css/bootstrap.min.css.map
ERR: 无法加载控制器:Html

[ 2018-10-16T11:32:30+08:00 ] ::1 /Public/html/css/bootstrap.min.css.map
ERR: 无法加载控制器:Html

[ 2018-10-16T11:33:27+08:00 ] ::1 /Public/html/css/bootstrap.min.css.map
ERR: 无法加载控制器:Html

[ 2018-10-16T11:33:56+08:00 ] ::1 /Public/html/css/bootstrap.min.css.map
ERR: 无法加载控制器:Html

[ 2018-10-16T11:34:17+08:00 ] ::1 /Public/html/css/bootstrap.min.css.map
ERR: 无法加载控制器:Html

[ 2018-10-16T11:34:37+08:00 ] ::1 /Public/html/css/bootstrap.min.css.map
ERR: 无法加载控制器:Html

[ 2018-10-16T11:34:37+08:00 ] ::1 /Public/html/css/bootstrap.min.css.map
ERR: 无法加载控制器:Html

[ 2018-10-16T11:34:37+08:00 ] ::1 /Public/html/css/bootstrap.min.css.map
ERR: 无法加载控制器:Html

[ 2018-10-16T11:34:37+08:00 ] ::1 /Public/html/css/bootstrap.min.css.map
ERR: 无法加载控制器:Html

[ 2018-10-16T11:34:37+08:00 ] ::1 /Public/html/css/bootstrap.min.css.map
ERR: 无法加载控制器:Html

[ 2018-10-16T11:34:39+08:00 ] ::1 /Public/html/css/bootstrap.min.css.map
ERR: 无法加载控制器:Html

[ 2018-10-16T11:34:39+08:00 ] ::1 /Public/html/css/bootstrap.min.css.map
ERR: 无法加载控制器:Html

[ 2018-10-16T11:34:39+08:00 ] ::1 /Public/html/css/bootstrap.min.css.map
ERR: 无法加载控制器:Html

[ 2018-10-16T11:34:40+08:00 ] ::1 /Public/html/css/bootstrap.min.css.map
ERR: 无法加载控制器:Html

[ 2018-10-16T11:34:40+08:00 ] ::1 /Public/html/css/bootstrap.min.css.map
ERR: 无法加载控制器:Html

[ 2018-10-16T11:34:40+08:00 ] ::1 /Public/html/css/bootstrap.min.css.map
ERR: 无法加载控制器:Html

[ 2018-10-16T11:34:42+08:00 ] ::1 /Public/html/css/bootstrap.min.css.map
ERR: 无法加载控制器:Html

[ 2018-10-16T11:34:42+08:00 ] ::1 /Public/html/css/bootstrap.min.css.map
ERR: 无法加载控制器:Html

[ 2018-10-16T11:34:42+08:00 ] ::1 /Public/html/css/bootstrap.min.css.map
ERR: 无法加载控制器:Html

[ 2018-10-16T11:34:43+08:00 ] ::1 /Public/html/css/bootstrap.min.css.map
ERR: 无法加载控制器:Html

[ 2018-10-16T11:34:43+08:00 ] ::1 /Public/html/css/bootstrap.min.css.map
ERR: 无法加载控制器:Html

[ 2018-10-16T11:34:43+08:00 ] ::1 /Public/html/css/bootstrap.min.css.map
ERR: 无法加载控制器:Html

[ 2018-10-16T11:34:43+08:00 ] ::1 /Public/html/css/bootstrap.min.css.map
ERR: 无法加载控制器:Html

[ 2018-10-16T11:34:44+08:00 ] ::1 /Public/html/css/bootstrap.min.css.map
ERR: 无法加载控制器:Html

[ 2018-10-16T11:34:44+08:00 ] ::1 /Public/html/css/bootstrap.min.css.map
ERR: 无法加载控制器:Html

[ 2018-10-16T11:34:45+08:00 ] ::1 /Public/html/css/bootstrap.min.css.map
ERR: 无法加载控制器:Html

[ 2018-10-16T11:34:45+08:00 ] ::1 /Public/html/css/bootstrap.min.css.map
ERR: 无法加载控制器:Html

[ 2018-10-16T11:34:45+08:00 ] ::1 /Public/html/css/bootstrap.min.css.map
ERR: 无法加载控制器:Html

[ 2018-10-16T11:34:45+08:00 ] ::1 /Public/html/css/bootstrap.min.css.map
ERR: 无法加载控制器:Html

[ 2018-10-16T11:34:48+08:00 ] ::1 /Public/html/css/bootstrap.min.css.map
ERR: 无法加载控制器:Html

[ 2018-10-16T11:34:48+08:00 ] ::1 /Public/html/css/bootstrap.min.css.map
ERR: 无法加载控制器:Html

[ 2018-10-16T11:34:48+08:00 ] ::1 /Public/html/css/bootstrap.min.css.map
ERR: 无法加载控制器:Html

[ 2018-10-16T11:34:49+08:00 ] ::1 /Public/html/css/bootstrap.min.css.map
ERR: 无法加载控制器:Html

[ 2018-10-16T11:34:49+08:00 ] ::1 /Public/html/css/bootstrap.min.css.map
ERR: 无法加载控制器:Html

[ 2018-10-16T11:34:49+08:00 ] ::1 /Public/html/css/bootstrap.min.css.map
ERR: 无法加载控制器:Html

[ 2018-10-16T11:35:02+08:00 ] ::1 /Public/html/css/bootstrap.min.css.map
ERR: 无法加载控制器:Html

[ 2018-10-16T11:35:02+08:00 ] ::1 /Public/html/css/bootstrap.min.css.map
ERR: 无法加载控制器:Html

[ 2018-10-16T11:35:02+08:00 ] ::1 /Public/html/css/bootstrap.min.css.map
ERR: 无法加载控制器:Html

[ 2018-10-16T11:35:03+08:00 ] ::1 /Public/html/css/bootstrap.min.css.map
ERR: 无法加载控制器:Html

[ 2018-10-16T11:35:03+08:00 ] ::1 /Public/html/css/bootstrap.min.css.map
ERR: 无法加载控制器:Html

[ 2018-10-16T11:35:03+08:00 ] ::1 /Public/html/css/bootstrap.min.css.map
ERR: 无法加载控制器:Html

[ 2018-10-16T11:35:05+08:00 ] ::1 /Public/html/css/bootstrap.min.css.map
ERR: 无法加载控制器:Html

[ 2018-10-16T11:35:05+08:00 ] ::1 /Public/html/css/bootstrap.min.css.map
ERR: 无法加载控制器:Html

[ 2018-10-16T11:35:05+08:00 ] ::1 /Public/html/css/bootstrap.min.css.map
ERR: 无法加载控制器:Html

[ 2018-10-16T11:35:06+08:00 ] ::1 /Public/html/css/bootstrap.min.css.map
ERR: 无法加载控制器:Html

[ 2018-10-16T11:35:06+08:00 ] ::1 /Public/html/css/bootstrap.min.css.map
ERR: 无法加载控制器:Html

[ 2018-10-16T11:35:06+08:00 ] ::1 /Public/html/css/bootstrap.min.css.map
ERR: 无法加载控制器:Html

[ 2018-10-16T11:35:08+08:00 ] ::1 /Public/html/css/bootstrap.min.css.map
ERR: 无法加载控制器:Html

[ 2018-10-16T11:35:08+08:00 ] ::1 /Public/html/css/bootstrap.min.css.map
ERR: 无法加载控制器:Html

[ 2018-10-16T11:35:08+08:00 ] ::1 /Public/html/css/bootstrap.min.css.map
ERR: 无法加载控制器:Html

[ 2018-10-16T11:35:08+08:00 ] ::1 /Public/html/css/bootstrap.min.css.map
ERR: 无法加载控制器:Html

[ 2018-10-16T11:35:08+08:00 ] ::1 /Public/html/css/bootstrap.min.css.map
ERR: 无法加载控制器:Html

[ 2018-10-16T11:35:08+08:00 ] ::1 /Public/html/css/bootstrap.min.css.map
ERR: 无法加载控制器:Html

[ 2018-10-16T11:35:08+08:00 ] ::1 /Public/html/css/bootstrap.min.css.map
ERR: 无法加载控制器:Html

[ 2018-10-16T11:35:58+08:00 ] ::1 /Public/html/css/bootstrap.min.css.map
ERR: 无法加载控制器:Html

[ 2018-10-16T11:37:14+08:00 ] ::1 /Public/html/css/bootstrap.min.css.map
ERR: 无法加载控制器:Html

[ 2018-10-16T11:37:44+08:00 ] ::1 /Public/html/css/bootstrap.min.css.map
ERR: 无法加载控制器:Html

[ 2018-10-16T11:37:56+08:00 ] ::1 /Public/html/css/bootstrap.min.css.map
ERR: 无法加载控制器:Html

[ 2018-10-16T11:38:14+08:00 ] ::1 /Public/html/css/bootstrap.min.css.map
ERR: 无法加载控制器:Html

[ 2018-10-16T11:38:14+08:00 ] ::1 /Public/html/css/bootstrap.min.css.map
ERR: 无法加载控制器:Html

[ 2018-10-16T11:38:14+08:00 ] ::1 /Public/html/css/bootstrap.min.css.map
ERR: 无法加载控制器:Html

[ 2018-10-16T11:38:15+08:00 ] ::1 /Public/html/css/bootstrap.min.css.map
ERR: 无法加载控制器:Html

[ 2018-10-16T11:38:15+08:00 ] ::1 /Public/html/css/bootstrap.min.css.map
ERR: 无法加载控制器:Html

[ 2018-10-16T11:38:15+08:00 ] ::1 /Public/html/css/bootstrap.min.css.map
ERR: 无法加载控制器:Html

[ 2018-10-16T11:38:17+08:00 ] ::1 /Public/html/css/bootstrap.min.css.map
ERR: 无法加载控制器:Html

[ 2018-10-16T11:38:17+08:00 ] ::1 /Public/html/css/bootstrap.min.css.map
ERR: 无法加载控制器:Html

[ 2018-10-16T11:38:17+08:00 ] ::1 /Public/html/css/bootstrap.min.css.map
ERR: 无法加载控制器:Html

[ 2018-10-16T11:38:18+08:00 ] ::1 /Public/html/css/bootstrap.min.css.map
ERR: 无法加载控制器:Html

[ 2018-10-16T11:38:18+08:00 ] ::1 /Public/html/css/bootstrap.min.css.map
ERR: 无法加载控制器:Html

[ 2018-10-16T11:38:18+08:00 ] ::1 /Public/html/css/bootstrap.min.css.map
ERR: 无法加载控制器:Html

[ 2018-10-16T11:38:18+08:00 ] ::1 /Public/html/css/bootstrap.min.css.map
ERR: 无法加载控制器:Html

[ 2018-10-16T11:38:18+08:00 ] ::1 /Public/html/css/bootstrap.min.css.map
ERR: 无法加载控制器:Html

[ 2018-10-16T11:38:18+08:00 ] ::1 /Public/html/css/bootstrap.min.css.map
ERR: 无法加载控制器:Html

[ 2018-10-16T11:38:19+08:00 ] ::1 /Public/html/css/bootstrap.min.css.map
ERR: 无法加载控制器:Html

[ 2018-10-16T11:38:19+08:00 ] ::1 /Public/html/css/bootstrap.min.css.map
ERR: 无法加载控制器:Html

[ 2018-10-16T11:38:19+08:00 ] ::1 /Public/html/css/bootstrap.min.css.map
ERR: 无法加载控制器:Html

[ 2018-10-16T11:38:19+08:00 ] ::1 /Public/html/css/bootstrap.min.css.map
ERR: 无法加载控制器:Html

[ 2018-10-16T11:38:19+08:00 ] ::1 /Public/html/css/bootstrap.min.css.map
ERR: 无法加载控制器:Html

[ 2018-10-16T11:38:19+08:00 ] ::1 /Public/html/css/bootstrap.min.css.map
ERR: 无法加载控制器:Html

[ 2018-10-16T11:38:24+08:00 ] ::1 /Public/html/css/bootstrap.min.css.map
ERR: 无法加载控制器:Html

[ 2018-10-16T11:38:24+08:00 ] ::1 /Public/html/css/bootstrap.min.css.map
ERR: 无法加载控制器:Html

[ 2018-10-16T11:38:24+08:00 ] ::1 /Public/html/css/bootstrap.min.css.map
ERR: 无法加载控制器:Html

[ 2018-10-16T11:38:25+08:00 ] ::1 /Public/html/css/bootstrap.min.css.map
ERR: 无法加载控制器:Html

[ 2018-10-16T11:38:25+08:00 ] ::1 /Public/html/css/bootstrap.min.css.map
ERR: 无法加载控制器:Html

[ 2018-10-16T11:38:25+08:00 ] ::1 /Public/html/css/bootstrap.min.css.map
ERR: 无法加载控制器:Html

[ 2018-10-16T11:38:25+08:00 ] ::1 /Public/html/css/bootstrap.min.css.map
ERR: 无法加载控制器:Html

[ 2018-10-16T11:38:30+08:00 ] ::1 /Public/html/css/bootstrap.min.css.map
ERR: 无法加载控制器:Html

[ 2018-10-16T11:38:30+08:00 ] ::1 /Public/html/css/bootstrap.min.css.map
ERR: 无法加载控制器:Html

[ 2018-10-16T11:38:30+08:00 ] ::1 /Public/html/css/bootstrap.min.css.map
ERR: 无法加载控制器:Html

[ 2018-10-16T11:38:31+08:00 ] ::1 /Public/html/css/bootstrap.min.css.map
ERR: 无法加载控制器:Html

[ 2018-10-16T11:38:31+08:00 ] ::1 /Public/html/css/bootstrap.min.css.map
ERR: 无法加载控制器:Html

[ 2018-10-16T11:38:31+08:00 ] ::1 /Public/html/css/bootstrap.min.css.map
ERR: 无法加载控制器:Html

[ 2018-10-16T11:38:31+08:00 ] ::1 /Public/html/css/bootstrap.min.css.map
ERR: 无法加载控制器:Html

[ 2018-10-16T11:38:32+08:00 ] ::1 /Public/html/css/bootstrap.min.css.map
ERR: 无法加载控制器:Html

[ 2018-10-16T11:38:32+08:00 ] ::1 /Public/html/css/bootstrap.min.css.map
ERR: 无法加载控制器:Html

[ 2018-10-16T11:38:32+08:00 ] ::1 /Public/html/css/bootstrap.min.css.map
ERR: 无法加载控制器:Html

[ 2018-10-16T11:38:32+08:00 ] ::1 /Public/html/css/bootstrap.min.css.map
ERR: 无法加载控制器:Html

[ 2018-10-16T11:38:32+08:00 ] ::1 /Public/html/css/bootstrap.min.css.map
ERR: 无法加载控制器:Html

[ 2018-10-16T11:38:32+08:00 ] ::1 /Public/html/css/bootstrap.min.css.map
ERR: 无法加载控制器:Html

[ 2018-10-16T11:38:41+08:00 ] ::1 /Public/html/css/bootstrap.min.css.map
ERR: 无法加载控制器:Html

[ 2018-10-16T11:38:41+08:00 ] ::1 /Public/html/css/bootstrap.min.css.map
ERR: 无法加载控制器:Html

[ 2018-10-16T11:38:41+08:00 ] ::1 /Public/html/css/bootstrap.min.css.map
ERR: 无法加载控制器:Html

[ 2018-10-16T11:38:41+08:00 ] ::1 /Public/html/css/bootstrap.min.css.map
ERR: 无法加载控制器:Html

[ 2018-10-16T11:38:41+08:00 ] ::1 /Public/html/css/bootstrap.min.css.map
ERR: 无法加载控制器:Html

[ 2018-10-16T11:38:42+08:00 ] ::1 /Public/html/css/bootstrap.min.css.map
ERR: 无法加载控制器:Html

[ 2018-10-16T11:38:42+08:00 ] ::1 /Public/html/css/bootstrap.min.css.map
ERR: 无法加载控制器:Html

[ 2018-10-16T11:38:42+08:00 ] ::1 /Public/html/css/bootstrap.min.css.map
ERR: 无法加载控制器:Html

[ 2018-10-16T11:40:03+08:00 ] ::1 /Public/html/css/bootstrap.min.css.map
ERR: 无法加载控制器:Html

[ 2018-10-16T11:40:52+08:00 ] ::1 /Public/html/css/bootstrap.min.css.map
ERR: 无法加载控制器:Html

[ 2018-10-16T11:42:14+08:00 ] ::1 /Public/html/css/bootstrap.min.css.map
ERR: 无法加载控制器:Html

[ 2018-10-16T11:42:38+08:00 ] ::1 /Public/html/css/bootstrap.min.css.map
ERR: 无法加载控制器:Html

[ 2018-10-16T11:45:39+08:00 ] ::1 /Public/html/css/bootstrap.min.css.map
ERR: 无法加载控制器:Html

[ 2018-10-16T11:45:50+08:00 ] ::1 /Public/html/css/bootstrap.min.css.map
ERR: 无法加载控制器:Html

[ 2018-10-16T11:45:51+08:00 ] ::1 /Public/html/css/bootstrap.min.css.map
ERR: 无法加载控制器:Html

[ 2018-10-16T11:59:24+08:00 ] ::1 /Public/Upload/excel/%E4%BA%8C%E6%AC%A1%E8%BF%94%E4%BF%AE_20181016.xlsx
ERR: 无法加载控制器:Upload

[ 2018-10-16T12:00:21+08:00 ] ::1 /Public/html/css/bootstrap.min.css.map
ERR: 无法加载控制器:Html

[ 2018-10-16T12:01:00+08:00 ] ::1 /Public/html/css/bootstrap.min.css.map
ERR: 无法加载控制器:Html

[ 2018-10-16T12:01:15+08:00 ] ::1 /Public/html/css/bootstrap.min.css.map
ERR: 无法加载控制器:Html

[ 2018-10-16T12:02:03+08:00 ] ::1 /Public/html/css/bootstrap.min.css.map
ERR: 无法加载控制器:Html

[ 2018-10-16T13:34:27+08:00 ] ::1 /Public/html/css/bootstrap.min.css.map
ERR: 无法加载控制器:Html

[ 2018-10-16T13:34:46+08:00 ] ::1 /Public/html/css/bootstrap.min.css.map
ERR: 无法加载控制器:Html

[ 2018-10-16T13:34:50+08:00 ] ::1 /Public/html/css/bootstrap.min.css.map
ERR: 无法加载控制器:Html

[ 2018-10-16T16:05:08+08:00 ] ::1 /Public/html/css/bootstrap.min.css.map
ERR: 无法加载控制器:Html

[ 2018-10-16T16:05:10+08:00 ] ::1 /Public/html/css/bootstrap.min.css.map
ERR: 无法加载控制器:Html

[ 2018-10-16T16:05:24+08:00 ] ::1 /Public/html/css/bootstrap.min.css.map
ERR: 无法加载控制器:Html

[ 2018-10-16T16:07:45+08:00 ] ::1 /Public/html/css/bootstrap.min.css.map
ERR: 无法加载控制器:Html

[ 2018-10-16T16:09:14+08:00 ] ::1 /Public/html/css/bootstrap.min.css.map
ERR: 无法加载控制器:Html

[ 2018-10-16T16:27:24+08:00 ] ::1 /Public/html/css/bootstrap.min.css.map
ERR: 无法加载控制器:Html

[ 2018-10-16T16:27:27+08:00 ] ::1 /Public/html/css/bootstrap.min.css.map
ERR: 无法加载控制器:Html

[ 2018-10-16T16:27:32+08:00 ] ::1 /Public/html/css/bootstrap.min.css.map
ERR: 无法加载控制器:Html

[ 2018-10-16T16:27:33+08:00 ] ::1 /Public/html/css/bootstrap.min.css.map
ERR: 无法加载控制器:Html

[ 2018-10-16T16:27:37+08:00 ] ::1 /Public/html/css/bootstrap.min.css.map
ERR: 无法加载控制器:Html

[ 2018-10-16T16:36:31+08:00 ] ::1 /Public/html/css/bootstrap.min.css.map
ERR: 无法加载控制器:Html

[ 2018-10-16T16:36:47+08:00 ] ::1 /Public/html/css/bootstrap.min.css.map
ERR: 无法加载控制器:Html

[ 2018-10-16T16:36:54+08:00 ] ::1 /Public/html/css/bootstrap.min.css.map
ERR: 无法加载控制器:Html

[ 2018-10-16T16:37:14+08:00 ] ::1 /Public/html/css/bootstrap.min.css.map
ERR: 无法加载控制器:Html

[ 2018-10-16T16:41:06+08:00 ] ::1 /Public/html/css/bootstrap.min.css.map
ERR: 无法加载控制器:Html

[ 2018-10-16T16:41:36+08:00 ] ::1 /Public/html/css/bootstrap.min.css.map
ERR: 无法加载控制器:Html

[ 2018-10-16T16:42:18+08:00 ] ::1 /Public/html/css/bootstrap.min.css.map
ERR: 无法加载控制器:Html

[ 2018-10-16T16:42:27+08:00 ] ::1 /Public/html/css/bootstrap.min.css.map
ERR: 无法加载控制器:Html

[ 2018-10-16T16:43:35+08:00 ] ::1 /Public/html/css/bootstrap.min.css.map
ERR: 无法加载控制器:Html

[ 2018-10-16T16:44:25+08:00 ] ::1 /Public/html/css/bootstrap.min.css.map
ERR: 无法加载控制器:Html

[ 2018-10-16T16:45:27+08:00 ] ::1 /Public/html/css/bootstrap.min.css.map
ERR: 无法加载控制器:Html

[ 2018-10-16T17:00:19+08:00 ] ::1 /Public/html/css/bootstrap.min.css.map
ERR: 无法加载控制器:Html

[ 2018-10-16T17:01:59+08:00 ] ::1 /Public/html/css/bootstrap.min.css.map
ERR: 无法加载控制器:Html

[ 2018-10-16T17:02:02+08:00 ] ::1 /Public/html/css/bootstrap.min.css.map
ERR: 无法加载控制器:Html

[ 2018-10-16T17:21:28+08:00 ] ::1 /Public/html/css/bootstrap.min.css.map
ERR: 无法加载控制器:Html

[ 2018-10-16T17:26:36+08:00 ] ::1 /Public/html/css/bootstrap.min.css.map
ERR: 无法加载控制器:Html

[ 2018-10-16T17:28:45+08:00 ] ::1 /Public/html/css/bootstrap.min.css.map
ERR: 无法加载控制器:Html

[ 2018-10-16T17:30:11+08:00 ] ::1 /Public/html/css/bootstrap.min.css.map
ERR: 无法加载控制器:Html

[ 2018-10-16T17:30:13+08:00 ] ::1 /Public/html/css/bootstrap.min.css.map
ERR: 无法加载控制器:Html

[ 2018-10-16T17:37:20+08:00 ] ::1 /Public/html/css/bootstrap.min.css.map
ERR: 无法加载控制器:Html

[ 2018-10-16T19:04:45+08:00 ] ::1 /Public/html/css/bootstrap.min.css.map
ERR: 无法加载控制器:Html

[ 2018-10-16T19:05:12+08:00 ] ::1 /Public/html/css/bootstrap.min.css.map
ERR: 无法加载控制器:Html

[ 2018-10-16T19:06:04+08:00 ] ::1 /Public/html/css/bootstrap.min.css.map
ERR: 无法加载控制器:Html

[ 2018-10-16T19:13:12+08:00 ] ::1 /Public/html/css/bootstrap.min.css.map
ERR: 无法加载控制器:Html

[ 2018-10-16T19:13:20+08:00 ] ::1 /Public/html/css/bootstrap.min.css.map
ERR: 无法加载控制器:Html

[ 2018-10-16T19:13:23+08:00 ] ::1 /Public/html/css/bootstrap.min.css.map
ERR: 无法加载控制器:Html

[ 2018-10-16T19:17:50+08:00 ] ::1 /Public/html/css/bootstrap.min.css.map
ERR: 无法加载控制器:Html

[ 2018-10-16T19:18:46+08:00 ] ::1 /Public/html/css/bootstrap.min.css.map
ERR: 无法加载控制器:Html

[ 2018-10-16T19:18:47+08:00 ] ::1 /Public/html/css/bootstrap.min.css.map
ERR: 无法加载控制器:Html

[ 2018-10-16T19:18:49+08:00 ] ::1 /Public/html/css/bootstrap.min.css.map
ERR: 无法加载控制器:Html

[ 2018-10-16T19:18:50+08:00 ] ::1 /Public/html/css/bootstrap.min.css.map
ERR: 无法加载控制器:Html

[ 2018-10-16T19:18:51+08:00 ] ::1 /Public/html/css/bootstrap.min.css.map
ERR: 无法加载控制器:Html

[ 2018-10-16T19:18:55+08:00 ] ::1 /Public/html/css/bootstrap.min.css.map
ERR: 无法加载控制器:Html

[ 2018-10-16T19:18:56+08:00 ] ::1 /Public/html/css/bootstrap.min.css.map
ERR: 无法加载控制器:Html

[ 2018-10-16T19:19:06+08:00 ] ::1 /Public/html/css/bootstrap.min.css.map
ERR: 无法加载控制器:Html

[ 2018-10-16T19:19:08+08:00 ] ::1 /Public/html/css/bootstrap.min.css.map
ERR: 无法加载控制器:Html

[ 2018-10-16T19:19:10+08:00 ] ::1 /Public/html/css/bootstrap.min.css.map
ERR: 无法加载控制器:Html

[ 2018-10-16T19:19:16+08:00 ] ::1 /Public/html/css/bootstrap.min.css.map
ERR: 无法加载控制器:Html

[ 2018-10-16T19:19:22+08:00 ] ::1 /Public/html/css/bootstrap.min.css.map
ERR: 无法加载控制器:Html

[ 2018-10-16T19:19:22+08:00 ] ::1 /Public/html/css/bootstrap.min.css.map
ERR: 无法加载控制器:Html

[ 2018-10-16T19:19:27+08:00 ] ::1 /Public/html/css/bootstrap.min.css.map
ERR: 无法加载控制器:Html

[ 2018-10-16T19:22:42+08:00 ] ::1 /Public/html/css/bootstrap.min.css.map
ERR: 无法加载控制器:Html

[ 2018-10-16T19:22:45+08:00 ] ::1 /Public/html/css/bootstrap.min.css.map
ERR: 无法加载控制器:Html

[ 2018-10-16T19:26:37+08:00 ] ::1 /Public/html/css/bootstrap.min.css.map
ERR: 无法加载控制器:Html

[ 2018-10-16T19:27:19+08:00 ] ::1 /Public/html/css/bootstrap.min.css.map
ERR: 无法加载控制器:Html

[ 2018-10-16T19:28:36+08:00 ] ::1 /Public/html/css/bootstrap.min.css.map
ERR: 无法加载控制器:Html

[ 2018-10-16T19:44:42+08:00 ] ::1 /Public/html/css/bootstrap.min.css.map
ERR: 无法加载控制器:Html

[ 2018-10-16T19:45:03+08:00 ] ::1 /Public/html/css/bootstrap.min.css.map
ERR: 无法加载控制器:Html

[ 2018-10-16T19:45:56+08:00 ] ::1 /Public/html/css/bootstrap.min.css.map
ERR: 无法加载控制器:Html

[ 2018-10-16T19:46:40+08:00 ] ::1 /Public/html/css/bootstrap.min.css.map
ERR: 无法加载控制器:Html

[ 2018-10-16T19:47:12+08:00 ] ::1 /Public/html/css/bootstrap.min.css.map
ERR: 无法加载控制器:Html

[ 2018-10-16T19:47:33+08:00 ] ::1 /Public/html/css/bootstrap.min.css.map
ERR: 无法加载控制器:Html

[ 2018-10-16T19:48:32+08:00 ] ::1 /Public/html/css/bootstrap.min.css.map
ERR: 无法加载控制器:Html

[ 2018-10-16T19:50:57+08:00 ] ::1 /Public/html/css/bootstrap.min.css.map
ERR: 无法加载控制器:Html

[ 2018-10-16T20:11:01+08:00 ] ::1 /Public/html/css/bootstrap.min.css.map
ERR: 无法加载控制器:Html

[ 2018-10-16T20:13:47+08:00 ] ::1 /Public/html/css/bootstrap.min.css.map
ERR: 无法加载控制器:Html

[ 2018-10-16T20:16:32+08:00 ] ::1 /Public/html/css/bootstrap.min.css.map
ERR: 无法加载控制器:Html

[ 2018-10-16T20:18:01+08:00 ] ::1 /Public/html/css/bootstrap.min.css.map
ERR: 无法加载控制器:Html

[ 2018-10-16T20:19:47+08:00 ] ::1 /Public/html/css/bootstrap.min.css.map
ERR: 无法加载控制器:Html

[ 2018-10-16T20:23:32+08:00 ] ::1 /Public/html/css/bootstrap.min.css.map
ERR: 无法加载控制器:Html

[ 2018-10-16T20:24:07+08:00 ] ::1 /Public/html/css/bootstrap.min.css.map
ERR: 无法加载控制器:Html

[ 2018-10-16T20:24:32+08:00 ] ::1 /Public/html/css/bootstrap.min.css.map
ERR: 无法加载控制器:Html

[ 2018-10-16T20:25:42+08:00 ] ::1 /Public/html/css/bootstrap.min.css.map
ERR: 无法加载控制器:Html

[ 2018-10-16T20:28:11+08:00 ] ::1 /Public/html/css/bootstrap.min.css.map
ERR: 无法加载控制器:Html

[ 2018-10-16T20:29:22+08:00 ] ::1 /Public/html/css/bootstrap.min.css.map
ERR: 无法加载控制器:Html

[ 2018-10-16T20:30:02+08:00 ] ::1 /Public/html/css/bootstrap.min.css.map
ERR: 无法加载控制器:Html

[ 2018-10-16T20:32:46+08:00 ] ::1 /Public/html/css/bootstrap.min.css.map
ERR: 无法加载控制器:Html

[ 2018-10-16T20:34:15+08:00 ] ::1 /Public/html/css/bootstrap.min.css.map
ERR: 无法加载控制器:Html

[ 2018-10-16T20:34:54+08:00 ] ::1 /Public/html/css/bootstrap.min.css.map
ERR: 无法加载控制器:Html

[ 2018-10-16T20:35:59+08:00 ] ::1 /Public/html/css/bootstrap.min.css.map
ERR: 无法加载控制器:Html

